2025-02-14 12:05:07,085 - INFO - 成功加载中文NLP模型
2025-02-14 12:05:07,239 - INFO - Neo4j数据库连接成功！
2025-02-14 12:05:07,277 - DEBUG - 创建Neo4j唯一性约束成功
2025-02-14 12:05:07,390 - DEBUG - 处理节点: 那些焦虑的人 应该停下来 问问自己 在崩流不息的浪潮中...
2025-02-14 12:05:07,392 - DEBUG - 
正在从文本中提取实体，文本长度：27
2025-02-14 12:05:07,432 - DEBUG - 发现实体：崩流不息 (类型: GPE)
2025-02-14 12:05:07,434 - DEBUG - 总共识别到 1 个唯一实体
2025-02-14 12:05:07,443 - DEBUG - 
分析文本的依存关系：那些焦虑的人 应该停下来 问问自己 在崩流不息的浪潮中
2025-02-14 12:05:07,443 - DEBUG - 发现关系：停 -nsubj-> 人
2025-02-14 12:05:07,443 - DEBUG - 发现关系：问问 -dobj-> 自己
2025-02-14 12:05:08,155 - INFO - 已处理 1/110 个知识点 | 实体: 1 | 关系: 2
2025-02-14 12:05:08,157 - DEBUG - 处理节点: 究竟生出何地 有人行走电风 有人随波逐流 也有人终流积水...
2025-02-14 12:05:08,157 - DEBUG - 
正在从文本中提取实体，文本长度：28
2025-02-14 12:05:08,167 - DEBUG - 总共识别到 0 个唯一实体
2025-02-14 12:05:08,177 - DEBUG - 
分析文本的依存关系：究竟生出何地 有人行走电风 有人随波逐流 也有人终流积水
2025-02-14 12:05:08,177 - DEBUG - 发现关系：有人 -nsubj-> 电风
2025-02-14 12:05:08,238 - DEBUG - 处理节点: 成为地主 地主不是平庸 是共识的自信 是时间的积实 是让我们 灯有力量...
2025-02-14 12:05:08,238 - DEBUG - 
正在从文本中提取实体，文本长度：35
2025-02-14 12:05:08,249 - DEBUG - 总共识别到 0 个唯一实体
2025-02-14 12:05:08,259 - DEBUG - 
分析文本的依存关系：成为地主 地主不是平庸 是共识的自信 是时间的积实 是让我们 灯有力量
2025-02-14 12:05:08,260 - DEBUG - 发现关系：成为 -dobj-> 地主
2025-02-14 12:05:08,260 - DEBUG - 发现关系：积实 -nsubj-> 自信
2025-02-14 12:05:08,260 - DEBUG - 发现关系：让 -nsubj-> 积实
2025-02-14 12:05:08,260 - DEBUG - 发现关系：让 -dobj-> 灯
2025-02-14 12:05:08,260 - DEBUG - 发现关系：有 -dobj-> 力量
2025-02-14 12:05:08,430 - DEBUG - 处理节点: 他们说 我们都是普通人 不是战士 也不是斗神 可是 当恒亚来临...
2025-02-14 12:05:08,430 - DEBUG - 
正在从文本中提取实体，文本长度：31
2025-02-14 12:05:08,440 - DEBUG - 总共识别到 0 个唯一实体
2025-02-14 12:05:08,449 - DEBUG - 
分析文本的依存关系：他们说 我们都是普通人 不是战士 也不是斗神 可是 当恒亚来临
2025-02-14 12:05:08,449 - DEBUG - 发现关系：说 -nsubj-> 他们
2025-02-14 12:05:08,449 - DEBUG - 发现关系：普通人 -nsubj-> 我们
2025-02-14 12:05:08,449 - DEBUG - 发现关系：斗神 -nsubj-> 普通人
2025-02-14 12:05:08,449 - DEBUG - 发现关系：斗神 -nsubj-> 战士
2025-02-14 12:05:08,449 - DEBUG - 发现关系：来临 -nsubj-> 恒亚
2025-02-14 12:05:08,610 - DEBUG - 处理节点: 没有人特有独善其身 不能独自担忧 不能独自恐惧 于是 我们和未知斗争...
2025-02-14 12:05:08,610 - DEBUG - 
正在从文本中提取实体，文本长度：34
2025-02-14 12:05:08,621 - DEBUG - 总共识别到 0 个唯一实体
2025-02-14 12:05:08,630 - DEBUG - 
分析文本的依存关系：没有人特有独善其身 不能独自担忧 不能独自恐惧 于是 我们和未知斗争
2025-02-14 12:05:08,630 - DEBUG - 发现关系：特有 -nsubj-> 人
2025-02-14 12:05:08,685 - INFO - 已处理 5/110 个知识点 | 实体: 1 | 关系: 14
2025-02-14 12:05:08,687 - DEBUG - 处理节点: 我们和自私斗争 我们和谣言 与歧视斗争 最重要的 是此刻 我们被靠地...
2025-02-14 12:05:08,687 - DEBUG - 
正在从文本中提取实体，文本长度：34
2025-02-14 12:05:08,699 - DEBUG - 总共识别到 0 个唯一实体
2025-02-14 12:05:08,713 - DEBUG - 
分析文本的依存关系：我们和自私斗争 我们和谣言 与歧视斗争 最重要的 是此刻 我们被靠地
2025-02-14 12:05:08,713 - DEBUG - 发现关系：斗争 -nsubj-> 我们
2025-02-14 12:05:08,714 - DEBUG - 发现关系：重要 -nsubj-> 斗争
2025-02-14 12:05:08,714 - DEBUG - 发现关系：靠 -nsubj-> 重要
2025-02-14 12:05:08,808 - DEBUG - 处理节点: 在一起 这是一个普通人的 绝地反击 也是一个民族 从黑暗到光明的 未大变成...
2025-02-14 12:05:08,809 - DEBUG - 
正在从文本中提取实体，文本长度：37
2025-02-14 12:05:08,822 - DEBUG - 总共识别到 0 个唯一实体
2025-02-14 12:05:08,832 - DEBUG - 
分析文本的依存关系：在一起 这是一个普通人的 绝地反击 也是一个民族 从黑暗到光明的 未大变成
2025-02-14 12:05:08,832 - DEBUG - 发现关系：民族 -nsubj-> 反击
2025-02-14 12:05:08,897 - DEBUG - 处理节点: 所谓地主 是内心的相信 相信时代 相信自己 相信 成就更好的 力量...
2025-02-14 12:05:08,898 - DEBUG - 
正在从文本中提取实体，文本长度：33
2025-02-14 12:05:08,908 - DEBUG - 总共识别到 0 个唯一实体
2025-02-14 12:05:08,917 - DEBUG - 
分析文本的依存关系：所谓地主 是内心的相信 相信时代 相信自己 相信 成就更好的 力量
2025-02-14 12:05:08,917 - DEBUG - 发现关系：相信 -nsubj-> 地主
2025-02-14 12:05:08,917 - DEBUG - 发现关系：相信 -nsubj-> 时代
2025-02-14 12:05:08,917 - DEBUG - 发现关系：相信 -nsubj-> 自己
2025-02-14 12:05:08,917 - DEBUG - 发现关系：好的 -nsubj-> 成就
2025-02-14 12:05:09,023 - DEBUG - 处理节点: 他们说 何必是冒险 人生 还有很多险子 我见过 海拔8000米不壮力 我经历过...
2025-02-14 12:05:09,024 - DEBUG - 
正在从文本中提取实体，文本长度：39
2025-02-14 12:05:09,035 - DEBUG - 发现实体：8000米 (类型: QUANTITY)
2025-02-14 12:05:09,035 - DEBUG - 总共识别到 1 个唯一实体
2025-02-14 12:05:09,045 - DEBUG - 
分析文本的依存关系：他们说 何必是冒险 人生 还有很多险子 我见过 海拔8000米不壮力 我经历过
2025-02-14 12:05:09,045 - DEBUG - 发现关系：说 -nsubj-> 他们
2025-02-14 12:05:09,046 - DEBUG - 发现关系：还有 -nsubj-> 人生
2025-02-14 12:05:09,046 - DEBUG - 发现关系：还有 -dobj-> 险子
2025-02-14 12:05:09,046 - DEBUG - 发现关系：见 -nsubj-> 我
2025-02-14 12:05:09,046 - DEBUG - 发现关系：壮力 -nsubj-> 8000
2025-02-14 12:05:09,046 - DEBUG - 发现关系：经历 -nsubj-> 我
2025-02-14 12:05:09,193 - DEBUG - 处理节点: 极力的延安风险 我也在 灯底成功后 痛苦流气 我更见过 生命的描写 人性的伟大...
2025-02-14 12:05:09,193 - DEBUG - 
正在从文本中提取实体，文本长度：39
2025-02-14 12:05:09,205 - DEBUG - 发现实体：延安 (类型: GPE)
2025-02-14 12:05:09,205 - DEBUG - 总共识别到 1 个唯一实体
2025-02-14 12:05:09,215 - DEBUG - 
分析文本的依存关系：极力的延安风险 我也在 灯底成功后 痛苦流气 我更见过 生命的描写 人性的伟大
2025-02-14 12:05:09,216 - DEBUG - 发现关系：见 -nsubj-> 我
2025-02-14 12:05:09,216 - DEBUG - 发现关系：成功 -nsubj-> 灯底
2025-02-14 12:05:09,217 - DEBUG - 发现关系：见 -nsubj-> 我
2025-02-14 12:05:09,217 - DEBUG - 发现关系：见 -dobj-> 人性
2025-02-14 12:05:09,311 - INFO - 已处理 10/110 个知识点 | 实体: 3 | 关系: 32
2025-02-14 12:05:09,313 - DEBUG - 处理节点: 于是这样 我一任而生命 一阵息 平静的时光 世间所有的险头 都不是为了去征服...
2025-02-14 12:05:09,314 - DEBUG - 
正在从文本中提取实体，文本长度：38
2025-02-14 12:05:09,328 - DEBUG - 总共识别到 0 个唯一实体
2025-02-14 12:05:09,344 - DEBUG - 
分析文本的依存关系：于是这样 我一任而生命 一阵息 平静的时光 世间所有的险头 都不是为了去征服
2025-02-14 12:05:09,344 - DEBUG - 发现关系：平静 -nsubj-> 我
2025-02-14 12:05:09,345 - DEBUG - 发现关系：平静 -nsubj-> 生命
2025-02-14 12:05:09,345 - DEBUG - 发现关系：平静 -nsubj-> 息
2025-02-14 12:05:09,345 - DEBUG - 发现关系：不是 -nsubj-> 险头
2025-02-14 12:05:09,458 - DEBUG - 处理节点: 而是为了去享受征服 所谓地主 去内心的热爱 热爱生命 热爱时间...
2025-02-14 12:05:09,459 - DEBUG - 
正在从文本中提取实体，文本长度：31
2025-02-14 12:05:09,470 - DEBUG - 总共识别到 0 个唯一实体
2025-02-14 12:05:09,480 - DEBUG - 
分析文本的依存关系：而是为了去享受征服 所谓地主 去内心的热爱 热爱生命 热爱时间
2025-02-14 12:05:09,481 - DEBUG - 发现关系：征服 -dobj-> 地主
2025-02-14 12:05:09,481 - DEBUG - 发现关系：去 -dobj-> 热爱
2025-02-14 12:05:09,481 - DEBUG - 发现关系：热爱 -nsubj-> 生命
2025-02-14 12:05:09,481 - DEBUG - 发现关系：享受 -dobj-> 时间
2025-02-14 12:05:09,611 - DEBUG - 处理节点: 热爱内心 真致的力量 他们说 能到周年 不要一想推他 但于现状...
2025-02-14 12:05:09,612 - DEBUG - 
正在从文本中提取实体，文本长度：31
2025-02-14 12:05:09,624 - DEBUG - 总共识别到 0 个唯一实体
2025-02-14 12:05:09,634 - DEBUG - 
分析文本的依存关系：热爱内心 真致的力量 他们说 能到周年 不要一想推他 但于现状
2025-02-14 12:05:09,634 - DEBUG - 发现关系：热爱 -dobj-> 真致
2025-02-14 12:05:09,635 - DEBUG - 发现关系：说 -nsubj-> 他们
2025-02-14 12:05:09,635 - DEBUG - 发现关系：想 -nsubj-> 周年
2025-02-14 12:05:09,635 - DEBUG - 发现关系：推 -dobj-> 现状
2025-02-14 12:05:09,752 - DEBUG - 处理节点: 能到不是对生命的屋服 对去年少时的复杂 今天的梦想 不是先衣怒完 而是内心的堵定...
2025-02-14 12:05:09,752 - DEBUG - 
正在从文本中提取实体，文本长度：40
2025-02-14 12:05:09,767 - DEBUG - 发现实体：去年 (类型: DATE)
2025-02-14 12:05:09,767 - DEBUG - 发现实体：今天 (类型: DATE)
2025-02-14 12:05:09,767 - DEBUG - 总共识别到 2 个唯一实体
2025-02-14 12:05:09,781 - DEBUG - 
分析文本的依存关系：能到不是对生命的屋服 对去年少时的复杂 今天的梦想 不是先衣怒完 而是内心的堵定
2025-02-14 12:05:09,781 - DEBUG - 发现共现关系：去年 -相关-> 今天
2025-02-14 12:05:09,887 - DEBUG - 处理节点: 从容 向我震撼 与伟大 平凡的个体 才能凝聚出 不凡...
2025-02-14 12:05:09,887 - DEBUG - 
正在从文本中提取实体，文本长度：26
2025-02-14 12:05:09,900 - DEBUG - 总共识别到 0 个唯一实体
2025-02-14 12:05:09,911 - DEBUG - 
分析文本的依存关系：从容 向我震撼 与伟大 平凡的个体 才能凝聚出 不凡
2025-02-14 12:05:09,936 - INFO - 已处理 15/110 个知识点 | 实体: 5 | 关系: 45
2025-02-14 12:05:09,937 - DEBUG - 处理节点: 你生活 熟写日新类意 你时间雕刻内心耻度 一如所有更云者 的城市住入彭博力量 创造更多可能...
2025-02-14 12:05:09,938 - DEBUG - 
正在从文本中提取实体，文本长度：45
2025-02-14 12:05:09,953 - DEBUG - 发现实体：日 (类型: GPE)
2025-02-14 12:05:09,954 - DEBUG - 发现实体：彭 (类型: PERSON)
2025-02-14 12:05:09,954 - DEBUG - 总共识别到 2 个唯一实体
2025-02-14 12:05:09,969 - DEBUG - 
分析文本的依存关系：你生活 熟写日新类意 你时间雕刻内心耻度 一如所有更云者 的城市住入彭博力量 创造更多可能
2025-02-14 12:05:09,969 - DEBUG - 发现关系：生活 -nsubj-> 你
2025-02-14 12:05:09,969 - DEBUG - 发现关系：写 -dobj-> 类意
2025-02-14 12:05:09,969 - DEBUG - 发现关系：云者 -nsubj-> 耻度
2025-02-14 12:05:09,970 - DEBUG - 发现关系：创造 -nsubj-> 博力量
2025-02-14 12:05:09,970 - DEBUG - 发现关系：创造 -dobj-> 可能
2025-02-14 12:05:09,970 - DEBUG - 发现共现关系：日 -相关-> 彭
2025-02-14 12:05:10,135 - DEBUG - 处理节点: 所谓地主 是内心的坚定 坚定 坚定细绵 坚定绝泽 坚定持织以恒的力量 主要贯歇...
2025-02-14 12:05:10,136 - DEBUG - 
正在从文本中提取实体，文本长度：39
2025-02-14 12:05:10,151 - DEBUG - 总共识别到 0 个唯一实体
2025-02-14 12:05:10,162 - DEBUG - 
分析文本的依存关系：所谓地主 是内心的坚定 坚定 坚定细绵 坚定绝泽 坚定持织以恒的力量 主要贯歇
2025-02-14 12:05:10,162 - DEBUG - 发现关系：细绵 -nsubj-> 地主
2025-02-14 12:05:10,163 - DEBUG - 发现关系：细绵 -dobj-> 绝泽
2025-02-14 12:05:10,163 - DEBUG - 发现关系：贯歇 -nsubj-> 力量
2025-02-14 12:05:10,250 - DEBUG - 处理节点: 属于终于 在奔留不惜的绑槽中 我们或许一辈子 都不曾登上了一幅 我们可能进了全力...
2025-02-14 12:05:10,251 - DEBUG - 
正在从文本中提取实体，文本长度：40
2025-02-14 12:05:10,262 - DEBUG - 总共识别到 0 个唯一实体
2025-02-14 12:05:10,273 - DEBUG - 
分析文本的依存关系：属于终于 在奔留不惜的绑槽中 我们或许一辈子 都不曾登上了一幅 我们可能进了全力
2025-02-14 12:05:10,273 - DEBUG - 发现关系：属于 -dobj-> 绑槽
2025-02-14 12:05:10,273 - DEBUG - 发现关系：登上 -nsubj-> 我们
2025-02-14 12:05:10,273 - DEBUG - 发现关系：进 -nsubj-> 我们
2025-02-14 12:05:10,364 - DEBUG - 处理节点: 也赶不上上潮 但是 每个人 都是司机的顶重 都是一例舞蹈中间...
2025-02-14 12:05:10,365 - DEBUG - 
正在从文本中提取实体，文本长度：30
2025-02-14 12:05:10,379 - DEBUG - 总共识别到 0 个唯一实体
2025-02-14 12:05:10,389 - DEBUG - 
分析文本的依存关系：也赶不上上潮 但是 每个人 都是司机的顶重 都是一例舞蹈中间
2025-02-14 12:05:10,390 - DEBUG - 发现关系：赶 -dobj-> 上潮
2025-02-14 12:05:10,390 - DEBUG - 发现关系：顶重 -nsubj-> 人
