2025-02-16 10:09:47,464 - INFO - 成功加载中文NLP模型
2025-02-16 10:09:49,657 - ERROR - Neo4j连接尝试 1/3 失败: Cannot open connection to ConnectionProfile('bolt://localhost:7687')
2025-02-16 10:09:53,702 - ERROR - Neo4j连接尝试 2/3 失败: Cannot open connection to ConnectionProfile('bolt://localhost:7687')
2025-02-16 10:09:57,752 - ERROR - Neo4j连接尝试 3/3 失败: Cannot open connection to ConnectionProfile('bolt://localhost:7687')
2025-02-16 10:09:57,753 - ERROR - Neo4j连接失败，已达到最大重试次数
2025-02-16 10:09:57,859 - DEBUG - 处理节点: 那些焦虑的人 应该停下来 问问自己 在崩流不息的浪潮中...
2025-02-16 10:09:57,861 - DEBUG - 
正在从文本中提取实体，文本长度：27
2025-02-16 10:09:57,898 - DEBUG - 发现实体：崩流不息 (类型: GPE)
2025-02-16 10:09:57,900 - DEBUG - 总共识别到 1 个唯一实体
2025-02-16 10:09:57,908 - DEBUG - 
分析文本的依存关系：那些焦虑的人 应该停下来 问问自己 在崩流不息的浪潮中
2025-02-16 10:09:57,909 - DEBUG - 发现关系：停 -nsubj-> 人
2025-02-16 10:09:57,909 - DEBUG - 发现关系：问问 -dobj-> 自己
2025-02-16 10:09:57,973 - ERROR - Neo4j操作失败 (尝试 1/3): 'NoneType' object has no attribute 'merge'
2025-02-16 10:09:59,485 - ERROR - Neo4j操作失败 (尝试 2/3): 'NoneType' object has no attribute 'merge'
2025-02-16 10:10:02,497 - ERROR - Neo4j操作失败 (尝试 3/3): 'NoneType' object has no attribute 'merge'
2025-02-16 10:10:02,497 - ERROR - \u274c 达到最大重试次数，节点创建失败
2025-02-16 10:10:02,499 - DEBUG - 处理节点: 究竟生出何地 有人行走电风 有人随波逐流 也有人终流积水...
2025-02-16 10:10:02,499 - DEBUG - 
正在从文本中提取实体，文本长度：28
2025-02-16 10:10:02,506 - DEBUG - 总共识别到 0 个唯一实体
2025-02-16 10:10:02,511 - DEBUG - 
分析文本的依存关系：究竟生出何地 有人行走电风 有人随波逐流 也有人终流积水
2025-02-16 10:10:02,511 - DEBUG - 发现关系：有人 -nsubj-> 电风
2025-02-16 10:10:02,527 - ERROR - Neo4j操作失败 (尝试 1/3): 'NoneType' object has no attribute 'merge'
2025-02-16 10:10:04,039 - ERROR - Neo4j操作失败 (尝试 2/3): 'NoneType' object has no attribute 'merge'
2025-02-16 10:10:07,051 - ERROR - Neo4j操作失败 (尝试 3/3): 'NoneType' object has no attribute 'merge'
2025-02-16 10:10:07,051 - ERROR - \u274c 达到最大重试次数，节点创建失败
2025-02-16 10:10:07,052 - DEBUG - 处理节点: 成为地主 地主不是平庸 是共识的自信 是时间的积实 是让我们 灯有力量...
2025-02-16 10:10:07,053 - DEBUG - 
正在从文本中提取实体，文本长度：35
2025-02-16 10:10:07,061 - DEBUG - 总共识别到 0 个唯一实体
2025-02-16 10:10:07,071 - DEBUG - 
分析文本的依存关系：成为地主 地主不是平庸 是共识的自信 是时间的积实 是让我们 灯有力量
2025-02-16 10:10:07,071 - DEBUG - 发现关系：成为 -dobj-> 地主
2025-02-16 10:10:07,072 - DEBUG - 发现关系：积实 -nsubj-> 自信
2025-02-16 10:10:07,072 - DEBUG - 发现关系：让 -nsubj-> 积实
2025-02-16 10:10:07,072 - DEBUG - 发现关系：让 -dobj-> 灯
2025-02-16 10:10:07,072 - DEBUG - 发现关系：有 -dobj-> 力量
2025-02-16 10:10:07,119 - ERROR - Neo4j操作失败 (尝试 1/3): 'NoneType' object has no attribute 'merge'
2025-02-16 10:10:08,621 - ERROR - Neo4j操作失败 (尝试 2/3): 'NoneType' object has no attribute 'merge'
2025-02-16 10:10:11,629 - ERROR - Neo4j操作失败 (尝试 3/3): 'NoneType' object has no attribute 'merge'
2025-02-16 10:10:11,629 - ERROR - \u274c 达到最大重试次数，节点创建失败
2025-02-16 10:10:11,630 - DEBUG - 处理节点: 他们说 我们都是普通人 不是战士 也不是斗神 可是 当恒亚来临...
2025-02-16 10:10:11,631 - DEBUG - 
正在从文本中提取实体，文本长度：31
2025-02-16 10:10:11,640 - DEBUG - 总共识别到 0 个唯一实体
2025-02-16 10:10:11,648 - DEBUG - 
分析文本的依存关系：他们说 我们都是普通人 不是战士 也不是斗神 可是 当恒亚来临
2025-02-16 10:10:11,648 - DEBUG - 发现关系：说 -nsubj-> 他们
2025-02-16 10:10:11,648 - DEBUG - 发现关系：普通人 -nsubj-> 我们
2025-02-16 10:10:11,648 - DEBUG - 发现关系：斗神 -nsubj-> 普通人
2025-02-16 10:10:11,648 - DEBUG - 发现关系：斗神 -nsubj-> 战士
2025-02-16 10:10:11,648 - DEBUG - 发现关系：来临 -nsubj-> 恒亚
2025-02-16 10:10:11,672 - ERROR - Neo4j操作失败 (尝试 1/3): 'NoneType' object has no attribute 'merge'
2025-02-16 10:10:13,175 - ERROR - Neo4j操作失败 (尝试 2/3): 'NoneType' object has no attribute 'merge'
2025-02-16 10:10:16,188 - ERROR - Neo4j操作失败 (尝试 3/3): 'NoneType' object has no attribute 'merge'
2025-02-16 10:10:16,188 - ERROR - \u274c 达到最大重试次数，节点创建失败
2025-02-16 10:10:16,190 - DEBUG - 处理节点: 没有人特有独善其身 不能独自担忧 不能独自恐惧 于是 我们和未知斗争...
2025-02-16 10:10:16,190 - DEBUG - 
正在从文本中提取实体，文本长度：34
2025-02-16 10:10:16,198 - DEBUG - 总共识别到 0 个唯一实体
2025-02-16 10:10:16,205 - DEBUG - 
分析文本的依存关系：没有人特有独善其身 不能独自担忧 不能独自恐惧 于是 我们和未知斗争
2025-02-16 10:10:16,206 - DEBUG - 发现关系：特有 -nsubj-> 人
2025-02-16 10:10:16,223 - ERROR - Neo4j操作失败 (尝试 1/3): 'NoneType' object has no attribute 'merge'
2025-02-16 10:10:17,729 - ERROR - Neo4j操作失败 (尝试 2/3): 'NoneType' object has no attribute 'merge'
2025-02-16 10:10:20,742 - ERROR - Neo4j操作失败 (尝试 3/3): 'NoneType' object has no attribute 'merge'
2025-02-16 10:10:20,743 - ERROR - \u274c 达到最大重试次数，节点创建失败
2025-02-16 10:10:20,744 - DEBUG - 处理节点: 我们和自私斗争 我们和谣言 与歧视斗争 最重要的 是此刻 我们被靠地...
2025-02-16 10:10:20,744 - DEBUG - 
正在从文本中提取实体，文本长度：34
2025-02-16 10:10:20,753 - DEBUG - 总共识别到 0 个唯一实体
2025-02-16 10:10:20,759 - DEBUG - 
分析文本的依存关系：我们和自私斗争 我们和谣言 与歧视斗争 最重要的 是此刻 我们被靠地
2025-02-16 10:10:20,759 - DEBUG - 发现关系：斗争 -nsubj-> 我们
2025-02-16 10:10:20,760 - DEBUG - 发现关系：重要 -nsubj-> 斗争
2025-02-16 10:10:20,760 - DEBUG - 发现关系：靠 -nsubj-> 重要
2025-02-16 10:10:20,887 - ERROR - Neo4j操作失败 (尝试 1/3): 'NoneType' object has no attribute 'merge'
2025-02-16 10:10:22,395 - ERROR - Neo4j操作失败 (尝试 2/3): 'NoneType' object has no attribute 'merge'
2025-02-16 10:10:25,397 - ERROR - Neo4j操作失败 (尝试 3/3): 'NoneType' object has no attribute 'merge'
2025-02-16 10:10:25,397 - ERROR - \u274c 达到最大重试次数，节点创建失败
2025-02-16 10:10:25,399 - DEBUG - 处理节点: 在一起 这是一个普通人的 绝地反击 也是一个民族 从黑暗到光明的 未大变成...
2025-02-16 10:10:25,399 - DEBUG - 
正在从文本中提取实体，文本长度：37
2025-02-16 10:10:25,410 - DEBUG - 总共识别到 0 个唯一实体
2025-02-16 10:10:25,419 - DEBUG - 
分析文本的依存关系：在一起 这是一个普通人的 绝地反击 也是一个民族 从黑暗到光明的 未大变成
2025-02-16 10:10:25,419 - DEBUG - 发现关系：民族 -nsubj-> 反击
2025-02-16 10:10:25,501 - ERROR - Neo4j操作失败 (尝试 1/3): 'NoneType' object has no attribute 'merge'
2025-02-16 10:10:27,009 - ERROR - Neo4j操作失败 (尝试 2/3): 'NoneType' object has no attribute 'merge'
2025-02-16 10:10:30,023 - ERROR - Neo4j操作失败 (尝试 3/3): 'NoneType' object has no attribute 'merge'
2025-02-16 10:10:30,024 - ERROR - \u274c 达到最大重试次数，节点创建失败
2025-02-16 10:10:30,025 - DEBUG - 处理节点: 所谓地主 是内心的相信 相信时代 相信自己 相信 成就更好的 力量...
2025-02-16 10:10:30,025 - DEBUG - 
正在从文本中提取实体，文本长度：33
2025-02-16 10:10:30,034 - DEBUG - 总共识别到 0 个唯一实体
2025-02-16 10:10:30,041 - DEBUG - 
分析文本的依存关系：所谓地主 是内心的相信 相信时代 相信自己 相信 成就更好的 力量
2025-02-16 10:10:30,041 - DEBUG - 发现关系：相信 -nsubj-> 地主
2025-02-16 10:10:30,041 - DEBUG - 发现关系：相信 -nsubj-> 时代
2025-02-16 10:10:30,041 - DEBUG - 发现关系：相信 -nsubj-> 自己
2025-02-16 10:10:30,041 - DEBUG - 发现关系：好的 -nsubj-> 成就
2025-02-16 10:10:30,064 - ERROR - Neo4j操作失败 (尝试 1/3): 'NoneType' object has no attribute 'merge'
2025-02-16 10:10:31,573 - ERROR - Neo4j操作失败 (尝试 2/3): 'NoneType' object has no attribute 'merge'
2025-02-16 10:10:34,574 - ERROR - Neo4j操作失败 (尝试 3/3): 'NoneType' object has no attribute 'merge'
2025-02-16 10:10:34,575 - ERROR - \u274c 达到最大重试次数，节点创建失败
2025-02-16 10:10:34,576 - DEBUG - 处理节点: 他们说 何必是冒险 人生 还有很多险子 我见过 海拔8000米不壮力 我经历过...
2025-02-16 10:10:34,576 - DEBUG - 
正在从文本中提取实体，文本长度：39
2025-02-16 10:10:34,584 - DEBUG - 发现实体：8000米 (类型: QUANTITY)
2025-02-16 10:10:34,584 - DEBUG - 总共识别到 1 个唯一实体
2025-02-16 10:10:34,591 - DEBUG - 
分析文本的依存关系：他们说 何必是冒险 人生 还有很多险子 我见过 海拔8000米不壮力 我经历过
2025-02-16 10:10:34,591 - DEBUG - 发现关系：说 -nsubj-> 他们
2025-02-16 10:10:34,591 - DEBUG - 发现关系：还有 -nsubj-> 人生
2025-02-16 10:10:34,591 - DEBUG - 发现关系：还有 -dobj-> 险子
2025-02-16 10:10:34,591 - DEBUG - 发现关系：见 -nsubj-> 我
2025-02-16 10:10:34,591 - DEBUG - 发现关系：壮力 -nsubj-> 8000
2025-02-16 10:10:34,591 - DEBUG - 发现关系：经历 -nsubj-> 我
2025-02-16 10:10:34,613 - ERROR - Neo4j操作失败 (尝试 1/3): 'NoneType' object has no attribute 'merge'
2025-02-16 10:10:36,118 - ERROR - Neo4j操作失败 (尝试 2/3): 'NoneType' object has no attribute 'merge'
2025-02-16 10:10:39,134 - ERROR - Neo4j操作失败 (尝试 3/3): 'NoneType' object has no attribute 'merge'
2025-02-16 10:10:39,134 - ERROR - \u274c 达到最大重试次数，节点创建失败
2025-02-16 10:10:39,136 - DEBUG - 处理节点: 极力的延安风险 我也在 灯底成功后 痛苦流气 我更见过 生命的描写 人性的伟大...
2025-02-16 10:10:39,136 - DEBUG - 
正在从文本中提取实体，文本长度：39
2025-02-16 10:10:39,144 - DEBUG - 发现实体：延安 (类型: GPE)
2025-02-16 10:10:39,144 - DEBUG - 总共识别到 1 个唯一实体
2025-02-16 10:10:39,152 - DEBUG - 
分析文本的依存关系：极力的延安风险 我也在 灯底成功后 痛苦流气 我更见过 生命的描写 人性的伟大
2025-02-16 10:10:39,152 - DEBUG - 发现关系：见 -nsubj-> 我
2025-02-16 10:10:39,152 - DEBUG - 发现关系：成功 -nsubj-> 灯底
2025-02-16 10:10:39,153 - DEBUG - 发现关系：见 -nsubj-> 我
2025-02-16 10:10:39,153 - DEBUG - 发现关系：见 -dobj-> 人性
2025-02-16 10:10:39,258 - ERROR - Neo4j操作失败 (尝试 1/3): 'NoneType' object has no attribute 'merge'
2025-02-16 10:10:40,760 - ERROR - Neo4j操作失败 (尝试 2/3): 'NoneType' object has no attribute 'merge'
2025-02-16 10:10:43,772 - ERROR - Neo4j操作失败 (尝试 3/3): 'NoneType' object has no attribute 'merge'
2025-02-16 10:10:43,773 - ERROR - \u274c 达到最大重试次数，节点创建失败
2025-02-16 10:10:43,774 - DEBUG - 处理节点: 于是这样 我一任而生命 一阵息 平静的时光 时间所有的险头 都不是为了去征服...
2025-02-16 10:10:43,774 - DEBUG - 
正在从文本中提取实体，文本长度：38
2025-02-16 10:10:43,782 - DEBUG - 总共识别到 0 个唯一实体
2025-02-16 10:10:43,790 - DEBUG - 
分析文本的依存关系：于是这样 我一任而生命 一阵息 平静的时光 时间所有的险头 都不是为了去征服
2025-02-16 10:10:43,790 - DEBUG - 发现关系：平静 -nsubj-> 我
2025-02-16 10:10:43,790 - DEBUG - 发现关系：平静 -nsubj-> 生命
2025-02-16 10:10:43,790 - DEBUG - 发现关系：平静 -nsubj-> 息
2025-02-16 10:10:43,790 - DEBUG - 发现关系：不是 -nsubj-> 险头
2025-02-16 10:10:43,817 - ERROR - Neo4j操作失败 (尝试 1/3): 'NoneType' object has no attribute 'merge'
2025-02-16 10:10:45,333 - ERROR - Neo4j操作失败 (尝试 2/3): 'NoneType' object has no attribute 'merge'
2025-02-16 10:10:48,344 - ERROR - Neo4j操作失败 (尝试 3/3): 'NoneType' object has no attribute 'merge'
2025-02-16 10:10:48,344 - ERROR - \u274c 达到最大重试次数，节点创建失败
2025-02-16 10:10:48,345 - DEBUG - 处理节点: 而是为了去享受征服 所谓地主 去内心的热爱 热爱生命 热爱时间...
2025-02-16 10:10:48,346 - DEBUG - 
正在从文本中提取实体，文本长度：31
2025-02-16 10:10:48,355 - DEBUG - 总共识别到 0 个唯一实体
2025-02-16 10:10:48,362 - DEBUG - 
分析文本的依存关系：而是为了去享受征服 所谓地主 去内心的热爱 热爱生命 热爱时间
2025-02-16 10:10:48,362 - DEBUG - 发现关系：征服 -dobj-> 地主
2025-02-16 10:10:48,364 - DEBUG - 发现关系：去 -dobj-> 热爱
2025-02-16 10:10:48,364 - DEBUG - 发现关系：热爱 -nsubj-> 生命
2025-02-16 10:10:48,364 - DEBUG - 发现关系：享受 -dobj-> 时间
2025-02-16 10:10:48,383 - ERROR - Neo4j操作失败 (尝试 1/3): 'NoneType' object has no attribute 'merge'
2025-02-16 10:10:49,898 - ERROR - Neo4j操作失败 (尝试 2/3): 'NoneType' object has no attribute 'merge'
2025-02-16 10:10:52,904 - ERROR - Neo4j操作失败 (尝试 3/3): 'NoneType' object has no attribute 'merge'
2025-02-16 10:10:52,904 - ERROR - \u274c 达到最大重试次数，节点创建失败
2025-02-16 10:10:52,905 - DEBUG - 处理节点: 热爱内心 真致的力量 他们说 能到周年 不要一想推他 但于现状...
2025-02-16 10:10:52,906 - DEBUG - 
正在从文本中提取实体，文本长度：31
2025-02-16 10:10:52,913 - DEBUG - 总共识别到 0 个唯一实体
2025-02-16 10:10:52,920 - DEBUG - 
分析文本的依存关系：热爱内心 真致的力量 他们说 能到周年 不要一想推他 但于现状
2025-02-16 10:10:52,920 - DEBUG - 发现关系：热爱 -dobj-> 真致
2025-02-16 10:10:52,920 - DEBUG - 发现关系：说 -nsubj-> 他们
2025-02-16 10:10:52,920 - DEBUG - 发现关系：想 -nsubj-> 周年
2025-02-16 10:10:52,920 - DEBUG - 发现关系：推 -dobj-> 现状
2025-02-16 10:10:53,044 - ERROR - Neo4j操作失败 (尝试 1/3): 'NoneType' object has no attribute 'merge'
2025-02-16 10:10:54,556 - ERROR - Neo4j操作失败 (尝试 2/3): 'NoneType' object has no attribute 'merge'
2025-02-16 10:10:57,562 - ERROR - Neo4j操作失败 (尝试 3/3): 'NoneType' object has no attribute 'merge'
2025-02-16 10:10:57,563 - ERROR - \u274c 达到最大重试次数，节点创建失败
2025-02-16 10:10:57,564 - DEBUG - 处理节点: 能到不是对生命的屋服 对去年少时的复杂 今天的梦想 不是先衣怒完 而是内心的堵定...
2025-02-16 10:10:57,564 - DEBUG - 
正在从文本中提取实体，文本长度：40
2025-02-16 10:10:57,574 - DEBUG - 发现实体：去年 (类型: DATE)
2025-02-16 10:10:57,574 - DEBUG - 发现实体：今天 (类型: DATE)
2025-02-16 10:10:57,574 - DEBUG - 总共识别到 2 个唯一实体
2025-02-16 10:10:57,584 - DEBUG - 
分析文本的依存关系：能到不是对生命的屋服 对去年少时的复杂 今天的梦想 不是先衣怒完 而是内心的堵定
2025-02-16 10:10:57,585 - DEBUG - 发现共现关系：去年 -相关-> 今天
2025-02-16 10:10:57,612 - ERROR - Neo4j操作失败 (尝试 1/3): 'NoneType' object has no attribute 'merge'
2025-02-16 10:10:59,120 - ERROR - Neo4j操作失败 (尝试 2/3): 'NoneType' object has no attribute 'merge'
2025-02-16 10:11:02,131 - ERROR - Neo4j操作失败 (尝试 3/3): 'NoneType' object has no attribute 'merge'
2025-02-16 10:11:02,131 - ERROR - \u274c 达到最大重试次数，节点创建失败
2025-02-16 10:11:02,133 - DEBUG - 处理节点: 从容 向我震撼 与伟大 平凡的个体 才能凝聚出 无反...
2025-02-16 10:11:02,133 - DEBUG - 
正在从文本中提取实体，文本长度：26
2025-02-16 10:11:02,140 - DEBUG - 总共识别到 0 个唯一实体
2025-02-16 10:11:02,145 - DEBUG - 
分析文本的依存关系：从容 向我震撼 与伟大 平凡的个体 才能凝聚出 无反
2025-02-16 10:11:02,172 - ERROR - Neo4j操作失败 (尝试 1/3): 'NoneType' object has no attribute 'merge'
2025-02-16 10:11:03,688 - ERROR - Neo4j操作失败 (尝试 2/3): 'NoneType' object has no attribute 'merge'
2025-02-16 10:11:06,700 - ERROR - Neo4j操作失败 (尝试 3/3): 'NoneType' object has no attribute 'merge'
2025-02-16 10:11:06,700 - ERROR - \u274c 达到最大重试次数，节点创建失败
2025-02-16 10:11:06,702 - DEBUG - 处理节点: 你生活 熟写日新类意 你时间雕刻内心迟度 一如所有更云者 的城市住入彭博力量 创造更多可能...
2025-02-16 10:11:06,702 - DEBUG - 
正在从文本中提取实体，文本长度：45
2025-02-16 10:11:06,712 - DEBUG - 发现实体：日 (类型: GPE)
2025-02-16 10:11:06,712 - DEBUG - 发现实体：彭 (类型: PERSON)
2025-02-16 10:11:06,712 - DEBUG - 总共识别到 2 个唯一实体
2025-02-16 10:11:06,721 - DEBUG - 
分析文本的依存关系：你生活 熟写日新类意 你时间雕刻内心迟度 一如所有更云者 的城市住入彭博力量 创造更多可能
2025-02-16 10:11:06,721 - DEBUG - 发现关系：生活 -nsubj-> 你
2025-02-16 10:11:06,722 - DEBUG - 发现关系：写 -dobj-> 类意
2025-02-16 10:11:06,722 - DEBUG - 发现关系：雕刻 -dobj-> 迟度
2025-02-16 10:11:06,722 - DEBUG - 发现关系：创造 -nsubj-> 博力量
2025-02-16 10:11:06,722 - DEBUG - 发现关系：创造 -dobj-> 可能
2025-02-16 10:11:06,722 - DEBUG - 发现共现关系：日 -相关-> 彭
2025-02-16 10:11:06,744 - ERROR - Neo4j操作失败 (尝试 1/3): 'NoneType' object has no attribute 'merge'
2025-02-16 10:11:08,248 - ERROR - Neo4j操作失败 (尝试 2/3): 'NoneType' object has no attribute 'merge'
2025-02-16 10:11:11,261 - ERROR - Neo4j操作失败 (尝试 3/3): 'NoneType' object has no attribute 'merge'
2025-02-16 10:11:11,261 - ERROR - \u274c 达到最大重试次数，节点创建失败
2025-02-16 10:11:11,262 - DEBUG - 处理节点: 所谓地主 是内心的坚定 坚定细面 坚定绝则 坚定持织以恒的力量 主要贯歇...
2025-02-16 10:11:11,262 - DEBUG - 
正在从文本中提取实体，文本长度：36
2025-02-16 10:11:11,272 - DEBUG - 总共识别到 0 个唯一实体
2025-02-16 10:11:11,282 - DEBUG - 
分析文本的依存关系：所谓地主 是内心的坚定 坚定细面 坚定绝则 坚定持织以恒的力量 主要贯歇
2025-02-16 10:11:11,282 - DEBUG - 发现关系：坚定 -nsubj-> 地主
2025-02-16 10:11:11,282 - DEBUG - 发现关系：坚定 -nsubj-> 坚定
2025-02-16 10:11:11,282 - DEBUG - 发现关系：贯歇 -nsubj-> 力量
2025-02-16 10:11:11,306 - ERROR - Neo4j操作失败 (尝试 1/3): 'NoneType' object has no attribute 'merge'
2025-02-16 10:11:12,821 - ERROR - Neo4j操作失败 (尝试 2/3): 'NoneType' object has no attribute 'merge'
2025-02-16 10:11:15,823 - ERROR - Neo4j操作失败 (尝试 3/3): 'NoneType' object has no attribute 'merge'
2025-02-16 10:11:15,824 - ERROR - \u274c 达到最大重试次数，节点创建失败
2025-02-16 10:11:15,825 - DEBUG - 处理节点: 属于终于 在奔留不惜的绑槽中 我们或许一辈子 都不曾登上了一幅 我们可能进了全力...
2025-02-16 10:11:15,825 - DEBUG - 
正在从文本中提取实体，文本长度：40
2025-02-16 10:11:15,834 - DEBUG - 总共识别到 0 个唯一实体
2025-02-16 10:11:15,842 - DEBUG - 
分析文本的依存关系：属于终于 在奔留不惜的绑槽中 我们或许一辈子 都不曾登上了一幅 我们可能进了全力
2025-02-16 10:11:15,842 - DEBUG - 发现关系：属于 -dobj-> 绑槽
2025-02-16 10:11:15,842 - DEBUG - 发现关系：登上 -nsubj-> 我们
2025-02-16 10:11:15,842 - DEBUG - 发现关系：进 -nsubj-> 我们
2025-02-16 10:11:15,863 - ERROR - Neo4j操作失败 (尝试 1/3): 'NoneType' object has no attribute 'merge'
2025-02-16 10:11:17,365 - ERROR - Neo4j操作失败 (尝试 2/3): 'NoneType' object has no attribute 'merge'
2025-02-16 10:11:20,375 - ERROR - Neo4j操作失败 (尝试 3/3): 'NoneType' object has no attribute 'merge'
2025-02-16 10:11:20,376 - ERROR - \u274c 达到最大重试次数，节点创建失败
2025-02-16 10:11:20,377 - DEBUG - 处理节点: 也赶不上上朝 但是 每个人 都是司机的顶重 都是一例舞蹈中间...
2025-02-16 10:11:20,377 - DEBUG - 
正在从文本中提取实体，文本长度：30
2025-02-16 10:11:20,385 - DEBUG - 总共识别到 0 个唯一实体
2025-02-16 10:11:20,392 - DEBUG - 
分析文本的依存关系：也赶不上上朝 但是 每个人 都是司机的顶重 都是一例舞蹈中间
2025-02-16 10:11:20,392 - DEBUG - 发现关系：赶 -dobj-> 朝
2025-02-16 10:11:20,393 - DEBUG - 发现关系：顶重 -nsubj-> 人
2025-02-16 10:11:20,418 - ERROR - Neo4j操作失败 (尝试 1/3): 'NoneType' object has no attribute 'merge'
2025-02-16 10:11:21,933 - ERROR - Neo4j操作失败 (尝试 2/3): 'NoneType' object has no attribute 'merge'
2025-02-16 10:11:24,946 - ERROR - Neo4j操作失败 (尝试 3/3): 'NoneType' object has no attribute 'merge'
2025-02-16 10:11:24,946 - ERROR - \u274c 达到最大重试次数，节点创建失败
2025-02-16 10:20:10,785 - INFO - 成功加载中文NLP模型
2025-02-16 10:20:10,883 - INFO - Neo4j数据库连接成功！
2025-02-16 10:20:10,911 - DEBUG - 创建Neo4j唯一性约束成功
2025-02-16 10:20:11,003 - DEBUG - 处理节点: 那些焦虑的人 应该停下来 问问自己 在崩流不息的浪潮中...
2025-02-16 10:20:11,003 - DEBUG - 
正在从文本中提取实体，文本长度：27
2025-02-16 10:20:11,012 - DEBUG - 发现实体：崩流不息 (类型: GPE)
2025-02-16 10:20:11,014 - DEBUG - 总共识别到 1 个唯一实体
2025-02-16 10:20:11,022 - DEBUG - 
分析文本的依存关系：那些焦虑的人 应该停下来 问问自己 在崩流不息的浪潮中
2025-02-16 10:20:11,022 - DEBUG - 发现关系：停 -nsubj-> 人
2025-02-16 10:20:11,022 - DEBUG - 发现关系：问问 -dobj-> 自己
2025-02-16 10:20:11,596 - INFO - 已处理 1/110 个知识点 | 实体: 1 | 关系: 2
2025-02-16 10:20:11,597 - DEBUG - 处理节点: 究竟生出何地 有人行走电风 有人随波逐流 也有人终流积水...
2025-02-16 10:20:11,597 - DEBUG - 
正在从文本中提取实体，文本长度：28
2025-02-16 10:20:11,605 - DEBUG - 总共识别到 0 个唯一实体
2025-02-16 10:20:11,612 - DEBUG - 
分析文本的依存关系：究竟生出何地 有人行走电风 有人随波逐流 也有人终流积水
2025-02-16 10:20:11,612 - DEBUG - 发现关系：有人 -nsubj-> 电风
2025-02-16 10:20:11,659 - DEBUG - 处理节点: 成为地主 地主不是平庸 是共识的自信 是时间的积实 是让我们 灯有力量...
2025-02-16 10:20:11,660 - DEBUG - 
正在从文本中提取实体，文本长度：35
2025-02-16 10:20:11,670 - DEBUG - 总共识别到 0 个唯一实体
2025-02-16 10:20:11,680 - DEBUG - 
分析文本的依存关系：成为地主 地主不是平庸 是共识的自信 是时间的积实 是让我们 灯有力量
2025-02-16 10:20:11,680 - DEBUG - 发现关系：成为 -dobj-> 地主
2025-02-16 10:20:11,680 - DEBUG - 发现关系：积实 -nsubj-> 自信
2025-02-16 10:20:11,681 - DEBUG - 发现关系：让 -nsubj-> 积实
2025-02-16 10:20:11,681 - DEBUG - 发现关系：让 -dobj-> 灯
2025-02-16 10:20:11,681 - DEBUG - 发现关系：有 -dobj-> 力量
2025-02-16 10:20:11,836 - DEBUG - 处理节点: 他们说 我们都是普通人 不是战士 也不是斗神 可是 当恒亚来临...
2025-02-16 10:20:11,837 - DEBUG - 
正在从文本中提取实体，文本长度：31
2025-02-16 10:20:11,846 - DEBUG - 总共识别到 0 个唯一实体
2025-02-16 10:20:11,853 - DEBUG - 
分析文本的依存关系：他们说 我们都是普通人 不是战士 也不是斗神 可是 当恒亚来临
2025-02-16 10:20:11,853 - DEBUG - 发现关系：说 -nsubj-> 他们
2025-02-16 10:20:11,853 - DEBUG - 发现关系：普通人 -nsubj-> 我们
2025-02-16 10:20:11,853 - DEBUG - 发现关系：斗神 -nsubj-> 普通人
2025-02-16 10:20:11,853 - DEBUG - 发现关系：斗神 -nsubj-> 战士
2025-02-16 10:20:11,853 - DEBUG - 发现关系：来临 -nsubj-> 恒亚
2025-02-16 10:20:12,002 - DEBUG - 处理节点: 没有人特有独善其身 不能独自担忧 不能独自恐惧 于是 我们和未知斗争...
2025-02-16 10:20:12,002 - DEBUG - 
正在从文本中提取实体，文本长度：34
2025-02-16 10:20:12,012 - DEBUG - 总共识别到 0 个唯一实体
2025-02-16 10:20:12,023 - DEBUG - 
分析文本的依存关系：没有人特有独善其身 不能独自担忧 不能独自恐惧 于是 我们和未知斗争
2025-02-16 10:20:12,023 - DEBUG - 发现关系：特有 -nsubj-> 人
2025-02-16 10:20:12,067 - INFO - 已处理 5/110 个知识点 | 实体: 1 | 关系: 14
2025-02-16 10:20:12,068 - DEBUG - 处理节点: 我们和自私斗争 我们和谣言 与歧视斗争 最重要的 是此刻 我们被靠地...
2025-02-16 10:20:12,068 - DEBUG - 
正在从文本中提取实体，文本长度：34
2025-02-16 10:20:12,078 - DEBUG - 总共识别到 0 个唯一实体
2025-02-16 10:20:12,087 - DEBUG - 
分析文本的依存关系：我们和自私斗争 我们和谣言 与歧视斗争 最重要的 是此刻 我们被靠地
2025-02-16 10:20:12,087 - DEBUG - 发现关系：斗争 -nsubj-> 我们
2025-02-16 10:20:12,087 - DEBUG - 发现关系：重要 -nsubj-> 斗争
2025-02-16 10:20:12,087 - DEBUG - 发现关系：靠 -nsubj-> 重要
2025-02-16 10:20:12,181 - DEBUG - 处理节点: 在一起 这是一个普通人的 绝地反击 也是一个民族 从黑暗到光明的 未大变成...
2025-02-16 10:20:12,182 - DEBUG - 
正在从文本中提取实体，文本长度：37
2025-02-16 10:20:12,192 - DEBUG - 总共识别到 0 个唯一实体
2025-02-16 10:20:12,201 - DEBUG - 
分析文本的依存关系：在一起 这是一个普通人的 绝地反击 也是一个民族 从黑暗到光明的 未大变成
2025-02-16 10:20:12,202 - DEBUG - 发现关系：民族 -nsubj-> 反击
2025-02-16 10:20:12,246 - DEBUG - 处理节点: 所谓地主 是内心的相信 相信时代 相信自己 相信 成就更好的 力量...
2025-02-16 10:20:12,246 - DEBUG - 
正在从文本中提取实体，文本长度：33
2025-02-16 10:20:12,254 - DEBUG - 总共识别到 0 个唯一实体
2025-02-16 10:20:12,260 - DEBUG - 
分析文本的依存关系：所谓地主 是内心的相信 相信时代 相信自己 相信 成就更好的 力量
2025-02-16 10:20:12,260 - DEBUG - 发现关系：相信 -nsubj-> 地主
2025-02-16 10:20:12,261 - DEBUG - 发现关系：相信 -nsubj-> 时代
2025-02-16 10:20:12,261 - DEBUG - 发现关系：相信 -nsubj-> 自己
2025-02-16 10:20:12,261 - DEBUG - 发现关系：好的 -nsubj-> 成就
2025-02-16 10:20:12,357 - DEBUG - 处理节点: 他们说 何必是冒险 人生 还有很多险子 我见过 海拔8000米不壮力 我经历过...
2025-02-16 10:20:12,357 - DEBUG - 
正在从文本中提取实体，文本长度：39
2025-02-16 10:20:12,366 - DEBUG - 发现实体：8000米 (类型: QUANTITY)
2025-02-16 10:20:12,366 - DEBUG - 总共识别到 1 个唯一实体
2025-02-16 10:20:12,375 - DEBUG - 
分析文本的依存关系：他们说 何必是冒险 人生 还有很多险子 我见过 海拔8000米不壮力 我经历过
2025-02-16 10:20:12,375 - DEBUG - 发现关系：说 -nsubj-> 他们
2025-02-16 10:20:12,375 - DEBUG - 发现关系：还有 -nsubj-> 人生
2025-02-16 10:20:12,375 - DEBUG - 发现关系：还有 -dobj-> 险子
2025-02-16 10:20:12,375 - DEBUG - 发现关系：见 -nsubj-> 我
2025-02-16 10:20:12,375 - DEBUG - 发现关系：壮力 -nsubj-> 8000
2025-02-16 10:20:12,376 - DEBUG - 发现关系：经历 -nsubj-> 我
2025-02-16 10:20:12,509 - DEBUG - 处理节点: 极力的延安风险 我也在 灯底成功后 痛苦流气 我更见过 生命的描写 人性的伟大...
2025-02-16 10:20:12,509 - DEBUG - 
正在从文本中提取实体，文本长度：39
2025-02-16 10:20:12,519 - DEBUG - 发现实体：延安 (类型: GPE)
2025-02-16 10:20:12,519 - DEBUG - 总共识别到 1 个唯一实体
2025-02-16 10:20:12,529 - DEBUG - 
分析文本的依存关系：极力的延安风险 我也在 灯底成功后 痛苦流气 我更见过 生命的描写 人性的伟大
2025-02-16 10:20:12,530 - DEBUG - 发现关系：见 -nsubj-> 我
2025-02-16 10:20:12,530 - DEBUG - 发现关系：成功 -nsubj-> 灯底
2025-02-16 10:20:12,530 - DEBUG - 发现关系：见 -nsubj-> 我
2025-02-16 10:20:12,530 - DEBUG - 发现关系：见 -dobj-> 人性
2025-02-16 10:20:12,606 - INFO - 已处理 10/110 个知识点 | 实体: 3 | 关系: 32
2025-02-16 10:20:12,607 - DEBUG - 处理节点: 于是这样 我一任而生命 一阵息 平静的时光 世间所有的险头 都不是为了去征服...
2025-02-16 10:20:12,607 - DEBUG - 
正在从文本中提取实体，文本长度：38
2025-02-16 10:20:12,616 - DEBUG - 总共识别到 0 个唯一实体
2025-02-16 10:20:12,626 - DEBUG - 
分析文本的依存关系：于是这样 我一任而生命 一阵息 平静的时光 世间所有的险头 都不是为了去征服
2025-02-16 10:20:12,627 - DEBUG - 发现关系：平静 -nsubj-> 我
2025-02-16 10:20:12,627 - DEBUG - 发现关系：平静 -nsubj-> 生命
2025-02-16 10:20:12,627 - DEBUG - 发现关系：平静 -nsubj-> 息
2025-02-16 10:20:12,627 - DEBUG - 发现关系：不是 -nsubj-> 险头
2025-02-16 10:20:12,724 - DEBUG - 处理节点: 而是为了去享受征服 所谓地主 去内心的热爱 热爱生命 热爱时间...
2025-02-16 10:20:12,725 - DEBUG - 
正在从文本中提取实体，文本长度：31
2025-02-16 10:20:12,732 - DEBUG - 总共识别到 0 个唯一实体
2025-02-16 10:20:12,739 - DEBUG - 
分析文本的依存关系：而是为了去享受征服 所谓地主 去内心的热爱 热爱生命 热爱时间
2025-02-16 10:20:12,739 - DEBUG - 发现关系：征服 -dobj-> 地主
2025-02-16 10:20:12,739 - DEBUG - 发现关系：去 -dobj-> 热爱
2025-02-16 10:20:12,739 - DEBUG - 发现关系：热爱 -nsubj-> 生命
2025-02-16 10:20:12,740 - DEBUG - 发现关系：享受 -dobj-> 时间
2025-02-16 10:20:12,836 - DEBUG - 处理节点: 热爱内心 真致的力量 他们说 能到周年 不要一想推他 但于现状...
2025-02-16 10:20:12,836 - DEBUG - 
正在从文本中提取实体，文本长度：31
2025-02-16 10:20:12,844 - DEBUG - 总共识别到 0 个唯一实体
2025-02-16 10:20:12,850 - DEBUG - 
分析文本的依存关系：热爱内心 真致的力量 他们说 能到周年 不要一想推他 但于现状
2025-02-16 10:20:12,850 - DEBUG - 发现关系：热爱 -dobj-> 真致
2025-02-16 10:20:12,850 - DEBUG - 发现关系：说 -nsubj-> 他们
2025-02-16 10:20:12,850 - DEBUG - 发现关系：想 -nsubj-> 周年
2025-02-16 10:20:12,850 - DEBUG - 发现关系：推 -dobj-> 现状
2025-02-16 10:20:12,942 - DEBUG - 处理节点: 能到不是对生命的屋服 对去年少时的复杂 今天的梦想 不是先衣怒完 而是内心的堵定...
2025-02-16 10:20:12,942 - DEBUG - 
正在从文本中提取实体，文本长度：40
2025-02-16 10:20:12,951 - DEBUG - 发现实体：去年 (类型: DATE)
2025-02-16 10:20:12,951 - DEBUG - 发现实体：今天 (类型: DATE)
2025-02-16 10:20:12,951 - DEBUG - 总共识别到 2 个唯一实体
2025-02-16 10:20:12,961 - DEBUG - 
分析文本的依存关系：能到不是对生命的屋服 对去年少时的复杂 今天的梦想 不是先衣怒完 而是内心的堵定
2025-02-16 10:20:12,961 - DEBUG - 发现共现关系：去年 -相关-> 今天
2025-02-16 10:20:13,037 - DEBUG - 处理节点: 从容 向我震撼 与伟大 平凡的个体 才能凝聚出 无反...
2025-02-16 10:20:13,037 - DEBUG - 
正在从文本中提取实体，文本长度：26
2025-02-16 10:20:13,045 - DEBUG - 总共识别到 0 个唯一实体
2025-02-16 10:20:13,051 - DEBUG - 
分析文本的依存关系：从容 向我震撼 与伟大 平凡的个体 才能凝聚出 无反
2025-02-16 10:20:13,070 - INFO - 已处理 15/110 个知识点 | 实体: 5 | 关系: 45
2025-02-16 10:20:13,072 - DEBUG - 处理节点: 你生活 熟写日新类意 你时间雕刻内心迟度 一如所有更云者 的城市住入彭博力量 创造更多可能...
2025-02-16 10:20:13,072 - DEBUG - 
正在从文本中提取实体，文本长度：45
2025-02-16 10:20:13,081 - DEBUG - 发现实体：日 (类型: GPE)
2025-02-16 10:20:13,081 - DEBUG - 发现实体：彭 (类型: PERSON)
2025-02-16 10:20:13,081 - DEBUG - 总共识别到 2 个唯一实体
2025-02-16 10:20:13,090 - DEBUG - 
分析文本的依存关系：你生活 熟写日新类意 你时间雕刻内心迟度 一如所有更云者 的城市住入彭博力量 创造更多可能
2025-02-16 10:20:13,091 - DEBUG - 发现关系：生活 -nsubj-> 你
2025-02-16 10:20:13,091 - DEBUG - 发现关系：写 -dobj-> 类意
2025-02-16 10:20:13,091 - DEBUG - 发现关系：雕刻 -dobj-> 迟度
2025-02-16 10:20:13,091 - DEBUG - 发现关系：创造 -nsubj-> 博力量
2025-02-16 10:20:13,091 - DEBUG - 发现关系：创造 -dobj-> 可能
2025-02-16 10:20:13,091 - DEBUG - 发现共现关系：日 -相关-> 彭
2025-02-16 10:20:13,231 - DEBUG - 处理节点: 所谓地主 是内心的坚定 坚定细面 坚定绝则 坚定持织以恒的力量 主要贯歇...
2025-02-16 10:20:13,232 - DEBUG - 
正在从文本中提取实体，文本长度：36
2025-02-16 10:20:13,241 - DEBUG - 总共识别到 0 个唯一实体
2025-02-16 10:20:13,248 - DEBUG - 
分析文本的依存关系：所谓地主 是内心的坚定 坚定细面 坚定绝则 坚定持织以恒的力量 主要贯歇
2025-02-16 10:20:13,248 - DEBUG - 发现关系：坚定 -nsubj-> 地主
2025-02-16 10:20:13,248 - DEBUG - 发现关系：坚定 -nsubj-> 坚定
2025-02-16 10:20:13,249 - DEBUG - 发现关系：贯歇 -nsubj-> 力量
2025-02-16 10:20:13,319 - DEBUG - 处理节点: 属于终于 在奔留不惜的绑槽中 我们或许一辈子 都不曾登上了一幅 我们可能进了全力...
2025-02-16 10:20:13,319 - DEBUG - 
正在从文本中提取实体，文本长度：40
2025-02-16 10:20:13,328 - DEBUG - 总共识别到 0 个唯一实体
2025-02-16 10:20:13,337 - DEBUG - 
分析文本的依存关系：属于终于 在奔留不惜的绑槽中 我们或许一辈子 都不曾登上了一幅 我们可能进了全力
2025-02-16 10:20:13,337 - DEBUG - 发现关系：属于 -dobj-> 绑槽
2025-02-16 10:20:13,337 - DEBUG - 发现关系：登上 -nsubj-> 我们
2025-02-16 10:20:13,337 - DEBUG - 发现关系：进 -nsubj-> 我们
2025-02-16 10:20:13,415 - DEBUG - 处理节点: 也赶不上上朝 但是 每个人 都是司机的顶重 都是一例舞蹈中间...
2025-02-16 10:20:13,416 - DEBUG - 
正在从文本中提取实体，文本长度：30
2025-02-16 10:20:13,425 - DEBUG - 总共识别到 0 个唯一实体
2025-02-16 10:20:13,434 - DEBUG - 
分析文本的依存关系：也赶不上上朝 但是 每个人 都是司机的顶重 都是一例舞蹈中间
2025-02-16 10:20:13,434 - DEBUG - 发现关系：赶 -dobj-> 朝
2025-02-16 10:20:13,434 - DEBUG - 发现关系：顶重 -nsubj-> 人
2025-02-16 12:07:46,092 - INFO - 成功加载中文NLP模型
2025-02-16 12:07:48,233 - ERROR - Neo4j连接尝试 1/3 失败: Cannot open connection to ConnectionProfile('bolt://localhost:7687')
2025-02-16 12:07:52,265 - ERROR - Neo4j连接尝试 2/3 失败: Cannot open connection to ConnectionProfile('bolt://localhost:7687')
2025-02-16 12:07:56,312 - ERROR - Neo4j连接尝试 3/3 失败: Cannot open connection to ConnectionProfile('bolt://localhost:7687')
2025-02-16 12:07:56,313 - ERROR - Neo4j连接失败，已达到最大重试次数
2025-02-16 12:07:56,409 - ERROR - 由于之前的连接失败，跳过节点添加
2025-02-16 12:07:56,410 - ERROR - 由于之前的连接失败，跳过节点添加
2025-02-16 12:07:56,411 - ERROR - 由于之前的连接失败，跳过节点添加
2025-02-16 12:07:56,411 - ERROR - 由于之前的连接失败，跳过节点添加
2025-02-16 12:07:56,412 - ERROR - 由于之前的连接失败，跳过节点添加
2025-02-16 12:07:56,413 - ERROR - 由于之前的连接失败，跳过节点添加
2025-02-16 12:07:56,414 - ERROR - 由于之前的连接失败，跳过节点添加
2025-02-16 12:07:56,415 - ERROR - 由于之前的连接失败，跳过节点添加
2025-02-16 12:07:56,416 - ERROR - 由于之前的连接失败，跳过节点添加
2025-02-16 12:07:56,417 - ERROR - 由于之前的连接失败，跳过节点添加
2025-02-16 12:07:56,417 - ERROR - 由于之前的连接失败，跳过节点添加
2025-02-16 12:07:56,418 - ERROR - 由于之前的连接失败，跳过节点添加
2025-02-16 12:07:56,419 - ERROR - 由于之前的连接失败，跳过节点添加
2025-02-16 12:07:56,421 - ERROR - 由于之前的连接失败，跳过节点添加
2025-02-16 12:07:56,422 - ERROR - 由于之前的连接失败，跳过节点添加
2025-02-16 12:07:56,423 - ERROR - 由于之前的连接失败，跳过节点添加
2025-02-16 12:07:56,425 - ERROR - 由于之前的连接失败，跳过节点添加
2025-02-16 12:07:56,425 - ERROR - 由于之前的连接失败，跳过节点添加
2025-02-16 12:07:56,427 - ERROR - 由于之前的连接失败，跳过节点添加
2025-02-16 12:08:08,253 - ERROR - 由于之前的连接失败，跳过节点添加
2025-02-16 12:08:08,254 - ERROR - 由于之前的连接失败，跳过节点添加
2025-02-16 12:08:08,255 - ERROR - 由于之前的连接失败，跳过节点添加
2025-02-16 12:08:08,256 - ERROR - 由于之前的连接失败，跳过节点添加
2025-02-16 12:08:08,256 - ERROR - 由于之前的连接失败，跳过节点添加
2025-02-16 12:08:08,258 - ERROR - 由于之前的连接失败，跳过节点添加
2025-02-16 12:08:08,259 - ERROR - 由于之前的连接失败，跳过节点添加
2025-02-16 12:08:08,260 - ERROR - 由于之前的连接失败，跳过节点添加
2025-02-16 12:08:08,261 - ERROR - 由于之前的连接失败，跳过节点添加
2025-02-16 12:08:08,263 - ERROR - 由于之前的连接失败，跳过节点添加
2025-02-16 12:08:08,264 - ERROR - 由于之前的连接失败，跳过节点添加
2025-02-16 12:08:08,266 - ERROR - 由于之前的连接失败，跳过节点添加
2025-02-16 12:08:08,268 - ERROR - 由于之前的连接失败，跳过节点添加
2025-02-16 12:08:08,270 - ERROR - 由于之前的连接失败，跳过节点添加
2025-02-16 12:08:08,271 - ERROR - 由于之前的连接失败，跳过节点添加
2025-02-16 12:08:08,272 - ERROR - 由于之前的连接失败，跳过节点添加
2025-02-16 12:08:08,273 - ERROR - 由于之前的连接失败，跳过节点添加
2025-02-16 12:08:08,276 - ERROR - 由于之前的连接失败，跳过节点添加
2025-02-16 12:08:08,277 - ERROR - 由于之前的连接失败，跳过节点添加
