2025-02-13 22:19:59,494 - KnowledgeGraph - INFO - 成功加载中文NLP模型
2025-02-13 22:19:59,597 - KnowledgeGraph - INFO - Neo4j数据库连接成功！
2025-02-13 22:19:59,599 - KnowledgeGraph - DEBUG - 创建Neo4j唯一性约束成功
2025-02-13 22:19:59,646 - KnowledgeGraph - DEBUG - 处理节点: 那些焦虑的人 应该停下来 问问自己 在崩流不息的浪潮中...
2025-02-13 22:19:59,646 - KnowledgeGraph - DEBUG - 
正在从文本中提取实体，文本长度：27
2025-02-13 22:19:59,657 - KnowledgeGraph - DEBUG - 发现实体：崩流不息 (类型: GPE)
2025-02-13 22:19:59,658 - KnowledgeGraph - DEBUG - 总共识别到 1 个唯一实体
2025-02-13 22:19:59,665 - KnowledgeGraph - DEBUG - 
分析文本的依存关系：那些焦虑的人 应该停下来 问问自己 在崩流不息的浪潮中
2025-02-13 22:19:59,665 - KnowledgeGraph - DEBUG - 发现关系：停 -nsubj-> 人
2025-02-13 22:19:59,665 - KnowledgeGraph - DEBUG - 发现关系：问问 -dobj-> 自己
2025-02-13 22:19:59,727 - KnowledgeGraph - INFO - 已处理 1/110 个知识点 | 实体: 1 | 关系: 2
2025-02-13 22:19:59,728 - KnowledgeGraph - DEBUG - 处理节点: 究竟生出何地 有人行走电风 有人随波逐流 也有人终流积水...
2025-02-13 22:19:59,728 - KnowledgeGraph - DEBUG - 
正在从文本中提取实体，文本长度：28
2025-02-13 22:19:59,735 - KnowledgeGraph - DEBUG - 总共识别到 0 个唯一实体
2025-02-13 22:19:59,741 - KnowledgeGraph - DEBUG - 
分析文本的依存关系：究竟生出何地 有人行走电风 有人随波逐流 也有人终流积水
2025-02-13 22:19:59,741 - KnowledgeGraph - DEBUG - 发现关系：有人 -nsubj-> 电风
2025-02-13 22:19:59,773 - KnowledgeGraph - DEBUG - 处理节点: 成为地主 地主不是平庸 是共识的自信 是时间的积实 是让我们 灯有力量...
2025-02-13 22:19:59,773 - KnowledgeGraph - DEBUG - 
正在从文本中提取实体，文本长度：35
2025-02-13 22:19:59,782 - KnowledgeGraph - DEBUG - 总共识别到 0 个唯一实体
2025-02-13 22:19:59,790 - KnowledgeGraph - DEBUG - 
分析文本的依存关系：成为地主 地主不是平庸 是共识的自信 是时间的积实 是让我们 灯有力量
2025-02-13 22:19:59,790 - KnowledgeGraph - DEBUG - 发现关系：成为 -dobj-> 地主
2025-02-13 22:19:59,790 - KnowledgeGraph - DEBUG - 发现关系：积实 -nsubj-> 自信
2025-02-13 22:19:59,790 - KnowledgeGraph - DEBUG - 发现关系：让 -nsubj-> 积实
2025-02-13 22:19:59,790 - KnowledgeGraph - DEBUG - 发现关系：让 -dobj-> 灯
2025-02-13 22:19:59,790 - KnowledgeGraph - DEBUG - 发现关系：有 -dobj-> 力量
2025-02-13 22:19:59,862 - KnowledgeGraph - DEBUG - 处理节点: 他们说 我们都是普通人 不是战士 也不是斗神 可是 当恒亚来临...
2025-02-13 22:19:59,863 - KnowledgeGraph - DEBUG - 
正在从文本中提取实体，文本长度：31
2025-02-13 22:19:59,908 - KnowledgeGraph - DEBUG - 总共识别到 0 个唯一实体
2025-02-13 22:19:59,915 - KnowledgeGraph - DEBUG - 
分析文本的依存关系：他们说 我们都是普通人 不是战士 也不是斗神 可是 当恒亚来临
2025-02-13 22:19:59,915 - KnowledgeGraph - DEBUG - 发现关系：说 -nsubj-> 他们
2025-02-13 22:19:59,915 - KnowledgeGraph - DEBUG - 发现关系：普通人 -nsubj-> 我们
2025-02-13 22:19:59,915 - KnowledgeGraph - DEBUG - 发现关系：斗神 -nsubj-> 普通人
2025-02-13 22:19:59,915 - KnowledgeGraph - DEBUG - 发现关系：斗神 -nsubj-> 战士
2025-02-13 22:19:59,915 - KnowledgeGraph - DEBUG - 发现关系：来临 -nsubj-> 恒亚
2025-02-13 22:19:59,988 - KnowledgeGraph - DEBUG - 处理节点: 没有人特有独善其身 不能独自担忧 不能独自恐惧 于是 我们和未知斗争...
2025-02-13 22:19:59,988 - KnowledgeGraph - DEBUG - 
正在从文本中提取实体，文本长度：34
2025-02-13 22:19:59,996 - KnowledgeGraph - DEBUG - 总共识别到 0 个唯一实体
2025-02-13 22:20:00,003 - KnowledgeGraph - DEBUG - 
分析文本的依存关系：没有人特有独善其身 不能独自担忧 不能独自恐惧 于是 我们和未知斗争
2025-02-13 22:20:00,003 - KnowledgeGraph - DEBUG - 发现关系：特有 -nsubj-> 人
2025-02-13 22:20:00,027 - KnowledgeGraph - INFO - 已处理 5/110 个知识点 | 实体: 1 | 关系: 14
2025-02-13 22:20:00,028 - KnowledgeGraph - DEBUG - 处理节点: 我们和自私斗争 我们和谣言 与歧视斗争 最重要的 是此刻 我们被靠地...
2025-02-13 22:20:00,029 - KnowledgeGraph - DEBUG - 
正在从文本中提取实体，文本长度：34
2025-02-13 22:20:00,037 - KnowledgeGraph - DEBUG - 总共识别到 0 个唯一实体
2025-02-13 22:20:00,044 - KnowledgeGraph - DEBUG - 
分析文本的依存关系：我们和自私斗争 我们和谣言 与歧视斗争 最重要的 是此刻 我们被靠地
2025-02-13 22:20:00,045 - KnowledgeGraph - DEBUG - 发现关系：斗争 -nsubj-> 我们
2025-02-13 22:20:00,045 - KnowledgeGraph - DEBUG - 发现关系：重要 -nsubj-> 斗争
2025-02-13 22:20:00,045 - KnowledgeGraph - DEBUG - 发现关系：靠 -nsubj-> 重要
2025-02-13 22:20:00,087 - KnowledgeGraph - DEBUG - 处理节点: 在一起 这是一个普通人的 绝地反击 也是一个民族 从黑暗到光明的 未大变成...
2025-02-13 22:20:00,087 - KnowledgeGraph - DEBUG - 
正在从文本中提取实体，文本长度：37
2025-02-13 22:20:00,096 - KnowledgeGraph - DEBUG - 总共识别到 0 个唯一实体
2025-02-13 22:20:00,103 - KnowledgeGraph - DEBUG - 
分析文本的依存关系：在一起 这是一个普通人的 绝地反击 也是一个民族 从黑暗到光明的 未大变成
2025-02-13 22:20:00,104 - KnowledgeGraph - DEBUG - 发现关系：民族 -nsubj-> 反击
2025-02-13 22:20:00,135 - KnowledgeGraph - DEBUG - 处理节点: 所谓地主 是内心的相信 相信时代 相信自己 相信 成就更好的 力量...
2025-02-13 22:20:00,135 - KnowledgeGraph - DEBUG - 
正在从文本中提取实体，文本长度：33
2025-02-13 22:20:00,143 - KnowledgeGraph - DEBUG - 总共识别到 0 个唯一实体
2025-02-13 22:20:00,150 - KnowledgeGraph - DEBUG - 
分析文本的依存关系：所谓地主 是内心的相信 相信时代 相信自己 相信 成就更好的 力量
2025-02-13 22:20:00,150 - KnowledgeGraph - DEBUG - 发现关系：相信 -nsubj-> 地主
2025-02-13 22:20:00,150 - KnowledgeGraph - DEBUG - 发现关系：相信 -nsubj-> 时代
2025-02-13 22:20:00,150 - KnowledgeGraph - DEBUG - 发现关系：相信 -nsubj-> 自己
2025-02-13 22:20:00,150 - KnowledgeGraph - DEBUG - 发现关系：好的 -nsubj-> 成就
2025-02-13 22:20:00,204 - KnowledgeGraph - DEBUG - 处理节点: 他们说 何必是冒险 人生 还有很多险子 我见过 海拔8000米不壮力 我经历过...
2025-02-13 22:20:00,205 - KnowledgeGraph - DEBUG - 
正在从文本中提取实体，文本长度：39
2025-02-13 22:20:00,212 - KnowledgeGraph - DEBUG - 发现实体：8000米 (类型: QUANTITY)
2025-02-13 22:20:00,213 - KnowledgeGraph - DEBUG - 总共识别到 1 个唯一实体
2025-02-13 22:20:00,221 - KnowledgeGraph - DEBUG - 
分析文本的依存关系：他们说 何必是冒险 人生 还有很多险子 我见过 海拔8000米不壮力 我经历过
2025-02-13 22:20:00,221 - KnowledgeGraph - DEBUG - 发现关系：说 -nsubj-> 他们
2025-02-13 22:20:00,221 - KnowledgeGraph - DEBUG - 发现关系：还有 -nsubj-> 人生
2025-02-13 22:20:00,221 - KnowledgeGraph - DEBUG - 发现关系：还有 -dobj-> 险子
2025-02-13 22:20:00,221 - KnowledgeGraph - DEBUG - 发现关系：见 -nsubj-> 我
2025-02-13 22:20:00,221 - KnowledgeGraph - DEBUG - 发现关系：壮力 -nsubj-> 8000
2025-02-13 22:20:00,221 - KnowledgeGraph - DEBUG - 发现关系：经历 -nsubj-> 我
2025-02-13 22:20:00,296 - KnowledgeGraph - DEBUG - 处理节点: 极力的延安风险 我也在 灯底成功后 痛苦流气 我更见过 生命的描写 人性的伟大...
2025-02-13 22:20:00,297 - KnowledgeGraph - DEBUG - 
正在从文本中提取实体，文本长度：39
2025-02-13 22:20:00,306 - KnowledgeGraph - DEBUG - 发现实体：延安 (类型: GPE)
2025-02-13 22:20:00,306 - KnowledgeGraph - DEBUG - 总共识别到 1 个唯一实体
2025-02-13 22:20:00,314 - KnowledgeGraph - DEBUG - 
分析文本的依存关系：极力的延安风险 我也在 灯底成功后 痛苦流气 我更见过 生命的描写 人性的伟大
2025-02-13 22:20:00,314 - KnowledgeGraph - DEBUG - 发现关系：见 -nsubj-> 我
2025-02-13 22:20:00,314 - KnowledgeGraph - DEBUG - 发现关系：成功 -nsubj-> 灯底
2025-02-13 22:20:00,314 - KnowledgeGraph - DEBUG - 发现关系：见 -nsubj-> 我
2025-02-13 22:20:00,314 - KnowledgeGraph - DEBUG - 发现关系：见 -dobj-> 人性
2025-02-13 22:20:00,358 - KnowledgeGraph - INFO - 已处理 10/110 个知识点 | 实体: 3 | 关系: 32
2025-02-13 22:20:00,359 - KnowledgeGraph - DEBUG - 处理节点: 于是这样 我一任而生命 一阵息 平静的时光 世间所有的险头 都不是为了去征服...
2025-02-13 22:20:00,359 - KnowledgeGraph - DEBUG - 
正在从文本中提取实体，文本长度：38
2025-02-13 22:20:00,368 - KnowledgeGraph - DEBUG - 总共识别到 0 个唯一实体
2025-02-13 22:20:00,377 - KnowledgeGraph - DEBUG - 
分析文本的依存关系：于是这样 我一任而生命 一阵息 平静的时光 世间所有的险头 都不是为了去征服
2025-02-13 22:20:00,377 - KnowledgeGraph - DEBUG - 发现关系：平静 -nsubj-> 我
2025-02-13 22:20:00,377 - KnowledgeGraph - DEBUG - 发现关系：平静 -nsubj-> 生命
2025-02-13 22:20:00,377 - KnowledgeGraph - DEBUG - 发现关系：平静 -nsubj-> 息
2025-02-13 22:20:00,377 - KnowledgeGraph - DEBUG - 发现关系：不是 -nsubj-> 险头
2025-02-13 22:20:00,437 - KnowledgeGraph - DEBUG - 处理节点: 而是为了去享受征服 所谓地主 去内心的热爱 热爱生命 热爱时间...
2025-02-13 22:20:00,438 - KnowledgeGraph - DEBUG - 
正在从文本中提取实体，文本长度：31
2025-02-13 22:20:00,445 - KnowledgeGraph - DEBUG - 总共识别到 0 个唯一实体
2025-02-13 22:20:00,452 - KnowledgeGraph - DEBUG - 
分析文本的依存关系：而是为了去享受征服 所谓地主 去内心的热爱 热爱生命 热爱时间
2025-02-13 22:20:00,452 - KnowledgeGraph - DEBUG - 发现关系：征服 -dobj-> 地主
2025-02-13 22:20:00,452 - KnowledgeGraph - DEBUG - 发现关系：去 -dobj-> 热爱
2025-02-13 22:20:00,452 - KnowledgeGraph - DEBUG - 发现关系：热爱 -nsubj-> 生命
2025-02-13 22:20:00,452 - KnowledgeGraph - DEBUG - 发现关系：享受 -dobj-> 时间
2025-02-13 22:20:00,509 - KnowledgeGraph - DEBUG - 处理节点: 热爱内心 真致的力量 他们说 能到周年 不要一想推他 但于现状...
2025-02-13 22:20:00,509 - KnowledgeGraph - DEBUG - 
正在从文本中提取实体，文本长度：31
2025-02-13 22:20:00,518 - KnowledgeGraph - DEBUG - 总共识别到 0 个唯一实体
2025-02-13 22:20:00,526 - KnowledgeGraph - DEBUG - 
分析文本的依存关系：热爱内心 真致的力量 他们说 能到周年 不要一想推他 但于现状
2025-02-13 22:20:00,526 - KnowledgeGraph - DEBUG - 发现关系：热爱 -dobj-> 真致
2025-02-13 22:20:00,526 - KnowledgeGraph - DEBUG - 发现关系：说 -nsubj-> 他们
2025-02-13 22:20:00,527 - KnowledgeGraph - DEBUG - 发现关系：想 -nsubj-> 周年
2025-02-13 22:20:00,527 - KnowledgeGraph - DEBUG - 发现关系：推 -dobj-> 现状
2025-02-13 22:20:00,580 - KnowledgeGraph - DEBUG - 处理节点: 能到不是对生命的屋服 对去年少时的复杂 今天的梦想 不是先衣怒完 而是内心的堵定...
2025-02-13 22:20:00,580 - KnowledgeGraph - DEBUG - 
正在从文本中提取实体，文本长度：40
2025-02-13 22:20:00,589 - KnowledgeGraph - DEBUG - 发现实体：去年 (类型: DATE)
2025-02-13 22:20:00,589 - KnowledgeGraph - DEBUG - 发现实体：今天 (类型: DATE)
2025-02-13 22:20:00,589 - KnowledgeGraph - DEBUG - 总共识别到 2 个唯一实体
2025-02-13 22:20:00,597 - KnowledgeGraph - DEBUG - 
分析文本的依存关系：能到不是对生命的屋服 对去年少时的复杂 今天的梦想 不是先衣怒完 而是内心的堵定
2025-02-13 22:20:00,598 - KnowledgeGraph - DEBUG - 发现共现关系：去年 -相关-> 今天
2025-02-13 22:20:00,625 - KnowledgeGraph - DEBUG - 处理节点: 从容 向我震撼 与伟大 平凡的个体 才能凝聚出 无反...
2025-02-13 22:20:00,625 - KnowledgeGraph - DEBUG - 
正在从文本中提取实体，文本长度：26
2025-02-13 22:20:00,633 - KnowledgeGraph - DEBUG - 总共识别到 0 个唯一实体
2025-02-13 22:20:00,640 - KnowledgeGraph - DEBUG - 
分析文本的依存关系：从容 向我震撼 与伟大 平凡的个体 才能凝聚出 无反
2025-02-13 22:20:00,656 - KnowledgeGraph - INFO - 已处理 15/110 个知识点 | 实体: 5 | 关系: 45
2025-02-13 22:20:00,657 - KnowledgeGraph - DEBUG - 处理节点: 你生活 熟写日新类意 你时间雕刻内心迟度 一如所有更云者 的城市住入彭博力量 创造更多可能...
2025-02-13 22:20:00,657 - KnowledgeGraph - DEBUG - 
正在从文本中提取实体，文本长度：45
2025-02-13 22:20:00,666 - KnowledgeGraph - DEBUG - 发现实体：日 (类型: GPE)
2025-02-13 22:20:00,666 - KnowledgeGraph - DEBUG - 发现实体：彭 (类型: PERSON)
2025-02-13 22:20:00,666 - KnowledgeGraph - DEBUG - 总共识别到 2 个唯一实体
2025-02-13 22:20:00,676 - KnowledgeGraph - DEBUG - 
分析文本的依存关系：你生活 熟写日新类意 你时间雕刻内心迟度 一如所有更云者 的城市住入彭博力量 创造更多可能
2025-02-13 22:20:00,677 - KnowledgeGraph - DEBUG - 发现关系：生活 -nsubj-> 你
2025-02-13 22:20:00,677 - KnowledgeGraph - DEBUG - 发现关系：写 -dobj-> 类意
2025-02-13 22:20:00,677 - KnowledgeGraph - DEBUG - 发现关系：雕刻 -dobj-> 迟度
2025-02-13 22:20:00,677 - KnowledgeGraph - DEBUG - 发现关系：创造 -nsubj-> 博力量
2025-02-13 22:20:00,677 - KnowledgeGraph - DEBUG - 发现关系：创造 -dobj-> 可能
2025-02-13 22:20:00,677 - KnowledgeGraph - DEBUG - 发现共现关系：日 -相关-> 彭
2025-02-13 22:20:00,763 - KnowledgeGraph - DEBUG - 处理节点: 所谓地主 是内心的坚定 坚定细面 坚定绝则 坚定持织以恒的力量 主要贯歇...
2025-02-13 22:20:00,763 - KnowledgeGraph - DEBUG - 
正在从文本中提取实体，文本长度：36
2025-02-13 22:20:00,771 - KnowledgeGraph - DEBUG - 总共识别到 0 个唯一实体
2025-02-13 22:20:00,778 - KnowledgeGraph - DEBUG - 
分析文本的依存关系：所谓地主 是内心的坚定 坚定细面 坚定绝则 坚定持织以恒的力量 主要贯歇
2025-02-13 22:20:00,778 - KnowledgeGraph - DEBUG - 发现关系：坚定 -nsubj-> 地主
2025-02-13 22:20:00,779 - KnowledgeGraph - DEBUG - 发现关系：坚定 -nsubj-> 坚定
2025-02-13 22:20:00,779 - KnowledgeGraph - DEBUG - 发现关系：贯歇 -nsubj-> 力量
2025-02-13 22:20:00,821 - KnowledgeGraph - DEBUG - 处理节点: 属于终于 在奔留不惜的绑槽中 我们或许一辈子 都不曾登上了一幅 我们可能进了全力...
2025-02-13 22:20:00,821 - KnowledgeGraph - DEBUG - 
正在从文本中提取实体，文本长度：40
2025-02-13 22:20:00,831 - KnowledgeGraph - DEBUG - 总共识别到 0 个唯一实体
2025-02-13 22:20:00,838 - KnowledgeGraph - DEBUG - 
分析文本的依存关系：属于终于 在奔留不惜的绑槽中 我们或许一辈子 都不曾登上了一幅 我们可能进了全力
2025-02-13 22:20:00,838 - KnowledgeGraph - DEBUG - 发现关系：属于 -dobj-> 绑槽
2025-02-13 22:20:00,838 - KnowledgeGraph - DEBUG - 发现关系：登上 -nsubj-> 我们
2025-02-13 22:20:00,838 - KnowledgeGraph - DEBUG - 发现关系：进 -nsubj-> 我们
2025-02-13 22:20:00,884 - KnowledgeGraph - DEBUG - 处理节点: 也赶不上上朝 但是 每个人 都是司机的顶重 都是一例舞蹈中间...
2025-02-13 22:20:00,884 - KnowledgeGraph - DEBUG - 
正在从文本中提取实体，文本长度：30
2025-02-13 22:20:00,892 - KnowledgeGraph - DEBUG - 总共识别到 0 个唯一实体
2025-02-13 22:20:00,899 - KnowledgeGraph - DEBUG - 
分析文本的依存关系：也赶不上上朝 但是 每个人 都是司机的顶重 都是一例舞蹈中间
2025-02-13 22:20:00,899 - KnowledgeGraph - DEBUG - 发现关系：赶 -dobj-> 朝
2025-02-13 22:20:00,899 - KnowledgeGraph - DEBUG - 发现关系：顶重 -nsubj-> 人
2025-02-14 12:05:07,085 - KnowledgeGraph - INFO - 成功加载中文NLP模型
2025-02-14 12:05:07,239 - KnowledgeGraph - INFO - Neo4j数据库连接成功！
2025-02-14 12:05:07,277 - KnowledgeGraph - DEBUG - 创建Neo4j唯一性约束成功
2025-02-14 12:05:07,390 - KnowledgeGraph - DEBUG - 处理节点: 那些焦虑的人 应该停下来 问问自己 在崩流不息的浪潮中...
2025-02-14 12:05:07,392 - KnowledgeGraph - DEBUG - 
正在从文本中提取实体，文本长度：27
2025-02-14 12:05:07,432 - KnowledgeGraph - DEBUG - 发现实体：崩流不息 (类型: GPE)
2025-02-14 12:05:07,434 - KnowledgeGraph - DEBUG - 总共识别到 1 个唯一实体
2025-02-14 12:05:07,443 - KnowledgeGraph - DEBUG - 
分析文本的依存关系：那些焦虑的人 应该停下来 问问自己 在崩流不息的浪潮中
2025-02-14 12:05:07,443 - KnowledgeGraph - DEBUG - 发现关系：停 -nsubj-> 人
2025-02-14 12:05:07,443 - KnowledgeGraph - DEBUG - 发现关系：问问 -dobj-> 自己
2025-02-14 12:05:08,155 - KnowledgeGraph - INFO - 已处理 1/110 个知识点 | 实体: 1 | 关系: 2
2025-02-14 12:05:08,157 - KnowledgeGraph - DEBUG - 处理节点: 究竟生出何地 有人行走电风 有人随波逐流 也有人终流积水...
2025-02-14 12:05:08,157 - KnowledgeGraph - DEBUG - 
正在从文本中提取实体，文本长度：28
2025-02-14 12:05:08,167 - KnowledgeGraph - DEBUG - 总共识别到 0 个唯一实体
2025-02-14 12:05:08,177 - KnowledgeGraph - DEBUG - 
分析文本的依存关系：究竟生出何地 有人行走电风 有人随波逐流 也有人终流积水
2025-02-14 12:05:08,177 - KnowledgeGraph - DEBUG - 发现关系：有人 -nsubj-> 电风
2025-02-14 12:05:08,238 - KnowledgeGraph - DEBUG - 处理节点: 成为地主 地主不是平庸 是共识的自信 是时间的积实 是让我们 灯有力量...
2025-02-14 12:05:08,238 - KnowledgeGraph - DEBUG - 
正在从文本中提取实体，文本长度：35
2025-02-14 12:05:08,249 - KnowledgeGraph - DEBUG - 总共识别到 0 个唯一实体
2025-02-14 12:05:08,259 - KnowledgeGraph - DEBUG - 
分析文本的依存关系：成为地主 地主不是平庸 是共识的自信 是时间的积实 是让我们 灯有力量
2025-02-14 12:05:08,260 - KnowledgeGraph - DEBUG - 发现关系：成为 -dobj-> 地主
2025-02-14 12:05:08,260 - KnowledgeGraph - DEBUG - 发现关系：积实 -nsubj-> 自信
2025-02-14 12:05:08,260 - KnowledgeGraph - DEBUG - 发现关系：让 -nsubj-> 积实
2025-02-14 12:05:08,260 - KnowledgeGraph - DEBUG - 发现关系：让 -dobj-> 灯
2025-02-14 12:05:08,260 - KnowledgeGraph - DEBUG - 发现关系：有 -dobj-> 力量
2025-02-14 12:05:08,430 - KnowledgeGraph - DEBUG - 处理节点: 他们说 我们都是普通人 不是战士 也不是斗神 可是 当恒亚来临...
2025-02-14 12:05:08,430 - KnowledgeGraph - DEBUG - 
正在从文本中提取实体，文本长度：31
2025-02-14 12:05:08,440 - KnowledgeGraph - DEBUG - 总共识别到 0 个唯一实体
2025-02-14 12:05:08,449 - KnowledgeGraph - DEBUG - 
分析文本的依存关系：他们说 我们都是普通人 不是战士 也不是斗神 可是 当恒亚来临
2025-02-14 12:05:08,449 - KnowledgeGraph - DEBUG - 发现关系：说 -nsubj-> 他们
2025-02-14 12:05:08,449 - KnowledgeGraph - DEBUG - 发现关系：普通人 -nsubj-> 我们
2025-02-14 12:05:08,449 - KnowledgeGraph - DEBUG - 发现关系：斗神 -nsubj-> 普通人
2025-02-14 12:05:08,449 - KnowledgeGraph - DEBUG - 发现关系：斗神 -nsubj-> 战士
2025-02-14 12:05:08,449 - KnowledgeGraph - DEBUG - 发现关系：来临 -nsubj-> 恒亚
2025-02-14 12:05:08,610 - KnowledgeGraph - DEBUG - 处理节点: 没有人特有独善其身 不能独自担忧 不能独自恐惧 于是 我们和未知斗争...
2025-02-14 12:05:08,610 - KnowledgeGraph - DEBUG - 
正在从文本中提取实体，文本长度：34
2025-02-14 12:05:08,621 - KnowledgeGraph - DEBUG - 总共识别到 0 个唯一实体
2025-02-14 12:05:08,630 - KnowledgeGraph - DEBUG - 
分析文本的依存关系：没有人特有独善其身 不能独自担忧 不能独自恐惧 于是 我们和未知斗争
2025-02-14 12:05:08,630 - KnowledgeGraph - DEBUG - 发现关系：特有 -nsubj-> 人
2025-02-14 12:05:08,685 - KnowledgeGraph - INFO - 已处理 5/110 个知识点 | 实体: 1 | 关系: 14
2025-02-14 12:05:08,687 - KnowledgeGraph - DEBUG - 处理节点: 我们和自私斗争 我们和谣言 与歧视斗争 最重要的 是此刻 我们被靠地...
2025-02-14 12:05:08,687 - KnowledgeGraph - DEBUG - 
正在从文本中提取实体，文本长度：34
2025-02-14 12:05:08,699 - KnowledgeGraph - DEBUG - 总共识别到 0 个唯一实体
2025-02-14 12:05:08,713 - KnowledgeGraph - DEBUG - 
分析文本的依存关系：我们和自私斗争 我们和谣言 与歧视斗争 最重要的 是此刻 我们被靠地
2025-02-14 12:05:08,713 - KnowledgeGraph - DEBUG - 发现关系：斗争 -nsubj-> 我们
2025-02-14 12:05:08,714 - KnowledgeGraph - DEBUG - 发现关系：重要 -nsubj-> 斗争
2025-02-14 12:05:08,714 - KnowledgeGraph - DEBUG - 发现关系：靠 -nsubj-> 重要
2025-02-14 12:05:08,808 - KnowledgeGraph - DEBUG - 处理节点: 在一起 这是一个普通人的 绝地反击 也是一个民族 从黑暗到光明的 未大变成...
2025-02-14 12:05:08,809 - KnowledgeGraph - DEBUG - 
正在从文本中提取实体，文本长度：37
2025-02-14 12:05:08,822 - KnowledgeGraph - DEBUG - 总共识别到 0 个唯一实体
2025-02-14 12:05:08,832 - KnowledgeGraph - DEBUG - 
分析文本的依存关系：在一起 这是一个普通人的 绝地反击 也是一个民族 从黑暗到光明的 未大变成
2025-02-14 12:05:08,832 - KnowledgeGraph - DEBUG - 发现关系：民族 -nsubj-> 反击
2025-02-14 12:05:08,897 - KnowledgeGraph - DEBUG - 处理节点: 所谓地主 是内心的相信 相信时代 相信自己 相信 成就更好的 力量...
2025-02-14 12:05:08,898 - KnowledgeGraph - DEBUG - 
正在从文本中提取实体，文本长度：33
2025-02-14 12:05:08,908 - KnowledgeGraph - DEBUG - 总共识别到 0 个唯一实体
2025-02-14 12:05:08,917 - KnowledgeGraph - DEBUG - 
分析文本的依存关系：所谓地主 是内心的相信 相信时代 相信自己 相信 成就更好的 力量
2025-02-14 12:05:08,917 - KnowledgeGraph - DEBUG - 发现关系：相信 -nsubj-> 地主
2025-02-14 12:05:08,917 - KnowledgeGraph - DEBUG - 发现关系：相信 -nsubj-> 时代
2025-02-14 12:05:08,917 - KnowledgeGraph - DEBUG - 发现关系：相信 -nsubj-> 自己
2025-02-14 12:05:08,917 - KnowledgeGraph - DEBUG - 发现关系：好的 -nsubj-> 成就
2025-02-14 12:05:09,023 - KnowledgeGraph - DEBUG - 处理节点: 他们说 何必是冒险 人生 还有很多险子 我见过 海拔8000米不壮力 我经历过...
2025-02-14 12:05:09,024 - KnowledgeGraph - DEBUG - 
正在从文本中提取实体，文本长度：39
2025-02-14 12:05:09,035 - KnowledgeGraph - DEBUG - 发现实体：8000米 (类型: QUANTITY)
2025-02-14 12:05:09,035 - KnowledgeGraph - DEBUG - 总共识别到 1 个唯一实体
2025-02-14 12:05:09,045 - KnowledgeGraph - DEBUG - 
分析文本的依存关系：他们说 何必是冒险 人生 还有很多险子 我见过 海拔8000米不壮力 我经历过
2025-02-14 12:05:09,045 - KnowledgeGraph - DEBUG - 发现关系：说 -nsubj-> 他们
2025-02-14 12:05:09,046 - KnowledgeGraph - DEBUG - 发现关系：还有 -nsubj-> 人生
2025-02-14 12:05:09,046 - KnowledgeGraph - DEBUG - 发现关系：还有 -dobj-> 险子
2025-02-14 12:05:09,046 - KnowledgeGraph - DEBUG - 发现关系：见 -nsubj-> 我
2025-02-14 12:05:09,046 - KnowledgeGraph - DEBUG - 发现关系：壮力 -nsubj-> 8000
2025-02-14 12:05:09,046 - KnowledgeGraph - DEBUG - 发现关系：经历 -nsubj-> 我
2025-02-14 12:05:09,193 - KnowledgeGraph - DEBUG - 处理节点: 极力的延安风险 我也在 灯底成功后 痛苦流气 我更见过 生命的描写 人性的伟大...
2025-02-14 12:05:09,193 - KnowledgeGraph - DEBUG - 
正在从文本中提取实体，文本长度：39
2025-02-14 12:05:09,205 - KnowledgeGraph - DEBUG - 发现实体：延安 (类型: GPE)
2025-02-14 12:05:09,205 - KnowledgeGraph - DEBUG - 总共识别到 1 个唯一实体
2025-02-14 12:05:09,215 - KnowledgeGraph - DEBUG - 
分析文本的依存关系：极力的延安风险 我也在 灯底成功后 痛苦流气 我更见过 生命的描写 人性的伟大
2025-02-14 12:05:09,216 - KnowledgeGraph - DEBUG - 发现关系：见 -nsubj-> 我
2025-02-14 12:05:09,216 - KnowledgeGraph - DEBUG - 发现关系：成功 -nsubj-> 灯底
2025-02-14 12:05:09,217 - KnowledgeGraph - DEBUG - 发现关系：见 -nsubj-> 我
2025-02-14 12:05:09,217 - KnowledgeGraph - DEBUG - 发现关系：见 -dobj-> 人性
2025-02-14 12:05:09,311 - KnowledgeGraph - INFO - 已处理 10/110 个知识点 | 实体: 3 | 关系: 32
2025-02-14 12:05:09,313 - KnowledgeGraph - DEBUG - 处理节点: 于是这样 我一任而生命 一阵息 平静的时光 世间所有的险头 都不是为了去征服...
2025-02-14 12:05:09,314 - KnowledgeGraph - DEBUG - 
正在从文本中提取实体，文本长度：38
2025-02-14 12:05:09,328 - KnowledgeGraph - DEBUG - 总共识别到 0 个唯一实体
2025-02-14 12:05:09,344 - KnowledgeGraph - DEBUG - 
分析文本的依存关系：于是这样 我一任而生命 一阵息 平静的时光 世间所有的险头 都不是为了去征服
2025-02-14 12:05:09,344 - KnowledgeGraph - DEBUG - 发现关系：平静 -nsubj-> 我
2025-02-14 12:05:09,345 - KnowledgeGraph - DEBUG - 发现关系：平静 -nsubj-> 生命
2025-02-14 12:05:09,345 - KnowledgeGraph - DEBUG - 发现关系：平静 -nsubj-> 息
2025-02-14 12:05:09,345 - KnowledgeGraph - DEBUG - 发现关系：不是 -nsubj-> 险头
2025-02-14 12:05:09,458 - KnowledgeGraph - DEBUG - 处理节点: 而是为了去享受征服 所谓地主 去内心的热爱 热爱生命 热爱时间...
2025-02-14 12:05:09,459 - KnowledgeGraph - DEBUG - 
正在从文本中提取实体，文本长度：31
2025-02-14 12:05:09,470 - KnowledgeGraph - DEBUG - 总共识别到 0 个唯一实体
2025-02-14 12:05:09,480 - KnowledgeGraph - DEBUG - 
分析文本的依存关系：而是为了去享受征服 所谓地主 去内心的热爱 热爱生命 热爱时间
2025-02-14 12:05:09,481 - KnowledgeGraph - DEBUG - 发现关系：征服 -dobj-> 地主
2025-02-14 12:05:09,481 - KnowledgeGraph - DEBUG - 发现关系：去 -dobj-> 热爱
2025-02-14 12:05:09,481 - KnowledgeGraph - DEBUG - 发现关系：热爱 -nsubj-> 生命
2025-02-14 12:05:09,481 - KnowledgeGraph - DEBUG - 发现关系：享受 -dobj-> 时间
2025-02-14 12:05:09,611 - KnowledgeGraph - DEBUG - 处理节点: 热爱内心 真致的力量 他们说 能到周年 不要一想推他 但于现状...
2025-02-14 12:05:09,612 - KnowledgeGraph - DEBUG - 
正在从文本中提取实体，文本长度：31
2025-02-14 12:05:09,624 - KnowledgeGraph - DEBUG - 总共识别到 0 个唯一实体
2025-02-14 12:05:09,634 - KnowledgeGraph - DEBUG - 
分析文本的依存关系：热爱内心 真致的力量 他们说 能到周年 不要一想推他 但于现状
2025-02-14 12:05:09,634 - KnowledgeGraph - DEBUG - 发现关系：热爱 -dobj-> 真致
2025-02-14 12:05:09,635 - KnowledgeGraph - DEBUG - 发现关系：说 -nsubj-> 他们
2025-02-14 12:05:09,635 - KnowledgeGraph - DEBUG - 发现关系：想 -nsubj-> 周年
2025-02-14 12:05:09,635 - KnowledgeGraph - DEBUG - 发现关系：推 -dobj-> 现状
2025-02-14 12:05:09,752 - KnowledgeGraph - DEBUG - 处理节点: 能到不是对生命的屋服 对去年少时的复杂 今天的梦想 不是先衣怒完 而是内心的堵定...
2025-02-14 12:05:09,752 - KnowledgeGraph - DEBUG - 
正在从文本中提取实体，文本长度：40
2025-02-14 12:05:09,767 - KnowledgeGraph - DEBUG - 发现实体：去年 (类型: DATE)
2025-02-14 12:05:09,767 - KnowledgeGraph - DEBUG - 发现实体：今天 (类型: DATE)
2025-02-14 12:05:09,767 - KnowledgeGraph - DEBUG - 总共识别到 2 个唯一实体
2025-02-14 12:05:09,781 - KnowledgeGraph - DEBUG - 
分析文本的依存关系：能到不是对生命的屋服 对去年少时的复杂 今天的梦想 不是先衣怒完 而是内心的堵定
2025-02-14 12:05:09,781 - KnowledgeGraph - DEBUG - 发现共现关系：去年 -相关-> 今天
2025-02-14 12:05:09,887 - KnowledgeGraph - DEBUG - 处理节点: 从容 向我震撼 与伟大 平凡的个体 才能凝聚出 不凡...
2025-02-14 12:05:09,887 - KnowledgeGraph - DEBUG - 
正在从文本中提取实体，文本长度：26
2025-02-14 12:05:09,900 - KnowledgeGraph - DEBUG - 总共识别到 0 个唯一实体
2025-02-14 12:05:09,911 - KnowledgeGraph - DEBUG - 
分析文本的依存关系：从容 向我震撼 与伟大 平凡的个体 才能凝聚出 不凡
2025-02-14 12:05:09,936 - KnowledgeGraph - INFO - 已处理 15/110 个知识点 | 实体: 5 | 关系: 45
2025-02-14 12:05:09,937 - KnowledgeGraph - DEBUG - 处理节点: 你生活 熟写日新类意 你时间雕刻内心耻度 一如所有更云者 的城市住入彭博力量 创造更多可能...
2025-02-14 12:05:09,938 - KnowledgeGraph - DEBUG - 
正在从文本中提取实体，文本长度：45
2025-02-14 12:05:09,953 - KnowledgeGraph - DEBUG - 发现实体：日 (类型: GPE)
2025-02-14 12:05:09,954 - KnowledgeGraph - DEBUG - 发现实体：彭 (类型: PERSON)
2025-02-14 12:05:09,954 - KnowledgeGraph - DEBUG - 总共识别到 2 个唯一实体
2025-02-14 12:05:09,969 - KnowledgeGraph - DEBUG - 
分析文本的依存关系：你生活 熟写日新类意 你时间雕刻内心耻度 一如所有更云者 的城市住入彭博力量 创造更多可能
2025-02-14 12:05:09,969 - KnowledgeGraph - DEBUG - 发现关系：生活 -nsubj-> 你
2025-02-14 12:05:09,969 - KnowledgeGraph - DEBUG - 发现关系：写 -dobj-> 类意
2025-02-14 12:05:09,969 - KnowledgeGraph - DEBUG - 发现关系：云者 -nsubj-> 耻度
2025-02-14 12:05:09,970 - KnowledgeGraph - DEBUG - 发现关系：创造 -nsubj-> 博力量
2025-02-14 12:05:09,970 - KnowledgeGraph - DEBUG - 发现关系：创造 -dobj-> 可能
2025-02-14 12:05:09,970 - KnowledgeGraph - DEBUG - 发现共现关系：日 -相关-> 彭
2025-02-14 12:05:10,135 - KnowledgeGraph - DEBUG - 处理节点: 所谓地主 是内心的坚定 坚定 坚定细绵 坚定绝泽 坚定持织以恒的力量 主要贯歇...
2025-02-14 12:05:10,136 - KnowledgeGraph - DEBUG - 
正在从文本中提取实体，文本长度：39
2025-02-14 12:05:10,151 - KnowledgeGraph - DEBUG - 总共识别到 0 个唯一实体
2025-02-14 12:05:10,162 - KnowledgeGraph - DEBUG - 
分析文本的依存关系：所谓地主 是内心的坚定 坚定 坚定细绵 坚定绝泽 坚定持织以恒的力量 主要贯歇
2025-02-14 12:05:10,162 - KnowledgeGraph - DEBUG - 发现关系：细绵 -nsubj-> 地主
2025-02-14 12:05:10,163 - KnowledgeGraph - DEBUG - 发现关系：细绵 -dobj-> 绝泽
2025-02-14 12:05:10,163 - KnowledgeGraph - DEBUG - 发现关系：贯歇 -nsubj-> 力量
2025-02-14 12:05:10,250 - KnowledgeGraph - DEBUG - 处理节点: 属于终于 在奔留不惜的绑槽中 我们或许一辈子 都不曾登上了一幅 我们可能进了全力...
2025-02-14 12:05:10,251 - KnowledgeGraph - DEBUG - 
正在从文本中提取实体，文本长度：40
2025-02-14 12:05:10,262 - KnowledgeGraph - DEBUG - 总共识别到 0 个唯一实体
2025-02-14 12:05:10,273 - KnowledgeGraph - DEBUG - 
分析文本的依存关系：属于终于 在奔留不惜的绑槽中 我们或许一辈子 都不曾登上了一幅 我们可能进了全力
2025-02-14 12:05:10,273 - KnowledgeGraph - DEBUG - 发现关系：属于 -dobj-> 绑槽
2025-02-14 12:05:10,273 - KnowledgeGraph - DEBUG - 发现关系：登上 -nsubj-> 我们
2025-02-14 12:05:10,273 - KnowledgeGraph - DEBUG - 发现关系：进 -nsubj-> 我们
2025-02-14 12:05:10,364 - KnowledgeGraph - DEBUG - 处理节点: 也赶不上上潮 但是 每个人 都是司机的顶重 都是一例舞蹈中间...
2025-02-14 12:05:10,365 - KnowledgeGraph - DEBUG - 
正在从文本中提取实体，文本长度：30
2025-02-14 12:05:10,379 - KnowledgeGraph - DEBUG - 总共识别到 0 个唯一实体
2025-02-14 12:05:10,389 - KnowledgeGraph - DEBUG - 
分析文本的依存关系：也赶不上上潮 但是 每个人 都是司机的顶重 都是一例舞蹈中间
2025-02-14 12:05:10,390 - KnowledgeGraph - DEBUG - 发现关系：赶 -dobj-> 上潮
2025-02-14 12:05:10,390 - KnowledgeGraph - DEBUG - 发现关系：顶重 -nsubj-> 人
2025-02-16 10:09:47,464 - KnowledgeGraph - INFO - 成功加载中文NLP模型
2025-02-16 10:09:49,657 - KnowledgeGraph - ERROR - Neo4j连接尝试 1/3 失败: Cannot open connection to ConnectionProfile('bolt://localhost:7687')
2025-02-16 10:09:53,702 - KnowledgeGraph - ERROR - Neo4j连接尝试 2/3 失败: Cannot open connection to ConnectionProfile('bolt://localhost:7687')
2025-02-16 10:09:57,752 - KnowledgeGraph - ERROR - Neo4j连接尝试 3/3 失败: Cannot open connection to ConnectionProfile('bolt://localhost:7687')
2025-02-16 10:09:57,753 - KnowledgeGraph - ERROR - Neo4j连接失败，已达到最大重试次数
2025-02-16 10:09:57,859 - KnowledgeGraph - DEBUG - 处理节点: 那些焦虑的人 应该停下来 问问自己 在崩流不息的浪潮中...
2025-02-16 10:09:57,861 - KnowledgeGraph - DEBUG - 
正在从文本中提取实体，文本长度：27
2025-02-16 10:09:57,898 - KnowledgeGraph - DEBUG - 发现实体：崩流不息 (类型: GPE)
2025-02-16 10:09:57,900 - KnowledgeGraph - DEBUG - 总共识别到 1 个唯一实体
2025-02-16 10:09:57,908 - KnowledgeGraph - DEBUG - 
分析文本的依存关系：那些焦虑的人 应该停下来 问问自己 在崩流不息的浪潮中
2025-02-16 10:09:57,909 - KnowledgeGraph - DEBUG - 发现关系：停 -nsubj-> 人
2025-02-16 10:09:57,909 - KnowledgeGraph - DEBUG - 发现关系：问问 -dobj-> 自己
2025-02-16 10:09:57,973 - KnowledgeGraph - ERROR - Neo4j操作失败 (尝试 1/3): 'NoneType' object has no attribute 'merge'
2025-02-16 10:09:59,485 - KnowledgeGraph - ERROR - Neo4j操作失败 (尝试 2/3): 'NoneType' object has no attribute 'merge'
2025-02-16 10:10:02,497 - KnowledgeGraph - ERROR - Neo4j操作失败 (尝试 3/3): 'NoneType' object has no attribute 'merge'
2025-02-16 10:10:02,497 - KnowledgeGraph - ERROR - ❌ 达到最大重试次数，节点创建失败
2025-02-16 10:10:02,499 - KnowledgeGraph - DEBUG - 处理节点: 究竟生出何地 有人行走电风 有人随波逐流 也有人终流积水...
2025-02-16 10:10:02,499 - KnowledgeGraph - DEBUG - 
正在从文本中提取实体，文本长度：28
2025-02-16 10:10:02,506 - KnowledgeGraph - DEBUG - 总共识别到 0 个唯一实体
2025-02-16 10:10:02,511 - KnowledgeGraph - DEBUG - 
分析文本的依存关系：究竟生出何地 有人行走电风 有人随波逐流 也有人终流积水
2025-02-16 10:10:02,511 - KnowledgeGraph - DEBUG - 发现关系：有人 -nsubj-> 电风
2025-02-16 10:10:02,527 - KnowledgeGraph - ERROR - Neo4j操作失败 (尝试 1/3): 'NoneType' object has no attribute 'merge'
2025-02-16 10:10:04,039 - KnowledgeGraph - ERROR - Neo4j操作失败 (尝试 2/3): 'NoneType' object has no attribute 'merge'
2025-02-16 10:10:07,051 - KnowledgeGraph - ERROR - Neo4j操作失败 (尝试 3/3): 'NoneType' object has no attribute 'merge'
2025-02-16 10:10:07,051 - KnowledgeGraph - ERROR - ❌ 达到最大重试次数，节点创建失败
2025-02-16 10:10:07,052 - KnowledgeGraph - DEBUG - 处理节点: 成为地主 地主不是平庸 是共识的自信 是时间的积实 是让我们 灯有力量...
2025-02-16 10:10:07,053 - KnowledgeGraph - DEBUG - 
正在从文本中提取实体，文本长度：35
2025-02-16 10:10:07,061 - KnowledgeGraph - DEBUG - 总共识别到 0 个唯一实体
2025-02-16 10:10:07,071 - KnowledgeGraph - DEBUG - 
分析文本的依存关系：成为地主 地主不是平庸 是共识的自信 是时间的积实 是让我们 灯有力量
2025-02-16 10:10:07,071 - KnowledgeGraph - DEBUG - 发现关系：成为 -dobj-> 地主
2025-02-16 10:10:07,072 - KnowledgeGraph - DEBUG - 发现关系：积实 -nsubj-> 自信
2025-02-16 10:10:07,072 - KnowledgeGraph - DEBUG - 发现关系：让 -nsubj-> 积实
2025-02-16 10:10:07,072 - KnowledgeGraph - DEBUG - 发现关系：让 -dobj-> 灯
2025-02-16 10:10:07,072 - KnowledgeGraph - DEBUG - 发现关系：有 -dobj-> 力量
2025-02-16 10:10:07,119 - KnowledgeGraph - ERROR - Neo4j操作失败 (尝试 1/3): 'NoneType' object has no attribute 'merge'
2025-02-16 10:10:08,621 - KnowledgeGraph - ERROR - Neo4j操作失败 (尝试 2/3): 'NoneType' object has no attribute 'merge'
2025-02-16 10:10:11,629 - KnowledgeGraph - ERROR - Neo4j操作失败 (尝试 3/3): 'NoneType' object has no attribute 'merge'
2025-02-16 10:10:11,629 - KnowledgeGraph - ERROR - ❌ 达到最大重试次数，节点创建失败
2025-02-16 10:10:11,630 - KnowledgeGraph - DEBUG - 处理节点: 他们说 我们都是普通人 不是战士 也不是斗神 可是 当恒亚来临...
2025-02-16 10:10:11,631 - KnowledgeGraph - DEBUG - 
正在从文本中提取实体，文本长度：31
2025-02-16 10:10:11,640 - KnowledgeGraph - DEBUG - 总共识别到 0 个唯一实体
2025-02-16 10:10:11,648 - KnowledgeGraph - DEBUG - 
分析文本的依存关系：他们说 我们都是普通人 不是战士 也不是斗神 可是 当恒亚来临
2025-02-16 10:10:11,648 - KnowledgeGraph - DEBUG - 发现关系：说 -nsubj-> 他们
2025-02-16 10:10:11,648 - KnowledgeGraph - DEBUG - 发现关系：普通人 -nsubj-> 我们
2025-02-16 10:10:11,648 - KnowledgeGraph - DEBUG - 发现关系：斗神 -nsubj-> 普通人
2025-02-16 10:10:11,648 - KnowledgeGraph - DEBUG - 发现关系：斗神 -nsubj-> 战士
2025-02-16 10:10:11,648 - KnowledgeGraph - DEBUG - 发现关系：来临 -nsubj-> 恒亚
2025-02-16 10:10:11,672 - KnowledgeGraph - ERROR - Neo4j操作失败 (尝试 1/3): 'NoneType' object has no attribute 'merge'
2025-02-16 10:10:13,175 - KnowledgeGraph - ERROR - Neo4j操作失败 (尝试 2/3): 'NoneType' object has no attribute 'merge'
2025-02-16 10:10:16,188 - KnowledgeGraph - ERROR - Neo4j操作失败 (尝试 3/3): 'NoneType' object has no attribute 'merge'
2025-02-16 10:10:16,188 - KnowledgeGraph - ERROR - ❌ 达到最大重试次数，节点创建失败
2025-02-16 10:10:16,190 - KnowledgeGraph - DEBUG - 处理节点: 没有人特有独善其身 不能独自担忧 不能独自恐惧 于是 我们和未知斗争...
2025-02-16 10:10:16,190 - KnowledgeGraph - DEBUG - 
正在从文本中提取实体，文本长度：34
2025-02-16 10:10:16,198 - KnowledgeGraph - DEBUG - 总共识别到 0 个唯一实体
2025-02-16 10:10:16,205 - KnowledgeGraph - DEBUG - 
分析文本的依存关系：没有人特有独善其身 不能独自担忧 不能独自恐惧 于是 我们和未知斗争
2025-02-16 10:10:16,206 - KnowledgeGraph - DEBUG - 发现关系：特有 -nsubj-> 人
2025-02-16 10:10:16,223 - KnowledgeGraph - ERROR - Neo4j操作失败 (尝试 1/3): 'NoneType' object has no attribute 'merge'
2025-02-16 10:10:17,729 - KnowledgeGraph - ERROR - Neo4j操作失败 (尝试 2/3): 'NoneType' object has no attribute 'merge'
2025-02-16 10:10:20,742 - KnowledgeGraph - ERROR - Neo4j操作失败 (尝试 3/3): 'NoneType' object has no attribute 'merge'
2025-02-16 10:10:20,743 - KnowledgeGraph - ERROR - ❌ 达到最大重试次数，节点创建失败
2025-02-16 10:10:20,744 - KnowledgeGraph - DEBUG - 处理节点: 我们和自私斗争 我们和谣言 与歧视斗争 最重要的 是此刻 我们被靠地...
2025-02-16 10:10:20,744 - KnowledgeGraph - DEBUG - 
正在从文本中提取实体，文本长度：34
2025-02-16 10:10:20,753 - KnowledgeGraph - DEBUG - 总共识别到 0 个唯一实体
2025-02-16 10:10:20,759 - KnowledgeGraph - DEBUG - 
分析文本的依存关系：我们和自私斗争 我们和谣言 与歧视斗争 最重要的 是此刻 我们被靠地
2025-02-16 10:10:20,759 - KnowledgeGraph - DEBUG - 发现关系：斗争 -nsubj-> 我们
2025-02-16 10:10:20,760 - KnowledgeGraph - DEBUG - 发现关系：重要 -nsubj-> 斗争
2025-02-16 10:10:20,760 - KnowledgeGraph - DEBUG - 发现关系：靠 -nsubj-> 重要
2025-02-16 10:10:20,887 - KnowledgeGraph - ERROR - Neo4j操作失败 (尝试 1/3): 'NoneType' object has no attribute 'merge'
2025-02-16 10:10:22,395 - KnowledgeGraph - ERROR - Neo4j操作失败 (尝试 2/3): 'NoneType' object has no attribute 'merge'
2025-02-16 10:10:25,397 - KnowledgeGraph - ERROR - Neo4j操作失败 (尝试 3/3): 'NoneType' object has no attribute 'merge'
2025-02-16 10:10:25,397 - KnowledgeGraph - ERROR - ❌ 达到最大重试次数，节点创建失败
2025-02-16 10:10:25,399 - KnowledgeGraph - DEBUG - 处理节点: 在一起 这是一个普通人的 绝地反击 也是一个民族 从黑暗到光明的 未大变成...
2025-02-16 10:10:25,399 - KnowledgeGraph - DEBUG - 
正在从文本中提取实体，文本长度：37
2025-02-16 10:10:25,410 - KnowledgeGraph - DEBUG - 总共识别到 0 个唯一实体
2025-02-16 10:10:25,419 - KnowledgeGraph - DEBUG - 
分析文本的依存关系：在一起 这是一个普通人的 绝地反击 也是一个民族 从黑暗到光明的 未大变成
2025-02-16 10:10:25,419 - KnowledgeGraph - DEBUG - 发现关系：民族 -nsubj-> 反击
2025-02-16 10:10:25,501 - KnowledgeGraph - ERROR - Neo4j操作失败 (尝试 1/3): 'NoneType' object has no attribute 'merge'
2025-02-16 10:10:27,009 - KnowledgeGraph - ERROR - Neo4j操作失败 (尝试 2/3): 'NoneType' object has no attribute 'merge'
2025-02-16 10:10:30,023 - KnowledgeGraph - ERROR - Neo4j操作失败 (尝试 3/3): 'NoneType' object has no attribute 'merge'
2025-02-16 10:10:30,024 - KnowledgeGraph - ERROR - ❌ 达到最大重试次数，节点创建失败
2025-02-16 10:10:30,025 - KnowledgeGraph - DEBUG - 处理节点: 所谓地主 是内心的相信 相信时代 相信自己 相信 成就更好的 力量...
2025-02-16 10:10:30,025 - KnowledgeGraph - DEBUG - 
正在从文本中提取实体，文本长度：33
2025-02-16 10:10:30,034 - KnowledgeGraph - DEBUG - 总共识别到 0 个唯一实体
2025-02-16 10:10:30,041 - KnowledgeGraph - DEBUG - 
分析文本的依存关系：所谓地主 是内心的相信 相信时代 相信自己 相信 成就更好的 力量
2025-02-16 10:10:30,041 - KnowledgeGraph - DEBUG - 发现关系：相信 -nsubj-> 地主
2025-02-16 10:10:30,041 - KnowledgeGraph - DEBUG - 发现关系：相信 -nsubj-> 时代
2025-02-16 10:10:30,041 - KnowledgeGraph - DEBUG - 发现关系：相信 -nsubj-> 自己
2025-02-16 10:10:30,041 - KnowledgeGraph - DEBUG - 发现关系：好的 -nsubj-> 成就
2025-02-16 10:10:30,064 - KnowledgeGraph - ERROR - Neo4j操作失败 (尝试 1/3): 'NoneType' object has no attribute 'merge'
2025-02-16 10:10:31,573 - KnowledgeGraph - ERROR - Neo4j操作失败 (尝试 2/3): 'NoneType' object has no attribute 'merge'
2025-02-16 10:10:34,574 - KnowledgeGraph - ERROR - Neo4j操作失败 (尝试 3/3): 'NoneType' object has no attribute 'merge'
2025-02-16 10:10:34,575 - KnowledgeGraph - ERROR - ❌ 达到最大重试次数，节点创建失败
2025-02-16 10:10:34,576 - KnowledgeGraph - DEBUG - 处理节点: 他们说 何必是冒险 人生 还有很多险子 我见过 海拔8000米不壮力 我经历过...
2025-02-16 10:10:34,576 - KnowledgeGraph - DEBUG - 
正在从文本中提取实体，文本长度：39
2025-02-16 10:10:34,584 - KnowledgeGraph - DEBUG - 发现实体：8000米 (类型: QUANTITY)
2025-02-16 10:10:34,584 - KnowledgeGraph - DEBUG - 总共识别到 1 个唯一实体
2025-02-16 10:10:34,591 - KnowledgeGraph - DEBUG - 
分析文本的依存关系：他们说 何必是冒险 人生 还有很多险子 我见过 海拔8000米不壮力 我经历过
2025-02-16 10:10:34,591 - KnowledgeGraph - DEBUG - 发现关系：说 -nsubj-> 他们
2025-02-16 10:10:34,591 - KnowledgeGraph - DEBUG - 发现关系：还有 -nsubj-> 人生
2025-02-16 10:10:34,591 - KnowledgeGraph - DEBUG - 发现关系：还有 -dobj-> 险子
2025-02-16 10:10:34,591 - KnowledgeGraph - DEBUG - 发现关系：见 -nsubj-> 我
2025-02-16 10:10:34,591 - KnowledgeGraph - DEBUG - 发现关系：壮力 -nsubj-> 8000
2025-02-16 10:10:34,591 - KnowledgeGraph - DEBUG - 发现关系：经历 -nsubj-> 我
2025-02-16 10:10:34,613 - KnowledgeGraph - ERROR - Neo4j操作失败 (尝试 1/3): 'NoneType' object has no attribute 'merge'
2025-02-16 10:10:36,118 - KnowledgeGraph - ERROR - Neo4j操作失败 (尝试 2/3): 'NoneType' object has no attribute 'merge'
2025-02-16 10:10:39,134 - KnowledgeGraph - ERROR - Neo4j操作失败 (尝试 3/3): 'NoneType' object has no attribute 'merge'
2025-02-16 10:10:39,134 - KnowledgeGraph - ERROR - ❌ 达到最大重试次数，节点创建失败
2025-02-16 10:10:39,136 - KnowledgeGraph - DEBUG - 处理节点: 极力的延安风险 我也在 灯底成功后 痛苦流气 我更见过 生命的描写 人性的伟大...
2025-02-16 10:10:39,136 - KnowledgeGraph - DEBUG - 
正在从文本中提取实体，文本长度：39
2025-02-16 10:10:39,144 - KnowledgeGraph - DEBUG - 发现实体：延安 (类型: GPE)
2025-02-16 10:10:39,144 - KnowledgeGraph - DEBUG - 总共识别到 1 个唯一实体
2025-02-16 10:10:39,152 - KnowledgeGraph - DEBUG - 
分析文本的依存关系：极力的延安风险 我也在 灯底成功后 痛苦流气 我更见过 生命的描写 人性的伟大
2025-02-16 10:10:39,152 - KnowledgeGraph - DEBUG - 发现关系：见 -nsubj-> 我
2025-02-16 10:10:39,152 - KnowledgeGraph - DEBUG - 发现关系：成功 -nsubj-> 灯底
2025-02-16 10:10:39,153 - KnowledgeGraph - DEBUG - 发现关系：见 -nsubj-> 我
2025-02-16 10:10:39,153 - KnowledgeGraph - DEBUG - 发现关系：见 -dobj-> 人性
2025-02-16 10:10:39,258 - KnowledgeGraph - ERROR - Neo4j操作失败 (尝试 1/3): 'NoneType' object has no attribute 'merge'
2025-02-16 10:10:40,760 - KnowledgeGraph - ERROR - Neo4j操作失败 (尝试 2/3): 'NoneType' object has no attribute 'merge'
2025-02-16 10:10:43,772 - KnowledgeGraph - ERROR - Neo4j操作失败 (尝试 3/3): 'NoneType' object has no attribute 'merge'
2025-02-16 10:10:43,773 - KnowledgeGraph - ERROR - ❌ 达到最大重试次数，节点创建失败
2025-02-16 10:10:43,774 - KnowledgeGraph - DEBUG - 处理节点: 于是这样 我一任而生命 一阵息 平静的时光 时间所有的险头 都不是为了去征服...
2025-02-16 10:10:43,774 - KnowledgeGraph - DEBUG - 
正在从文本中提取实体，文本长度：38
2025-02-16 10:10:43,782 - KnowledgeGraph - DEBUG - 总共识别到 0 个唯一实体
2025-02-16 10:10:43,790 - KnowledgeGraph - DEBUG - 
分析文本的依存关系：于是这样 我一任而生命 一阵息 平静的时光 时间所有的险头 都不是为了去征服
2025-02-16 10:10:43,790 - KnowledgeGraph - DEBUG - 发现关系：平静 -nsubj-> 我
2025-02-16 10:10:43,790 - KnowledgeGraph - DEBUG - 发现关系：平静 -nsubj-> 生命
2025-02-16 10:10:43,790 - KnowledgeGraph - DEBUG - 发现关系：平静 -nsubj-> 息
2025-02-16 10:10:43,790 - KnowledgeGraph - DEBUG - 发现关系：不是 -nsubj-> 险头
2025-02-16 10:10:43,817 - KnowledgeGraph - ERROR - Neo4j操作失败 (尝试 1/3): 'NoneType' object has no attribute 'merge'
2025-02-16 10:10:45,333 - KnowledgeGraph - ERROR - Neo4j操作失败 (尝试 2/3): 'NoneType' object has no attribute 'merge'
2025-02-16 10:10:48,344 - KnowledgeGraph - ERROR - Neo4j操作失败 (尝试 3/3): 'NoneType' object has no attribute 'merge'
2025-02-16 10:10:48,344 - KnowledgeGraph - ERROR - ❌ 达到最大重试次数，节点创建失败
2025-02-16 10:10:48,345 - KnowledgeGraph - DEBUG - 处理节点: 而是为了去享受征服 所谓地主 去内心的热爱 热爱生命 热爱时间...
2025-02-16 10:10:48,346 - KnowledgeGraph - DEBUG - 
正在从文本中提取实体，文本长度：31
2025-02-16 10:10:48,355 - KnowledgeGraph - DEBUG - 总共识别到 0 个唯一实体
2025-02-16 10:10:48,362 - KnowledgeGraph - DEBUG - 
分析文本的依存关系：而是为了去享受征服 所谓地主 去内心的热爱 热爱生命 热爱时间
2025-02-16 10:10:48,362 - KnowledgeGraph - DEBUG - 发现关系：征服 -dobj-> 地主
2025-02-16 10:10:48,364 - KnowledgeGraph - DEBUG - 发现关系：去 -dobj-> 热爱
2025-02-16 10:10:48,364 - KnowledgeGraph - DEBUG - 发现关系：热爱 -nsubj-> 生命
2025-02-16 10:10:48,364 - KnowledgeGraph - DEBUG - 发现关系：享受 -dobj-> 时间
2025-02-16 10:10:48,383 - KnowledgeGraph - ERROR - Neo4j操作失败 (尝试 1/3): 'NoneType' object has no attribute 'merge'
2025-02-16 10:10:49,898 - KnowledgeGraph - ERROR - Neo4j操作失败 (尝试 2/3): 'NoneType' object has no attribute 'merge'
2025-02-16 10:10:52,904 - KnowledgeGraph - ERROR - Neo4j操作失败 (尝试 3/3): 'NoneType' object has no attribute 'merge'
2025-02-16 10:10:52,904 - KnowledgeGraph - ERROR - ❌ 达到最大重试次数，节点创建失败
2025-02-16 10:10:52,905 - KnowledgeGraph - DEBUG - 处理节点: 热爱内心 真致的力量 他们说 能到周年 不要一想推他 但于现状...
2025-02-16 10:10:52,906 - KnowledgeGraph - DEBUG - 
正在从文本中提取实体，文本长度：31
2025-02-16 10:10:52,913 - KnowledgeGraph - DEBUG - 总共识别到 0 个唯一实体
2025-02-16 10:10:52,920 - KnowledgeGraph - DEBUG - 
分析文本的依存关系：热爱内心 真致的力量 他们说 能到周年 不要一想推他 但于现状
2025-02-16 10:10:52,920 - KnowledgeGraph - DEBUG - 发现关系：热爱 -dobj-> 真致
2025-02-16 10:10:52,920 - KnowledgeGraph - DEBUG - 发现关系：说 -nsubj-> 他们
2025-02-16 10:10:52,920 - KnowledgeGraph - DEBUG - 发现关系：想 -nsubj-> 周年
2025-02-16 10:10:52,920 - KnowledgeGraph - DEBUG - 发现关系：推 -dobj-> 现状
2025-02-16 10:10:53,044 - KnowledgeGraph - ERROR - Neo4j操作失败 (尝试 1/3): 'NoneType' object has no attribute 'merge'
2025-02-16 10:10:54,556 - KnowledgeGraph - ERROR - Neo4j操作失败 (尝试 2/3): 'NoneType' object has no attribute 'merge'
2025-02-16 10:10:57,562 - KnowledgeGraph - ERROR - Neo4j操作失败 (尝试 3/3): 'NoneType' object has no attribute 'merge'
2025-02-16 10:10:57,563 - KnowledgeGraph - ERROR - ❌ 达到最大重试次数，节点创建失败
2025-02-16 10:10:57,564 - KnowledgeGraph - DEBUG - 处理节点: 能到不是对生命的屋服 对去年少时的复杂 今天的梦想 不是先衣怒完 而是内心的堵定...
2025-02-16 10:10:57,564 - KnowledgeGraph - DEBUG - 
正在从文本中提取实体，文本长度：40
2025-02-16 10:10:57,574 - KnowledgeGraph - DEBUG - 发现实体：去年 (类型: DATE)
2025-02-16 10:10:57,574 - KnowledgeGraph - DEBUG - 发现实体：今天 (类型: DATE)
2025-02-16 10:10:57,574 - KnowledgeGraph - DEBUG - 总共识别到 2 个唯一实体
2025-02-16 10:10:57,584 - KnowledgeGraph - DEBUG - 
分析文本的依存关系：能到不是对生命的屋服 对去年少时的复杂 今天的梦想 不是先衣怒完 而是内心的堵定
2025-02-16 10:10:57,585 - KnowledgeGraph - DEBUG - 发现共现关系：去年 -相关-> 今天
2025-02-16 10:10:57,612 - KnowledgeGraph - ERROR - Neo4j操作失败 (尝试 1/3): 'NoneType' object has no attribute 'merge'
2025-02-16 10:10:59,120 - KnowledgeGraph - ERROR - Neo4j操作失败 (尝试 2/3): 'NoneType' object has no attribute 'merge'
2025-02-16 10:11:02,131 - KnowledgeGraph - ERROR - Neo4j操作失败 (尝试 3/3): 'NoneType' object has no attribute 'merge'
2025-02-16 10:11:02,131 - KnowledgeGraph - ERROR - ❌ 达到最大重试次数，节点创建失败
2025-02-16 10:11:02,133 - KnowledgeGraph - DEBUG - 处理节点: 从容 向我震撼 与伟大 平凡的个体 才能凝聚出 无反...
2025-02-16 10:11:02,133 - KnowledgeGraph - DEBUG - 
正在从文本中提取实体，文本长度：26
2025-02-16 10:11:02,140 - KnowledgeGraph - DEBUG - 总共识别到 0 个唯一实体
2025-02-16 10:11:02,145 - KnowledgeGraph - DEBUG - 
分析文本的依存关系：从容 向我震撼 与伟大 平凡的个体 才能凝聚出 无反
2025-02-16 10:11:02,172 - KnowledgeGraph - ERROR - Neo4j操作失败 (尝试 1/3): 'NoneType' object has no attribute 'merge'
2025-02-16 10:11:03,688 - KnowledgeGraph - ERROR - Neo4j操作失败 (尝试 2/3): 'NoneType' object has no attribute 'merge'
2025-02-16 10:11:06,700 - KnowledgeGraph - ERROR - Neo4j操作失败 (尝试 3/3): 'NoneType' object has no attribute 'merge'
2025-02-16 10:11:06,700 - KnowledgeGraph - ERROR - ❌ 达到最大重试次数，节点创建失败
2025-02-16 10:11:06,702 - KnowledgeGraph - DEBUG - 处理节点: 你生活 熟写日新类意 你时间雕刻内心迟度 一如所有更云者 的城市住入彭博力量 创造更多可能...
2025-02-16 10:11:06,702 - KnowledgeGraph - DEBUG - 
正在从文本中提取实体，文本长度：45
2025-02-16 10:11:06,712 - KnowledgeGraph - DEBUG - 发现实体：日 (类型: GPE)
2025-02-16 10:11:06,712 - KnowledgeGraph - DEBUG - 发现实体：彭 (类型: PERSON)
2025-02-16 10:11:06,712 - KnowledgeGraph - DEBUG - 总共识别到 2 个唯一实体
2025-02-16 10:11:06,721 - KnowledgeGraph - DEBUG - 
分析文本的依存关系：你生活 熟写日新类意 你时间雕刻内心迟度 一如所有更云者 的城市住入彭博力量 创造更多可能
2025-02-16 10:11:06,721 - KnowledgeGraph - DEBUG - 发现关系：生活 -nsubj-> 你
2025-02-16 10:11:06,722 - KnowledgeGraph - DEBUG - 发现关系：写 -dobj-> 类意
2025-02-16 10:11:06,722 - KnowledgeGraph - DEBUG - 发现关系：雕刻 -dobj-> 迟度
2025-02-16 10:11:06,722 - KnowledgeGraph - DEBUG - 发现关系：创造 -nsubj-> 博力量
2025-02-16 10:11:06,722 - KnowledgeGraph - DEBUG - 发现关系：创造 -dobj-> 可能
2025-02-16 10:11:06,722 - KnowledgeGraph - DEBUG - 发现共现关系：日 -相关-> 彭
2025-02-16 10:11:06,744 - KnowledgeGraph - ERROR - Neo4j操作失败 (尝试 1/3): 'NoneType' object has no attribute 'merge'
2025-02-16 10:11:08,248 - KnowledgeGraph - ERROR - Neo4j操作失败 (尝试 2/3): 'NoneType' object has no attribute 'merge'
2025-02-16 10:11:11,261 - KnowledgeGraph - ERROR - Neo4j操作失败 (尝试 3/3): 'NoneType' object has no attribute 'merge'
2025-02-16 10:11:11,261 - KnowledgeGraph - ERROR - ❌ 达到最大重试次数，节点创建失败
2025-02-16 10:11:11,262 - KnowledgeGraph - DEBUG - 处理节点: 所谓地主 是内心的坚定 坚定细面 坚定绝则 坚定持织以恒的力量 主要贯歇...
2025-02-16 10:11:11,262 - KnowledgeGraph - DEBUG - 
正在从文本中提取实体，文本长度：36
2025-02-16 10:11:11,272 - KnowledgeGraph - DEBUG - 总共识别到 0 个唯一实体
2025-02-16 10:11:11,282 - KnowledgeGraph - DEBUG - 
分析文本的依存关系：所谓地主 是内心的坚定 坚定细面 坚定绝则 坚定持织以恒的力量 主要贯歇
2025-02-16 10:11:11,282 - KnowledgeGraph - DEBUG - 发现关系：坚定 -nsubj-> 地主
2025-02-16 10:11:11,282 - KnowledgeGraph - DEBUG - 发现关系：坚定 -nsubj-> 坚定
2025-02-16 10:11:11,282 - KnowledgeGraph - DEBUG - 发现关系：贯歇 -nsubj-> 力量
2025-02-16 10:11:11,306 - KnowledgeGraph - ERROR - Neo4j操作失败 (尝试 1/3): 'NoneType' object has no attribute 'merge'
2025-02-16 10:11:12,821 - KnowledgeGraph - ERROR - Neo4j操作失败 (尝试 2/3): 'NoneType' object has no attribute 'merge'
2025-02-16 10:11:15,823 - KnowledgeGraph - ERROR - Neo4j操作失败 (尝试 3/3): 'NoneType' object has no attribute 'merge'
2025-02-16 10:11:15,824 - KnowledgeGraph - ERROR - ❌ 达到最大重试次数，节点创建失败
2025-02-16 10:11:15,825 - KnowledgeGraph - DEBUG - 处理节点: 属于终于 在奔留不惜的绑槽中 我们或许一辈子 都不曾登上了一幅 我们可能进了全力...
2025-02-16 10:11:15,825 - KnowledgeGraph - DEBUG - 
正在从文本中提取实体，文本长度：40
2025-02-16 10:11:15,834 - KnowledgeGraph - DEBUG - 总共识别到 0 个唯一实体
2025-02-16 10:11:15,842 - KnowledgeGraph - DEBUG - 
分析文本的依存关系：属于终于 在奔留不惜的绑槽中 我们或许一辈子 都不曾登上了一幅 我们可能进了全力
2025-02-16 10:11:15,842 - KnowledgeGraph - DEBUG - 发现关系：属于 -dobj-> 绑槽
2025-02-16 10:11:15,842 - KnowledgeGraph - DEBUG - 发现关系：登上 -nsubj-> 我们
2025-02-16 10:11:15,842 - KnowledgeGraph - DEBUG - 发现关系：进 -nsubj-> 我们
2025-02-16 10:11:15,863 - KnowledgeGraph - ERROR - Neo4j操作失败 (尝试 1/3): 'NoneType' object has no attribute 'merge'
2025-02-16 10:11:17,365 - KnowledgeGraph - ERROR - Neo4j操作失败 (尝试 2/3): 'NoneType' object has no attribute 'merge'
2025-02-16 10:11:20,375 - KnowledgeGraph - ERROR - Neo4j操作失败 (尝试 3/3): 'NoneType' object has no attribute 'merge'
2025-02-16 10:11:20,376 - KnowledgeGraph - ERROR - ❌ 达到最大重试次数，节点创建失败
2025-02-16 10:11:20,377 - KnowledgeGraph - DEBUG - 处理节点: 也赶不上上朝 但是 每个人 都是司机的顶重 都是一例舞蹈中间...
2025-02-16 10:11:20,377 - KnowledgeGraph - DEBUG - 
正在从文本中提取实体，文本长度：30
2025-02-16 10:11:20,385 - KnowledgeGraph - DEBUG - 总共识别到 0 个唯一实体
2025-02-16 10:11:20,392 - KnowledgeGraph - DEBUG - 
分析文本的依存关系：也赶不上上朝 但是 每个人 都是司机的顶重 都是一例舞蹈中间
2025-02-16 10:11:20,392 - KnowledgeGraph - DEBUG - 发现关系：赶 -dobj-> 朝
2025-02-16 10:11:20,393 - KnowledgeGraph - DEBUG - 发现关系：顶重 -nsubj-> 人
2025-02-16 10:11:20,418 - KnowledgeGraph - ERROR - Neo4j操作失败 (尝试 1/3): 'NoneType' object has no attribute 'merge'
2025-02-16 10:11:21,933 - KnowledgeGraph - ERROR - Neo4j操作失败 (尝试 2/3): 'NoneType' object has no attribute 'merge'
2025-02-16 10:11:24,946 - KnowledgeGraph - ERROR - Neo4j操作失败 (尝试 3/3): 'NoneType' object has no attribute 'merge'
2025-02-16 10:11:24,946 - KnowledgeGraph - ERROR - ❌ 达到最大重试次数，节点创建失败
2025-02-16 10:20:10,785 - KnowledgeGraph - INFO - 成功加载中文NLP模型
2025-02-16 10:20:10,883 - KnowledgeGraph - INFO - Neo4j数据库连接成功！
2025-02-16 10:20:10,911 - KnowledgeGraph - DEBUG - 创建Neo4j唯一性约束成功
2025-02-16 10:20:11,003 - KnowledgeGraph - DEBUG - 处理节点: 那些焦虑的人 应该停下来 问问自己 在崩流不息的浪潮中...
2025-02-16 10:20:11,003 - KnowledgeGraph - DEBUG - 
正在从文本中提取实体，文本长度：27
2025-02-16 10:20:11,012 - KnowledgeGraph - DEBUG - 发现实体：崩流不息 (类型: GPE)
2025-02-16 10:20:11,014 - KnowledgeGraph - DEBUG - 总共识别到 1 个唯一实体
2025-02-16 10:20:11,022 - KnowledgeGraph - DEBUG - 
分析文本的依存关系：那些焦虑的人 应该停下来 问问自己 在崩流不息的浪潮中
2025-02-16 10:20:11,022 - KnowledgeGraph - DEBUG - 发现关系：停 -nsubj-> 人
2025-02-16 10:20:11,022 - KnowledgeGraph - DEBUG - 发现关系：问问 -dobj-> 自己
2025-02-16 10:20:11,596 - KnowledgeGraph - INFO - 已处理 1/110 个知识点 | 实体: 1 | 关系: 2
2025-02-16 10:20:11,597 - KnowledgeGraph - DEBUG - 处理节点: 究竟生出何地 有人行走电风 有人随波逐流 也有人终流积水...
2025-02-16 10:20:11,597 - KnowledgeGraph - DEBUG - 
正在从文本中提取实体，文本长度：28
2025-02-16 10:20:11,605 - KnowledgeGraph - DEBUG - 总共识别到 0 个唯一实体
2025-02-16 10:20:11,612 - KnowledgeGraph - DEBUG - 
分析文本的依存关系：究竟生出何地 有人行走电风 有人随波逐流 也有人终流积水
2025-02-16 10:20:11,612 - KnowledgeGraph - DEBUG - 发现关系：有人 -nsubj-> 电风
2025-02-16 10:20:11,659 - KnowledgeGraph - DEBUG - 处理节点: 成为地主 地主不是平庸 是共识的自信 是时间的积实 是让我们 灯有力量...
2025-02-16 10:20:11,660 - KnowledgeGraph - DEBUG - 
正在从文本中提取实体，文本长度：35
2025-02-16 10:20:11,670 - KnowledgeGraph - DEBUG - 总共识别到 0 个唯一实体
2025-02-16 10:20:11,680 - KnowledgeGraph - DEBUG - 
分析文本的依存关系：成为地主 地主不是平庸 是共识的自信 是时间的积实 是让我们 灯有力量
2025-02-16 10:20:11,680 - KnowledgeGraph - DEBUG - 发现关系：成为 -dobj-> 地主
2025-02-16 10:20:11,680 - KnowledgeGraph - DEBUG - 发现关系：积实 -nsubj-> 自信
2025-02-16 10:20:11,681 - KnowledgeGraph - DEBUG - 发现关系：让 -nsubj-> 积实
2025-02-16 10:20:11,681 - KnowledgeGraph - DEBUG - 发现关系：让 -dobj-> 灯
2025-02-16 10:20:11,681 - KnowledgeGraph - DEBUG - 发现关系：有 -dobj-> 力量
2025-02-16 10:20:11,836 - KnowledgeGraph - DEBUG - 处理节点: 他们说 我们都是普通人 不是战士 也不是斗神 可是 当恒亚来临...
2025-02-16 10:20:11,837 - KnowledgeGraph - DEBUG - 
正在从文本中提取实体，文本长度：31
2025-02-16 10:20:11,846 - KnowledgeGraph - DEBUG - 总共识别到 0 个唯一实体
2025-02-16 10:20:11,853 - KnowledgeGraph - DEBUG - 
分析文本的依存关系：他们说 我们都是普通人 不是战士 也不是斗神 可是 当恒亚来临
2025-02-16 10:20:11,853 - KnowledgeGraph - DEBUG - 发现关系：说 -nsubj-> 他们
2025-02-16 10:20:11,853 - KnowledgeGraph - DEBUG - 发现关系：普通人 -nsubj-> 我们
2025-02-16 10:20:11,853 - KnowledgeGraph - DEBUG - 发现关系：斗神 -nsubj-> 普通人
2025-02-16 10:20:11,853 - KnowledgeGraph - DEBUG - 发现关系：斗神 -nsubj-> 战士
2025-02-16 10:20:11,853 - KnowledgeGraph - DEBUG - 发现关系：来临 -nsubj-> 恒亚
2025-02-16 10:20:12,002 - KnowledgeGraph - DEBUG - 处理节点: 没有人特有独善其身 不能独自担忧 不能独自恐惧 于是 我们和未知斗争...
2025-02-16 10:20:12,002 - KnowledgeGraph - DEBUG - 
正在从文本中提取实体，文本长度：34
2025-02-16 10:20:12,012 - KnowledgeGraph - DEBUG - 总共识别到 0 个唯一实体
2025-02-16 10:20:12,023 - KnowledgeGraph - DEBUG - 
分析文本的依存关系：没有人特有独善其身 不能独自担忧 不能独自恐惧 于是 我们和未知斗争
2025-02-16 10:20:12,023 - KnowledgeGraph - DEBUG - 发现关系：特有 -nsubj-> 人
2025-02-16 10:20:12,067 - KnowledgeGraph - INFO - 已处理 5/110 个知识点 | 实体: 1 | 关系: 14
2025-02-16 10:20:12,068 - KnowledgeGraph - DEBUG - 处理节点: 我们和自私斗争 我们和谣言 与歧视斗争 最重要的 是此刻 我们被靠地...
2025-02-16 10:20:12,068 - KnowledgeGraph - DEBUG - 
正在从文本中提取实体，文本长度：34
2025-02-16 10:20:12,078 - KnowledgeGraph - DEBUG - 总共识别到 0 个唯一实体
2025-02-16 10:20:12,087 - KnowledgeGraph - DEBUG - 
分析文本的依存关系：我们和自私斗争 我们和谣言 与歧视斗争 最重要的 是此刻 我们被靠地
2025-02-16 10:20:12,087 - KnowledgeGraph - DEBUG - 发现关系：斗争 -nsubj-> 我们
2025-02-16 10:20:12,087 - KnowledgeGraph - DEBUG - 发现关系：重要 -nsubj-> 斗争
2025-02-16 10:20:12,087 - KnowledgeGraph - DEBUG - 发现关系：靠 -nsubj-> 重要
2025-02-16 10:20:12,181 - KnowledgeGraph - DEBUG - 处理节点: 在一起 这是一个普通人的 绝地反击 也是一个民族 从黑暗到光明的 未大变成...
2025-02-16 10:20:12,182 - KnowledgeGraph - DEBUG - 
正在从文本中提取实体，文本长度：37
2025-02-16 10:20:12,192 - KnowledgeGraph - DEBUG - 总共识别到 0 个唯一实体
2025-02-16 10:20:12,201 - KnowledgeGraph - DEBUG - 
分析文本的依存关系：在一起 这是一个普通人的 绝地反击 也是一个民族 从黑暗到光明的 未大变成
2025-02-16 10:20:12,202 - KnowledgeGraph - DEBUG - 发现关系：民族 -nsubj-> 反击
2025-02-16 10:20:12,246 - KnowledgeGraph - DEBUG - 处理节点: 所谓地主 是内心的相信 相信时代 相信自己 相信 成就更好的 力量...
2025-02-16 10:20:12,246 - KnowledgeGraph - DEBUG - 
正在从文本中提取实体，文本长度：33
2025-02-16 10:20:12,254 - KnowledgeGraph - DEBUG - 总共识别到 0 个唯一实体
2025-02-16 10:20:12,260 - KnowledgeGraph - DEBUG - 
分析文本的依存关系：所谓地主 是内心的相信 相信时代 相信自己 相信 成就更好的 力量
2025-02-16 10:20:12,260 - KnowledgeGraph - DEBUG - 发现关系：相信 -nsubj-> 地主
2025-02-16 10:20:12,261 - KnowledgeGraph - DEBUG - 发现关系：相信 -nsubj-> 时代
2025-02-16 10:20:12,261 - KnowledgeGraph - DEBUG - 发现关系：相信 -nsubj-> 自己
2025-02-16 10:20:12,261 - KnowledgeGraph - DEBUG - 发现关系：好的 -nsubj-> 成就
2025-02-16 10:20:12,357 - KnowledgeGraph - DEBUG - 处理节点: 他们说 何必是冒险 人生 还有很多险子 我见过 海拔8000米不壮力 我经历过...
2025-02-16 10:20:12,357 - KnowledgeGraph - DEBUG - 
正在从文本中提取实体，文本长度：39
2025-02-16 10:20:12,366 - KnowledgeGraph - DEBUG - 发现实体：8000米 (类型: QUANTITY)
2025-02-16 10:20:12,366 - KnowledgeGraph - DEBUG - 总共识别到 1 个唯一实体
2025-02-16 10:20:12,375 - KnowledgeGraph - DEBUG - 
分析文本的依存关系：他们说 何必是冒险 人生 还有很多险子 我见过 海拔8000米不壮力 我经历过
2025-02-16 10:20:12,375 - KnowledgeGraph - DEBUG - 发现关系：说 -nsubj-> 他们
2025-02-16 10:20:12,375 - KnowledgeGraph - DEBUG - 发现关系：还有 -nsubj-> 人生
2025-02-16 10:20:12,375 - KnowledgeGraph - DEBUG - 发现关系：还有 -dobj-> 险子
2025-02-16 10:20:12,375 - KnowledgeGraph - DEBUG - 发现关系：见 -nsubj-> 我
2025-02-16 10:20:12,375 - KnowledgeGraph - DEBUG - 发现关系：壮力 -nsubj-> 8000
2025-02-16 10:20:12,376 - KnowledgeGraph - DEBUG - 发现关系：经历 -nsubj-> 我
2025-02-16 10:20:12,509 - KnowledgeGraph - DEBUG - 处理节点: 极力的延安风险 我也在 灯底成功后 痛苦流气 我更见过 生命的描写 人性的伟大...
2025-02-16 10:20:12,509 - KnowledgeGraph - DEBUG - 
正在从文本中提取实体，文本长度：39
2025-02-16 10:20:12,519 - KnowledgeGraph - DEBUG - 发现实体：延安 (类型: GPE)
2025-02-16 10:20:12,519 - KnowledgeGraph - DEBUG - 总共识别到 1 个唯一实体
2025-02-16 10:20:12,529 - KnowledgeGraph - DEBUG - 
分析文本的依存关系：极力的延安风险 我也在 灯底成功后 痛苦流气 我更见过 生命的描写 人性的伟大
2025-02-16 10:20:12,530 - KnowledgeGraph - DEBUG - 发现关系：见 -nsubj-> 我
2025-02-16 10:20:12,530 - KnowledgeGraph - DEBUG - 发现关系：成功 -nsubj-> 灯底
2025-02-16 10:20:12,530 - KnowledgeGraph - DEBUG - 发现关系：见 -nsubj-> 我
2025-02-16 10:20:12,530 - KnowledgeGraph - DEBUG - 发现关系：见 -dobj-> 人性
2025-02-16 10:20:12,606 - KnowledgeGraph - INFO - 已处理 10/110 个知识点 | 实体: 3 | 关系: 32
2025-02-16 10:20:12,607 - KnowledgeGraph - DEBUG - 处理节点: 于是这样 我一任而生命 一阵息 平静的时光 世间所有的险头 都不是为了去征服...
2025-02-16 10:20:12,607 - KnowledgeGraph - DEBUG - 
正在从文本中提取实体，文本长度：38
2025-02-16 10:20:12,616 - KnowledgeGraph - DEBUG - 总共识别到 0 个唯一实体
2025-02-16 10:20:12,626 - KnowledgeGraph - DEBUG - 
分析文本的依存关系：于是这样 我一任而生命 一阵息 平静的时光 世间所有的险头 都不是为了去征服
2025-02-16 10:20:12,627 - KnowledgeGraph - DEBUG - 发现关系：平静 -nsubj-> 我
2025-02-16 10:20:12,627 - KnowledgeGraph - DEBUG - 发现关系：平静 -nsubj-> 生命
2025-02-16 10:20:12,627 - KnowledgeGraph - DEBUG - 发现关系：平静 -nsubj-> 息
2025-02-16 10:20:12,627 - KnowledgeGraph - DEBUG - 发现关系：不是 -nsubj-> 险头
2025-02-16 10:20:12,724 - KnowledgeGraph - DEBUG - 处理节点: 而是为了去享受征服 所谓地主 去内心的热爱 热爱生命 热爱时间...
2025-02-16 10:20:12,725 - KnowledgeGraph - DEBUG - 
正在从文本中提取实体，文本长度：31
2025-02-16 10:20:12,732 - KnowledgeGraph - DEBUG - 总共识别到 0 个唯一实体
2025-02-16 10:20:12,739 - KnowledgeGraph - DEBUG - 
分析文本的依存关系：而是为了去享受征服 所谓地主 去内心的热爱 热爱生命 热爱时间
2025-02-16 10:20:12,739 - KnowledgeGraph - DEBUG - 发现关系：征服 -dobj-> 地主
2025-02-16 10:20:12,739 - KnowledgeGraph - DEBUG - 发现关系：去 -dobj-> 热爱
2025-02-16 10:20:12,739 - KnowledgeGraph - DEBUG - 发现关系：热爱 -nsubj-> 生命
2025-02-16 10:20:12,740 - KnowledgeGraph - DEBUG - 发现关系：享受 -dobj-> 时间
2025-02-16 10:20:12,836 - KnowledgeGraph - DEBUG - 处理节点: 热爱内心 真致的力量 他们说 能到周年 不要一想推他 但于现状...
2025-02-16 10:20:12,836 - KnowledgeGraph - DEBUG - 
正在从文本中提取实体，文本长度：31
2025-02-16 10:20:12,844 - KnowledgeGraph - DEBUG - 总共识别到 0 个唯一实体
2025-02-16 10:20:12,850 - KnowledgeGraph - DEBUG - 
分析文本的依存关系：热爱内心 真致的力量 他们说 能到周年 不要一想推他 但于现状
2025-02-16 10:20:12,850 - KnowledgeGraph - DEBUG - 发现关系：热爱 -dobj-> 真致
2025-02-16 10:20:12,850 - KnowledgeGraph - DEBUG - 发现关系：说 -nsubj-> 他们
2025-02-16 10:20:12,850 - KnowledgeGraph - DEBUG - 发现关系：想 -nsubj-> 周年
2025-02-16 10:20:12,850 - KnowledgeGraph - DEBUG - 发现关系：推 -dobj-> 现状
2025-02-16 10:20:12,942 - KnowledgeGraph - DEBUG - 处理节点: 能到不是对生命的屋服 对去年少时的复杂 今天的梦想 不是先衣怒完 而是内心的堵定...
2025-02-16 10:20:12,942 - KnowledgeGraph - DEBUG - 
正在从文本中提取实体，文本长度：40
2025-02-16 10:20:12,951 - KnowledgeGraph - DEBUG - 发现实体：去年 (类型: DATE)
2025-02-16 10:20:12,951 - KnowledgeGraph - DEBUG - 发现实体：今天 (类型: DATE)
2025-02-16 10:20:12,951 - KnowledgeGraph - DEBUG - 总共识别到 2 个唯一实体
2025-02-16 10:20:12,961 - KnowledgeGraph - DEBUG - 
分析文本的依存关系：能到不是对生命的屋服 对去年少时的复杂 今天的梦想 不是先衣怒完 而是内心的堵定
2025-02-16 10:20:12,961 - KnowledgeGraph - DEBUG - 发现共现关系：去年 -相关-> 今天
2025-02-16 10:20:13,037 - KnowledgeGraph - DEBUG - 处理节点: 从容 向我震撼 与伟大 平凡的个体 才能凝聚出 无反...
2025-02-16 10:20:13,037 - KnowledgeGraph - DEBUG - 
正在从文本中提取实体，文本长度：26
2025-02-16 10:20:13,045 - KnowledgeGraph - DEBUG - 总共识别到 0 个唯一实体
2025-02-16 10:20:13,051 - KnowledgeGraph - DEBUG - 
分析文本的依存关系：从容 向我震撼 与伟大 平凡的个体 才能凝聚出 无反
2025-02-16 10:20:13,070 - KnowledgeGraph - INFO - 已处理 15/110 个知识点 | 实体: 5 | 关系: 45
2025-02-16 10:20:13,072 - KnowledgeGraph - DEBUG - 处理节点: 你生活 熟写日新类意 你时间雕刻内心迟度 一如所有更云者 的城市住入彭博力量 创造更多可能...
2025-02-16 10:20:13,072 - KnowledgeGraph - DEBUG - 
正在从文本中提取实体，文本长度：45
2025-02-16 10:20:13,081 - KnowledgeGraph - DEBUG - 发现实体：日 (类型: GPE)
2025-02-16 10:20:13,081 - KnowledgeGraph - DEBUG - 发现实体：彭 (类型: PERSON)
2025-02-16 10:20:13,081 - KnowledgeGraph - DEBUG - 总共识别到 2 个唯一实体
2025-02-16 10:20:13,090 - KnowledgeGraph - DEBUG - 
分析文本的依存关系：你生活 熟写日新类意 你时间雕刻内心迟度 一如所有更云者 的城市住入彭博力量 创造更多可能
2025-02-16 10:20:13,091 - KnowledgeGraph - DEBUG - 发现关系：生活 -nsubj-> 你
2025-02-16 10:20:13,091 - KnowledgeGraph - DEBUG - 发现关系：写 -dobj-> 类意
2025-02-16 10:20:13,091 - KnowledgeGraph - DEBUG - 发现关系：雕刻 -dobj-> 迟度
2025-02-16 10:20:13,091 - KnowledgeGraph - DEBUG - 发现关系：创造 -nsubj-> 博力量
2025-02-16 10:20:13,091 - KnowledgeGraph - DEBUG - 发现关系：创造 -dobj-> 可能
2025-02-16 10:20:13,091 - KnowledgeGraph - DEBUG - 发现共现关系：日 -相关-> 彭
2025-02-16 10:20:13,231 - KnowledgeGraph - DEBUG - 处理节点: 所谓地主 是内心的坚定 坚定细面 坚定绝则 坚定持织以恒的力量 主要贯歇...
2025-02-16 10:20:13,232 - KnowledgeGraph - DEBUG - 
正在从文本中提取实体，文本长度：36
2025-02-16 10:20:13,241 - KnowledgeGraph - DEBUG - 总共识别到 0 个唯一实体
2025-02-16 10:20:13,248 - KnowledgeGraph - DEBUG - 
分析文本的依存关系：所谓地主 是内心的坚定 坚定细面 坚定绝则 坚定持织以恒的力量 主要贯歇
2025-02-16 10:20:13,248 - KnowledgeGraph - DEBUG - 发现关系：坚定 -nsubj-> 地主
2025-02-16 10:20:13,248 - KnowledgeGraph - DEBUG - 发现关系：坚定 -nsubj-> 坚定
2025-02-16 10:20:13,249 - KnowledgeGraph - DEBUG - 发现关系：贯歇 -nsubj-> 力量
2025-02-16 10:20:13,319 - KnowledgeGraph - DEBUG - 处理节点: 属于终于 在奔留不惜的绑槽中 我们或许一辈子 都不曾登上了一幅 我们可能进了全力...
2025-02-16 10:20:13,319 - KnowledgeGraph - DEBUG - 
正在从文本中提取实体，文本长度：40
2025-02-16 10:20:13,328 - KnowledgeGraph - DEBUG - 总共识别到 0 个唯一实体
2025-02-16 10:20:13,337 - KnowledgeGraph - DEBUG - 
分析文本的依存关系：属于终于 在奔留不惜的绑槽中 我们或许一辈子 都不曾登上了一幅 我们可能进了全力
2025-02-16 10:20:13,337 - KnowledgeGraph - DEBUG - 发现关系：属于 -dobj-> 绑槽
2025-02-16 10:20:13,337 - KnowledgeGraph - DEBUG - 发现关系：登上 -nsubj-> 我们
2025-02-16 10:20:13,337 - KnowledgeGraph - DEBUG - 发现关系：进 -nsubj-> 我们
2025-02-16 10:20:13,415 - KnowledgeGraph - DEBUG - 处理节点: 也赶不上上朝 但是 每个人 都是司机的顶重 都是一例舞蹈中间...
2025-02-16 10:20:13,416 - KnowledgeGraph - DEBUG - 
正在从文本中提取实体，文本长度：30
2025-02-16 10:20:13,425 - KnowledgeGraph - DEBUG - 总共识别到 0 个唯一实体
2025-02-16 10:20:13,434 - KnowledgeGraph - DEBUG - 
分析文本的依存关系：也赶不上上朝 但是 每个人 都是司机的顶重 都是一例舞蹈中间
2025-02-16 10:20:13,434 - KnowledgeGraph - DEBUG - 发现关系：赶 -dobj-> 朝
2025-02-16 10:20:13,434 - KnowledgeGraph - DEBUG - 发现关系：顶重 -nsubj-> 人
2025-02-16 12:07:46,092 - KnowledgeGraph - INFO - 成功加载中文NLP模型
2025-02-16 12:07:48,233 - KnowledgeGraph - ERROR - Neo4j连接尝试 1/3 失败: Cannot open connection to ConnectionProfile('bolt://localhost:7687')
2025-02-16 12:07:52,265 - KnowledgeGraph - ERROR - Neo4j连接尝试 2/3 失败: Cannot open connection to ConnectionProfile('bolt://localhost:7687')
2025-02-16 12:07:56,312 - KnowledgeGraph - ERROR - Neo4j连接尝试 3/3 失败: Cannot open connection to ConnectionProfile('bolt://localhost:7687')
2025-02-16 12:07:56,313 - KnowledgeGraph - ERROR - Neo4j连接失败，已达到最大重试次数
2025-02-16 12:07:56,409 - KnowledgeGraph - ERROR - 由于之前的连接失败，跳过节点添加
2025-02-16 12:07:56,410 - KnowledgeGraph - ERROR - 由于之前的连接失败，跳过节点添加
2025-02-16 12:07:56,411 - KnowledgeGraph - ERROR - 由于之前的连接失败，跳过节点添加
2025-02-16 12:07:56,411 - KnowledgeGraph - ERROR - 由于之前的连接失败，跳过节点添加
2025-02-16 12:07:56,412 - KnowledgeGraph - ERROR - 由于之前的连接失败，跳过节点添加
2025-02-16 12:07:56,413 - KnowledgeGraph - ERROR - 由于之前的连接失败，跳过节点添加
2025-02-16 12:07:56,414 - KnowledgeGraph - ERROR - 由于之前的连接失败，跳过节点添加
2025-02-16 12:07:56,415 - KnowledgeGraph - ERROR - 由于之前的连接失败，跳过节点添加
2025-02-16 12:07:56,416 - KnowledgeGraph - ERROR - 由于之前的连接失败，跳过节点添加
2025-02-16 12:07:56,417 - KnowledgeGraph - ERROR - 由于之前的连接失败，跳过节点添加
2025-02-16 12:07:56,417 - KnowledgeGraph - ERROR - 由于之前的连接失败，跳过节点添加
2025-02-16 12:07:56,418 - KnowledgeGraph - ERROR - 由于之前的连接失败，跳过节点添加
2025-02-16 12:07:56,419 - KnowledgeGraph - ERROR - 由于之前的连接失败，跳过节点添加
2025-02-16 12:07:56,421 - KnowledgeGraph - ERROR - 由于之前的连接失败，跳过节点添加
2025-02-16 12:07:56,422 - KnowledgeGraph - ERROR - 由于之前的连接失败，跳过节点添加
2025-02-16 12:07:56,423 - KnowledgeGraph - ERROR - 由于之前的连接失败，跳过节点添加
2025-02-16 12:07:56,425 - KnowledgeGraph - ERROR - 由于之前的连接失败，跳过节点添加
2025-02-16 12:07:56,425 - KnowledgeGraph - ERROR - 由于之前的连接失败，跳过节点添加
2025-02-16 12:07:56,427 - KnowledgeGraph - ERROR - 由于之前的连接失败，跳过节点添加
2025-02-16 12:08:08,253 - KnowledgeGraph - ERROR - 由于之前的连接失败，跳过节点添加
2025-02-16 12:08:08,254 - KnowledgeGraph - ERROR - 由于之前的连接失败，跳过节点添加
2025-02-16 12:08:08,255 - KnowledgeGraph - ERROR - 由于之前的连接失败，跳过节点添加
2025-02-16 12:08:08,256 - KnowledgeGraph - ERROR - 由于之前的连接失败，跳过节点添加
2025-02-16 12:08:08,256 - KnowledgeGraph - ERROR - 由于之前的连接失败，跳过节点添加
2025-02-16 12:08:08,258 - KnowledgeGraph - ERROR - 由于之前的连接失败，跳过节点添加
2025-02-16 12:08:08,259 - KnowledgeGraph - ERROR - 由于之前的连接失败，跳过节点添加
2025-02-16 12:08:08,260 - KnowledgeGraph - ERROR - 由于之前的连接失败，跳过节点添加
2025-02-16 12:08:08,261 - KnowledgeGraph - ERROR - 由于之前的连接失败，跳过节点添加
2025-02-16 12:08:08,263 - KnowledgeGraph - ERROR - 由于之前的连接失败，跳过节点添加
2025-02-16 12:08:08,264 - KnowledgeGraph - ERROR - 由于之前的连接失败，跳过节点添加
2025-02-16 12:08:08,266 - KnowledgeGraph - ERROR - 由于之前的连接失败，跳过节点添加
2025-02-16 12:08:08,268 - KnowledgeGraph - ERROR - 由于之前的连接失败，跳过节点添加
2025-02-16 12:08:08,270 - KnowledgeGraph - ERROR - 由于之前的连接失败，跳过节点添加
2025-02-16 12:08:08,271 - KnowledgeGraph - ERROR - 由于之前的连接失败，跳过节点添加
2025-02-16 12:08:08,272 - KnowledgeGraph - ERROR - 由于之前的连接失败，跳过节点添加
2025-02-16 12:08:08,273 - KnowledgeGraph - ERROR - 由于之前的连接失败，跳过节点添加
2025-02-16 12:08:08,276 - KnowledgeGraph - ERROR - 由于之前的连接失败，跳过节点添加
2025-02-16 12:08:08,277 - KnowledgeGraph - ERROR - 由于之前的连接失败，跳过节点添加
