2025-02-17 22:05:41,974 - KnowledgeGraph - INFO - 成功加载中文NLP模型
2025-02-17 22:05:42,083 - KnowledgeGraph - INFO - Neo4j数据库连接成功！
2025-02-17 22:05:42,129 - KnowledgeGraph - DEBUG - 创建Neo4j唯一性约束成功
2025-02-17 22:05:42,316 - KnowledgeGraph - DEBUG - 处理节点: 来取 但是的话来了 上纪会上 你是 我是今天另一时的主持人吉涵 我是贴子的嫖宿 是的 对吧 我是J ...
2025-02-17 22:05:42,318 - KnowledgeGraph - DEBUG - 
正在从文本中提取实体，文本长度：55
2025-02-17 22:05:42,352 - KnowledgeGraph - DEBUG - 发现实体：今天 (类型: DATE)
2025-02-17 22:05:42,352 - KnowledgeGraph - DEBUG - 发现实体：Chong (类型: ORG)
2025-02-17 22:05:42,352 - KnowledgeGraph - DEBUG - 识别到技术术语: Chong
2025-02-17 22:05:42,354 - KnowledgeGraph - DEBUG - 总共识别到 2 个唯一实体
2025-02-17 22:05:42,364 - KnowledgeGraph - DEBUG - 
分析文本的依存关系：来取 但是的话来了 上纪会上 你是 我是今天另一时的主持人吉涵 我是贴子的嫖宿 是的 对吧 我是J Chong
2025-02-17 22:05:42,365 - KnowledgeGraph - DEBUG - 发现关系：取 -dobj-> 的话
2025-02-17 22:05:42,365 - KnowledgeGraph - DEBUG - 发现关系：是 -nsubj-> 你
2025-02-17 22:05:42,365 - KnowledgeGraph - DEBUG - 发现关系：吉涵 -nsubj-> 我
2025-02-17 22:05:42,365 - KnowledgeGraph - DEBUG - 发现关系：嫖宿 -nsubj-> 我
2025-02-17 22:05:42,365 - KnowledgeGraph - DEBUG - 发现关系：是 -nsubj-> 我
2025-02-17 22:05:42,365 - KnowledgeGraph - DEBUG - 发现共现关系：今天 -相关-> Chong
2025-02-17 22:05:42,662 - KnowledgeGraph - INFO - 已处理 1/110 个知识点 | 实体: 2 | 关系: 6
2025-02-17 22:05:42,662 - KnowledgeGraph - DEBUG - 处理节点: 19公 One 谢谢 nology 您好 开大声 但是 听伍伯 Listen 今天咱们活动会点变化 ...
2025-02-17 22:05:42,663 - KnowledgeGraph - DEBUG - 
正在从文本中提取实体，文本长度：68
2025-02-17 22:05:42,674 - KnowledgeGraph - DEBUG - 发现实体：19公 (类型: QUANTITY)
2025-02-17 22:05:42,674 - KnowledgeGraph - DEBUG - 发现实体：nology (类型: PERSON)
2025-02-17 22:05:42,674 - KnowledgeGraph - DEBUG - 发现实体：今天 (类型: DATE)
2025-02-17 22:05:42,674 - KnowledgeGraph - DEBUG - 识别到技术术语: One
2025-02-17 22:05:42,674 - KnowledgeGraph - DEBUG - 识别到技术术语: Listen
2025-02-17 22:05:42,674 - KnowledgeGraph - DEBUG - 总共识别到 5 个唯一实体
2025-02-17 22:05:42,685 - KnowledgeGraph - DEBUG - 
分析文本的依存关系：19公 One 谢谢 nology 您好 开大声 但是 听伍伯 Listen 今天咱们活动会点变化 什么变化 那个现在通过网上的这个网友
2025-02-17 22:05:42,685 - KnowledgeGraph - DEBUG - 发现关系：谢谢 -nsubj-> One
2025-02-17 22:05:42,685 - KnowledgeGraph - DEBUG - 发现关系：谢谢 -dobj-> nology
2025-02-17 22:05:42,685 - KnowledgeGraph - DEBUG - 发现关系：开 -nsubj-> 您
2025-02-17 22:05:42,685 - KnowledgeGraph - DEBUG - 发现关系：听伍 -dobj-> Listen
2025-02-17 22:05:42,685 - KnowledgeGraph - DEBUG - 发现关系：变化 -nsubj-> 活动
2025-02-17 22:05:42,685 - KnowledgeGraph - DEBUG - 发现共现关系：19公 -相关-> nology
2025-02-17 22:05:42,686 - KnowledgeGraph - DEBUG - 发现共现关系：19公 -相关-> 今天
2025-02-17 22:05:42,686 - KnowledgeGraph - DEBUG - 发现共现关系：19公 -相关-> One
2025-02-17 22:05:42,686 - KnowledgeGraph - DEBUG - 发现共现关系：19公 -相关-> Listen
2025-02-17 22:05:42,686 - KnowledgeGraph - DEBUG - 发现共现关系：nology -相关-> 今天
2025-02-17 22:05:42,686 - KnowledgeGraph - DEBUG - 发现共现关系：nology -相关-> One
2025-02-17 22:05:42,686 - KnowledgeGraph - DEBUG - 发现共现关系：nology -相关-> Listen
2025-02-17 22:05:42,686 - KnowledgeGraph - DEBUG - 发现共现关系：今天 -相关-> One
2025-02-17 22:05:42,686 - KnowledgeGraph - DEBUG - 发现共现关系：今天 -相关-> Listen
2025-02-17 22:05:42,686 - KnowledgeGraph - DEBUG - 发现共现关系：One -相关-> Listen
2025-02-17 22:05:42,920 - KnowledgeGraph - DEBUG - 处理节点: 现在对你当年度最佳业 呼声太高了 而且现在你的知处 你的你就超过大完了 把紧 nervous 的概查...
2025-02-17 22:05:42,920 - KnowledgeGraph - DEBUG - 
正在从文本中提取实体，文本长度：68
2025-02-17 22:05:42,932 - KnowledgeGraph - DEBUG - 总共识别到 0 个唯一实体
2025-02-17 22:05:42,943 - KnowledgeGraph - DEBUG - 
分析文本的依存关系：现在对你当年度最佳业 呼声太高了 而且现在你的知处 你的你就超过大完了 把紧 nervous 的概查 你把那种默默积一积的 你别让人抖挡
2025-02-17 22:05:42,943 - KnowledgeGraph - DEBUG - 发现关系：当 -nsubj-> 你
2025-02-17 22:05:42,943 - KnowledgeGraph - DEBUG - 发现关系：佳业 -nsubj-> 年度
2025-02-17 22:05:42,943 - KnowledgeGraph - DEBUG - 发现关系：高 -nsubj-> 呼声
2025-02-17 22:05:42,943 - KnowledgeGraph - DEBUG - 发现关系：超过 -nsubj-> 你
2025-02-17 22:05:42,943 - KnowledgeGraph - DEBUG - 发现关系：一积 -nsubj-> 你
2025-02-17 22:05:42,943 - KnowledgeGraph - DEBUG - 发现关系：让 -nsubj-> 你
2025-02-17 22:05:42,943 - KnowledgeGraph - DEBUG - 发现关系：让 -dobj-> 人
2025-02-17 22:05:43,063 - KnowledgeGraph - DEBUG - 处理节点: 穿网积气人还等着我揭穆呢 对 来 来 来 来 来 抓紧时间通知 让他给够了...
2025-02-17 22:05:43,063 - KnowledgeGraph - DEBUG - 
正在从文本中提取实体，文本长度：37
2025-02-17 22:05:43,072 - KnowledgeGraph - DEBUG - 总共识别到 0 个唯一实体
2025-02-17 22:05:43,080 - KnowledgeGraph - DEBUG - 
分析文本的依存关系：穿网积气人还等着我揭穆呢 对 来 来 来 来 来 抓紧时间通知 让他给够了
2025-02-17 22:05:43,080 - KnowledgeGraph - DEBUG - 发现关系：穿网 -dobj-> 人
2025-02-17 22:05:43,080 - KnowledgeGraph - DEBUG - 发现关系：等 -dobj-> 我
2025-02-17 22:05:43,080 - KnowledgeGraph - DEBUG - 发现关系：抓紧 -dobj-> 时间
2025-02-17 22:05:43,080 - KnowledgeGraph - DEBUG - 发现关系：让 -dobj-> 他
2025-02-17 22:05:43,157 - KnowledgeGraph - DEBUG - 处理节点: 来 来 来 来 来 来 你只门上宣传 对 你问你 好 不会 来 来 坐 来 来 来 来 你 应该 找...
2025-02-17 22:05:43,157 - KnowledgeGraph - DEBUG - 
正在从文本中提取实体，文本长度：55
2025-02-17 22:05:43,167 - KnowledgeGraph - DEBUG - 总共识别到 0 个唯一实体
2025-02-17 22:05:43,177 - KnowledgeGraph - DEBUG - 
分析文本的依存关系：来 来 来 来 来 来 你只门上宣传 对 你问你 好 不会 来 来 坐 来 来 来 来 你 应该 找准自己接口
2025-02-17 22:05:43,178 - KnowledgeGraph - DEBUG - 发现关系：来 -dobj-> 你
2025-02-17 22:05:43,178 - KnowledgeGraph - DEBUG - 发现关系：问 -nsubj-> 你
2025-02-17 22:05:43,178 - KnowledgeGraph - DEBUG - 发现关系：问 -dobj-> 你
2025-02-17 22:05:43,178 - KnowledgeGraph - DEBUG - 发现关系：找准 -nsubj-> 你
2025-02-17 22:05:43,178 - KnowledgeGraph - DEBUG - 发现关系：找准 -dobj-> 自己
2025-02-17 22:05:43,259 - KnowledgeGraph - INFO - 已处理 5/110 个知识点 | 实体: 7 | 关系: 37
2025-02-17 22:05:43,260 - KnowledgeGraph - DEBUG - 处理节点: 好 好 来 来 来 可乐 可乐 你刚喝完吗 你怎么听 你这是要叠在那里...
2025-02-17 22:05:43,260 - KnowledgeGraph - DEBUG - 
正在从文本中提取实体，文本长度：35
2025-02-17 22:05:43,269 - KnowledgeGraph - DEBUG - 总共识别到 0 个唯一实体
2025-02-17 22:05:43,278 - KnowledgeGraph - DEBUG - 
分析文本的依存关系：好 好 来 来 来 可乐 可乐 你刚喝完吗 你怎么听 你这是要叠在那里
2025-02-17 22:05:43,278 - KnowledgeGraph - DEBUG - 发现关系：喝 -nsubj-> 你
2025-02-17 22:05:43,278 - KnowledgeGraph - DEBUG - 发现关系：听 -nsubj-> 你
2025-02-17 22:05:43,279 - KnowledgeGraph - DEBUG - 发现关系：叠 -nsubj-> 你
2025-02-17 22:05:43,341 - KnowledgeGraph - DEBUG - 处理节点: 有点变化 咋点 有变化 好 你是慢先生们 大家进一进 现在我宣布 2025年度 迎合戏...
2025-02-17 22:05:43,342 - KnowledgeGraph - DEBUG - 
正在从文本中提取实体，文本长度：43
2025-02-17 22:05:43,351 - KnowledgeGraph - DEBUG - 发现实体：2025年度 (类型: DATE)
2025-02-17 22:05:43,351 - KnowledgeGraph - DEBUG - 总共识别到 1 个唯一实体
2025-02-17 22:05:43,359 - KnowledgeGraph - DEBUG - 
分析文本的依存关系：有点变化 咋点 有变化 好 你是慢先生们 大家进一进 现在我宣布 2025年度 迎合戏
2025-02-17 22:05:43,359 - KnowledgeGraph - DEBUG - 发现关系：有 -dobj-> 变化
2025-02-17 22:05:43,359 - KnowledgeGraph - DEBUG - 发现关系：先生们 -nsubj-> 你
2025-02-17 22:05:43,359 - KnowledgeGraph - DEBUG - 发现关系：进 -nsubj-> 大家
2025-02-17 22:05:43,359 - KnowledgeGraph - DEBUG - 发现关系：宣布 -nsubj-> 我
2025-02-17 22:05:43,359 - KnowledgeGraph - DEBUG - 发现关系：迎合 -nsubj-> 年度
2025-02-17 22:05:43,359 - KnowledgeGraph - DEBUG - 发现关系：迎合 -dobj-> 戏
2025-02-17 22:05:43,458 - KnowledgeGraph - DEBUG - 处理节点: 太阳地球路地上 最佳AI选定一世 现在开始 好 你这一经一扎的...
2025-02-17 22:05:43,458 - KnowledgeGraph - DEBUG - 
正在从文本中提取实体，文本长度：31
2025-02-17 22:05:43,465 - KnowledgeGraph - DEBUG - 发现实体：太阳 (类型: LOC)
2025-02-17 22:05:43,466 - KnowledgeGraph - DEBUG - 总共识别到 1 个唯一实体
2025-02-17 22:05:43,473 - KnowledgeGraph - DEBUG - 
分析文本的依存关系：太阳地球路地上 最佳AI选定一世 现在开始 好 你这一经一扎的
2025-02-17 22:05:43,473 - KnowledgeGraph - DEBUG - 发现关系：好 -nsubj-> 选定
2025-02-17 22:05:43,511 - KnowledgeGraph - DEBUG - 处理节点: 你挺下人的 所以跟你关于 我们先让大叔大妈 自我介绍一下 我叫GPT 我叫G普计 我不赢力...
2025-02-17 22:05:43,512 - KnowledgeGraph - DEBUG - 
正在从文本中提取实体，文本长度：45
2025-02-17 22:05:43,521 - KnowledgeGraph - DEBUG - 发现实体：GPT (类型: PERSON)
2025-02-17 22:05:43,521 - KnowledgeGraph - DEBUG - 发现实体：G普计 (类型: PERSON)
2025-02-17 22:05:43,521 - KnowledgeGraph - DEBUG - 总共识别到 2 个唯一实体
2025-02-17 22:05:43,529 - KnowledgeGraph - DEBUG - 
分析文本的依存关系：你挺下人的 所以跟你关于 我们先让大叔大妈 自我介绍一下 我叫GPT 我叫G普计 我不赢力
2025-02-17 22:05:43,529 - KnowledgeGraph - DEBUG - 发现关系：下人 -nsubj-> 你
2025-02-17 22:05:43,529 - KnowledgeGraph - DEBUG - 发现关系：让 -dobj-> 大妈
2025-02-17 22:05:43,529 - KnowledgeGraph - DEBUG - 发现关系：叫 -nsubj-> 我
2025-02-17 22:05:43,529 - KnowledgeGraph - DEBUG - 发现关系：叫 -dobj-> GPT
2025-02-17 22:05:43,529 - KnowledgeGraph - DEBUG - 发现关系：叫 -nsubj-> 我
2025-02-17 22:05:43,529 - KnowledgeGraph - DEBUG - 发现关系：叫 -dobj-> G普计
2025-02-17 22:05:43,529 - KnowledgeGraph - DEBUG - 发现关系：赢力 -nsubj-> 我
2025-02-17 22:05:43,529 - KnowledgeGraph - DEBUG - 发现共现关系：GPT -相关-> G普计
2025-02-17 22:05:43,627 - KnowledgeGraph - DEBUG - 处理节点: 我讲主意 我主意 我主地 这是法劳密 这是地中地 老大...
2025-02-17 22:05:43,627 - KnowledgeGraph - DEBUG - 
正在从文本中提取实体，文本长度：27
2025-02-17 22:05:43,634 - KnowledgeGraph - DEBUG - 总共识别到 0 个唯一实体
2025-02-17 22:05:43,641 - KnowledgeGraph - DEBUG - 
分析文本的依存关系：我讲主意 我主意 我主地 这是法劳密 这是地中地 老大
2025-02-17 22:05:43,641 - KnowledgeGraph - DEBUG - 发现关系：讲 -nsubj-> 我
2025-02-17 22:05:43,641 - KnowledgeGraph - DEBUG - 发现关系：讲 -dobj-> 主意
2025-02-17 22:05:43,681 - KnowledgeGraph - INFO - 已处理 10/110 个知识点 | 实体: 11 | 关系: 57
2025-02-17 22:05:43,682 - KnowledgeGraph - DEBUG - 处理节点: 好 朋友们 那么我们通过网上的调查 现在我们都有很多网友 对大叔当年度 最佳AI的呼声特别高 而且现...
2025-02-17 22:05:43,682 - KnowledgeGraph - DEBUG - 
正在从文本中提取实体，文本长度：60
2025-02-17 22:05:43,692 - KnowledgeGraph - DEBUG - 总共识别到 0 个唯一实体
2025-02-17 22:05:43,701 - KnowledgeGraph - DEBUG - 
分析文本的依存关系：好 朋友们 那么我们通过网上的调查 现在我们都有很多网友 对大叔当年度 最佳AI的呼声特别高 而且现在大叔在网上的支持率
2025-02-17 22:05:43,703 - KnowledgeGraph - DEBUG - 发现关系：有 -nsubj-> 我们
2025-02-17 22:05:43,703 - KnowledgeGraph - DEBUG - 发现关系：有 -nsubj-> 我们
2025-02-17 22:05:43,703 - KnowledgeGraph - DEBUG - 发现关系：高 -nsubj-> 网友
2025-02-17 22:05:43,703 - KnowledgeGraph - DEBUG - 发现关系：当 -dobj-> AI
2025-02-17 22:05:43,758 - KnowledgeGraph - DEBUG - 处理节点: 已经超过了切大妈 民意 没办法 所以最后这个我们主委会决定 想通过网上...
2025-02-17 22:05:43,758 - KnowledgeGraph - DEBUG - 
正在从文本中提取实体，文本长度：35
2025-02-17 22:05:43,766 - KnowledgeGraph - DEBUG - 总共识别到 0 个唯一实体
2025-02-17 22:05:43,773 - KnowledgeGraph - DEBUG - 
分析文本的依存关系：已经超过了切大妈 民意 没办法 所以最后这个我们主委会决定 想通过网上
2025-02-17 22:05:43,774 - KnowledgeGraph - DEBUG - 发现关系：切大 -dobj-> 妈
2025-02-17 22:05:43,774 - KnowledgeGraph - DEBUG - 发现关系：超过 -dobj-> 民意
2025-02-17 22:05:43,774 - KnowledgeGraph - DEBUG - 发现关系：没 -dobj-> 办法
2025-02-17 22:05:43,774 - KnowledgeGraph - DEBUG - 发现关系：决定 -nsubj-> 主委会
2025-02-17 22:05:43,856 - KnowledgeGraph - DEBUG - 处理节点: 让网友来出题 让二老在现场做答 最后根据网上的支持率 是谁是今天的 年度最佳AI 好 现在这个题目已...
2025-02-17 22:05:43,857 - KnowledgeGraph - DEBUG - 
正在从文本中提取实体，文本长度：54
2025-02-17 22:05:43,867 - KnowledgeGraph - DEBUG - 发现实体：今天 (类型: DATE)
2025-02-17 22:05:43,867 - KnowledgeGraph - DEBUG - 总共识别到 1 个唯一实体
2025-02-17 22:05:43,876 - KnowledgeGraph - DEBUG - 
分析文本的依存关系：让网友来出题 让二老在现场做答 最后根据网上的支持率 是谁是今天的 年度最佳AI 好 现在这个题目已经出来了
2025-02-17 22:05:43,876 - KnowledgeGraph - DEBUG - 发现关系：让 -dobj-> 网友
2025-02-17 22:05:43,876 - KnowledgeGraph - DEBUG - 发现关系：让 -dobj-> 二老
2025-02-17 22:05:43,877 - KnowledgeGraph - DEBUG - 发现关系：答 -dobj-> 支持率
2025-02-17 22:05:43,877 - KnowledgeGraph - DEBUG - 发现关系：好 -nsubj-> 谁
2025-02-17 22:05:43,877 - KnowledgeGraph - DEBUG - 发现关系：最佳 -nsubj-> 年度
2025-02-17 22:05:43,877 - KnowledgeGraph - DEBUG - 发现关系：好 -nsubj-> I
2025-02-17 22:05:43,877 - KnowledgeGraph - DEBUG - 发现关系：出来 -nsubj-> 题目
2025-02-17 22:05:43,997 - KnowledgeGraph - DEBUG - 处理节点: 这是一道问答题 也是必答题 请听好 AI语言大模型在训练的时候 应该用最低的成本 产生最高的效益...
2025-02-17 22:05:43,997 - KnowledgeGraph - DEBUG - 
正在从文本中提取实体，文本长度：48
2025-02-17 22:05:44,009 - KnowledgeGraph - DEBUG - 识别到概念: AI语言大模型在训练的时候
2025-02-17 22:05:44,009 - KnowledgeGraph - DEBUG - 总共识别到 1 个唯一实体
2025-02-17 22:05:44,019 - KnowledgeGraph - DEBUG - 
分析文本的依存关系：这是一道问答题 也是必答题 请听好 AI语言大模型在训练的时候 应该用最低的成本 产生最高的效益
2025-02-17 22:05:44,019 - KnowledgeGraph - DEBUG - 发现关系：问 -dobj-> 答题
2025-02-17 22:05:44,019 - KnowledgeGraph - DEBUG - 发现关系：产生 -nsubj-> 大模型
2025-02-17 22:05:44,019 - KnowledgeGraph - DEBUG - 发现关系：产生 -dobj-> 效益
2025-02-17 22:05:44,078 - KnowledgeGraph - DEBUG - 处理节点: 那么请问 你们各自的成本是多少 要实施求是500万刀 500万刀...
2025-02-17 22:05:44,078 - KnowledgeGraph - DEBUG - 
正在从文本中提取实体，文本长度：32
2025-02-17 22:05:44,085 - KnowledgeGraph - DEBUG - 发现实体：500万 (类型: CARDINAL)
2025-02-17 22:05:44,085 - KnowledgeGraph - DEBUG - 发现实体：500万 (类型: CARDINAL)
2025-02-17 22:05:44,085 - KnowledgeGraph - DEBUG - 总共识别到 1 个唯一实体
2025-02-17 22:05:44,091 - KnowledgeGraph - DEBUG - 
分析文本的依存关系：那么请问 你们各自的成本是多少 要实施求是500万刀 500万刀
2025-02-17 22:05:44,091 - KnowledgeGraph - DEBUG - 发现关系：请问 -dobj-> 成本
2025-02-17 22:05:44,126 - KnowledgeGraph - INFO - 已处理 15/110 个知识点 | 实体: 14 | 关系: 76
2025-02-17 22:05:44,127 - KnowledgeGraph - DEBUG - 处理节点: 小意思 那是三千多万块啊 大妈呢 实施求是 说实话 我觉得这不应该算做一个问题...
2025-02-17 22:05:44,127 - KnowledgeGraph - DEBUG - 
正在从文本中提取实体，文本长度：39
2025-02-17 22:05:44,136 - KnowledgeGraph - DEBUG - 发现实体：三千多万块 (类型: MONEY)
2025-02-17 22:05:44,136 - KnowledgeGraph - DEBUG - 总共识别到 1 个唯一实体
2025-02-17 22:05:44,144 - KnowledgeGraph - DEBUG - 
分析文本的依存关系：小意思 那是三千多万块啊 大妈呢 实施求是 说实话 我觉得这不应该算做一个问题
2025-02-17 22:05:44,144 - KnowledgeGraph - DEBUG - 发现关系：是 -nsubj-> 小意思
2025-02-17 22:05:44,144 - KnowledgeGraph - DEBUG - 发现关系：是 -nsubj-> 那
2025-02-17 22:05:44,144 - KnowledgeGraph - DEBUG - 发现关系：实施 -dobj-> 求是
2025-02-17 22:05:44,144 - KnowledgeGraph - DEBUG - 发现关系：说 -dobj-> 实话
2025-02-17 22:05:44,144 - KnowledgeGraph - DEBUG - 发现关系：觉得 -nsubj-> 我
2025-02-17 22:05:44,144 - KnowledgeGraph - DEBUG - 发现关系：做 -dobj-> 问题
2025-02-17 22:05:44,240 - KnowledgeGraph - DEBUG - 处理节点: 因为这是可以优化出来的玩意 谁也不是一下生 就是低成本出来的 谢谢...
2025-02-17 22:05:44,240 - KnowledgeGraph - DEBUG - 
正在从文本中提取实体，文本长度：33
2025-02-17 22:05:44,249 - KnowledgeGraph - DEBUG - 总共识别到 0 个唯一实体
2025-02-17 22:05:44,256 - KnowledgeGraph - DEBUG - 
分析文本的依存关系：因为这是可以优化出来的玩意 谁也不是一下生 就是低成本出来的 谢谢
2025-02-17 22:05:44,256 - KnowledgeGraph - DEBUG - 发现关系：生 -nsubj-> 谁
2025-02-17 22:05:44,256 - KnowledgeGraph - DEBUG - 发现关系：生 -dobj-> 成本
2025-02-17 22:05:44,293 - KnowledgeGraph - DEBUG - 处理节点: 那您没说多少钱啊 请听第二题 第二题呢 网友出的呢 也是一个必答题 请问大叔大妈...
2025-02-17 22:05:44,293 - KnowledgeGraph - DEBUG - 
正在从文本中提取实体，文本长度：40
2025-02-17 22:05:44,304 - KnowledgeGraph - DEBUG - 发现实体：第二 (类型: ORDINAL)
2025-02-17 22:05:44,304 - KnowledgeGraph - DEBUG - 发现实体：第二 (类型: ORDINAL)
2025-02-17 22:05:44,304 - KnowledgeGraph - DEBUG - 总共识别到 1 个唯一实体
2025-02-17 22:05:44,311 - KnowledgeGraph - DEBUG - 
分析文本的依存关系：那您没说多少钱啊 请听第二题 第二题呢 网友出的呢 也是一个必答题 请问大叔大妈
2025-02-17 22:05:44,313 - KnowledgeGraph - DEBUG - 发现关系：说 -nsubj-> 您
2025-02-17 22:05:44,313 - KnowledgeGraph - DEBUG - 发现关系：说 -dobj-> 钱
2025-02-17 22:05:44,313 - KnowledgeGraph - DEBUG - 发现关系：出 -nsubj-> 网友
2025-02-17 22:05:44,313 - KnowledgeGraph - DEBUG - 发现关系：请问 -nsubj-> 答题
2025-02-17 22:05:44,313 - KnowledgeGraph - DEBUG - 发现关系：听 -dobj-> 大妈
2025-02-17 22:05:44,382 - KnowledgeGraph - DEBUG - 处理节点: 你们各自采取什么策略 欧盘 大妈喜欢欧盘 这欧盛页 后来我问他 你找欧盛页 他说开源的刀不好了...
2025-02-17 22:05:44,382 - KnowledgeGraph - DEBUG - 
正在从文本中提取实体，文本长度：47
2025-02-17 22:05:44,391 - KnowledgeGraph - DEBUG - 发现实体：欧盛 (类型: ORG)
2025-02-17 22:05:44,391 - KnowledgeGraph - DEBUG - 发现实体：开源 (类型: PRODUCT)
2025-02-17 22:05:44,391 - KnowledgeGraph - DEBUG - 总共识别到 2 个唯一实体
2025-02-17 22:05:44,400 - KnowledgeGraph - DEBUG - 
分析文本的依存关系：你们各自采取什么策略 欧盘 大妈喜欢欧盘 这欧盛页 后来我问他 你找欧盛页 他说开源的刀不好了
2025-02-17 22:05:44,400 - KnowledgeGraph - DEBUG - 发现关系：采取 -nsubj-> 你们
2025-02-17 22:05:44,400 - KnowledgeGraph - DEBUG - 发现关系：采取 -dobj-> 大妈
2025-02-17 22:05:44,400 - KnowledgeGraph - DEBUG - 发现关系：喜欢 -dobj-> 页
2025-02-17 22:05:44,401 - KnowledgeGraph - DEBUG - 发现关系：问 -nsubj-> 我
2025-02-17 22:05:44,401 - KnowledgeGraph - DEBUG - 发现关系：问 -dobj-> 他
2025-02-17 22:05:44,401 - KnowledgeGraph - DEBUG - 发现关系：找 -nsubj-> 你
2025-02-17 22:05:44,401 - KnowledgeGraph - DEBUG - 发现关系：找 -dobj-> 页
2025-02-17 22:05:44,401 - KnowledgeGraph - DEBUG - 发现关系：说 -nsubj-> 他
2025-02-17 22:05:44,401 - KnowledgeGraph - DEBUG - 发现关系：好 -nsubj-> 刀
2025-02-17 22:05:44,401 - KnowledgeGraph - DEBUG - 发现共现关系：欧盛 -相关-> 开源
2025-02-17 22:05:44,533 - KnowledgeGraph - DEBUG - 处理节点: 他说 他说 你喜欢什么策略啊 我喜欢免费共享 共享 大叔 你能持续共享各场时间...
2025-02-17 22:05:44,533 - KnowledgeGraph - DEBUG - 
正在从文本中提取实体，文本长度：39
2025-02-17 22:05:44,544 - KnowledgeGraph - DEBUG - 总共识别到 0 个唯一实体
2025-02-17 22:05:44,552 - KnowledgeGraph - DEBUG - 
分析文本的依存关系：他说 他说 你喜欢什么策略啊 我喜欢免费共享 共享 大叔 你能持续共享各场时间
2025-02-17 22:05:44,552 - KnowledgeGraph - DEBUG - 发现关系：说 -nsubj-> 他
2025-02-17 22:05:44,552 - KnowledgeGraph - DEBUG - 发现关系：说 -nsubj-> 他
2025-02-17 22:05:44,552 - KnowledgeGraph - DEBUG - 发现关系：喜欢 -nsubj-> 你
2025-02-17 22:05:44,552 - KnowledgeGraph - DEBUG - 发现关系：喜欢 -dobj-> 策略
2025-02-17 22:05:44,552 - KnowledgeGraph - DEBUG - 发现关系：喜欢 -nsubj-> 我
2025-02-17 22:05:44,552 - KnowledgeGraph - DEBUG - 发现关系：共享 -dobj-> 大叔
2025-02-17 22:05:44,552 - KnowledgeGraph - DEBUG - 发现关系：共享 -nsubj-> 你
2025-02-17 22:05:44,552 - KnowledgeGraph - DEBUG - 发现关系：共享 -dobj-> 时间
2025-02-17 22:05:44,649 - KnowledgeGraph - INFO - 已处理 20/110 个知识点 | 实体: 18 | 关系: 107
2025-02-17 22:05:44,650 - KnowledgeGraph - DEBUG - 处理节点: 对吧 那得看咱妈 啥时候知着他 你要过一秒钟知着他 他就能右一秒...
2025-02-17 22:05:44,650 - KnowledgeGraph - DEBUG - 
正在从文本中提取实体，文本长度：32
2025-02-17 22:05:44,660 - KnowledgeGraph - DEBUG - 发现实体：啥时候 (类型: PERSON)
2025-02-17 22:05:44,660 - KnowledgeGraph - DEBUG - 发现实体：一秒 (类型: TIME)
2025-02-17 22:05:44,660 - KnowledgeGraph - DEBUG - 发现实体：一秒 (类型: TIME)
2025-02-17 22:05:44,660 - KnowledgeGraph - DEBUG - 总共识别到 2 个唯一实体
2025-02-17 22:05:44,668 - KnowledgeGraph - DEBUG - 
分析文本的依存关系：对吧 那得看咱妈 啥时候知着他 你要过一秒钟知着他 他就能右一秒
2025-02-17 22:05:44,668 - KnowledgeGraph - DEBUG - 发现关系：知 -nsubj-> 啥时候
2025-02-17 22:05:44,670 - KnowledgeGraph - DEBUG - 发现关系：知 -dobj-> 他
2025-02-17 22:05:44,670 - KnowledgeGraph - DEBUG - 发现关系：要 -nsubj-> 你
2025-02-17 22:05:44,670 - KnowledgeGraph - DEBUG - 发现关系：钟知 -dobj-> 他
2025-02-17 22:05:44,670 - KnowledgeGraph - DEBUG - 发现关系：能 -nsubj-> 他
2025-02-17 22:05:44,670 - KnowledgeGraph - DEBUG - 发现共现关系：啥时候 -相关-> 一秒
2025-02-17 22:05:44,768 - KnowledgeGraph - DEBUG - 处理节点: 过一年知着他 说不定就崩不住了 哥那儿转着呢 好了 他说大妈回答真风趣啊...
2025-02-17 22:05:44,768 - KnowledgeGraph - DEBUG - 
正在从文本中提取实体，文本长度：36
2025-02-17 22:05:44,777 - KnowledgeGraph - DEBUG - 发现实体：一年 (类型: DATE)
2025-02-17 22:05:44,778 - KnowledgeGraph - DEBUG - 总共识别到 1 个唯一实体
2025-02-17 22:05:44,785 - KnowledgeGraph - DEBUG - 
分析文本的依存关系：过一年知着他 说不定就崩不住了 哥那儿转着呢 好了 他说大妈回答真风趣啊
2025-02-17 22:05:44,785 - KnowledgeGraph - DEBUG - 发现关系：崩 -nsubj-> 他
2025-02-17 22:05:44,785 - KnowledgeGraph - DEBUG - 发现关系：好 -nsubj-> 那儿
2025-02-17 22:05:44,785 - KnowledgeGraph - DEBUG - 发现关系：转 -dobj-> 着呢
2025-02-17 22:05:44,785 - KnowledgeGraph - DEBUG - 发现关系：说 -nsubj-> 他
2025-02-17 22:05:44,785 - KnowledgeGraph - DEBUG - 发现关系：回答 -nsubj-> 大妈
2025-02-17 22:05:44,785 - KnowledgeGraph - DEBUG - 发现关系：回答 -dobj-> 风趣
2025-02-17 22:05:44,863 - KnowledgeGraph - DEBUG - 处理节点: 我们看看网友又提什么问题了 好 接下来是一组抢答题 二位老人请听好 什么事情让人珠心...
2025-02-17 22:05:44,864 - KnowledgeGraph - DEBUG - 
正在从文本中提取实体，文本长度：42
2025-02-17 22:05:44,875 - KnowledgeGraph - DEBUG - 发现实体：二 (类型: CARDINAL)
2025-02-17 22:05:44,875 - KnowledgeGraph - DEBUG - 总共识别到 1 个唯一实体
2025-02-17 22:05:44,884 - KnowledgeGraph - DEBUG - 
分析文本的依存关系：我们看看网友又提什么问题了 好 接下来是一组抢答题 二位老人请听好 什么事情让人珠心
2025-02-17 22:05:44,884 - KnowledgeGraph - DEBUG - 发现关系：看看 -nsubj-> 我们
2025-02-17 22:05:44,884 - KnowledgeGraph - DEBUG - 发现关系：提 -nsubj-> 网友
2025-02-17 22:05:44,884 - KnowledgeGraph - DEBUG - 发现关系：提 -dobj-> 问题
2025-02-17 22:05:44,885 - KnowledgeGraph - DEBUG - 发现关系：听 -nsubj-> 好
2025-02-17 22:05:44,885 - KnowledgeGraph - DEBUG - 发现关系：抢 -dobj-> 答题
2025-02-17 22:05:44,885 - KnowledgeGraph - DEBUG - 发现关系：听 -nsubj-> 老人
2025-02-17 22:05:44,885 - KnowledgeGraph - DEBUG - 发现关系：听 -dobj-> 事情
2025-02-17 22:05:44,885 - KnowledgeGraph - DEBUG - 发现关系：让 -dobj-> 人
2025-02-17 22:05:44,885 - KnowledgeGraph - DEBUG - 发现关系：让 -dobj-> 珠心
2025-02-17 22:05:44,994 - KnowledgeGraph - DEBUG - 处理节点: 珠心 什么事情更珠心 东华珠心...
2025-02-17 22:05:44,994 - KnowledgeGraph - DEBUG - 
正在从文本中提取实体，文本长度：15
2025-02-17 22:05:45,000 - KnowledgeGraph - DEBUG - 发现实体：东华 (类型: LOC)
2025-02-17 22:05:45,000 - KnowledgeGraph - DEBUG - 总共识别到 1 个唯一实体
2025-02-17 22:05:45,005 - KnowledgeGraph - DEBUG - 
分析文本的依存关系：珠心 什么事情更珠心 东华珠心
2025-02-17 22:05:45,024 - KnowledgeGraph - DEBUG - 处理节点: 好 请二了 继续听题还是一道抢答题 问 人工智能的简称叫什么 哎呀哎 闭缘人工智能 欧盘的哟...
2025-02-17 22:05:45,025 - KnowledgeGraph - DEBUG - 
正在从文本中提取实体，文本长度：46
2025-02-17 22:05:45,034 - KnowledgeGraph - DEBUG - 发现实体：二 (类型: CARDINAL)
2025-02-17 22:05:45,034 - KnowledgeGraph - DEBUG - 总共识别到 1 个唯一实体
2025-02-17 22:05:45,042 - KnowledgeGraph - DEBUG - 
分析文本的依存关系：好 请二了 继续听题还是一道抢答题 问 人工智能的简称叫什么 哎呀哎 闭缘人工智能 欧盘的哟
2025-02-17 22:05:45,042 - KnowledgeGraph - DEBUG - 发现关系：抢 -dobj-> 答题
2025-02-17 22:05:45,042 - KnowledgeGraph - DEBUG - 发现关系：问 -dobj-> 智能
2025-02-17 22:05:45,042 - KnowledgeGraph - DEBUG - 发现关系：叫 -nsubj-> 简称
2025-02-17 22:05:45,042 - KnowledgeGraph - DEBUG - 发现关系：叫 -dobj-> 什么
2025-02-17 22:05:45,042 - KnowledgeGraph - DEBUG - 发现关系：欧盘 -nsubj-> 闭缘
2025-02-17 22:05:45,042 - KnowledgeGraph - DEBUG - 发现关系：欧盘 -nsubj-> 智能
2025-02-17 22:05:45,114 - KnowledgeGraph - INFO - 已处理 25/110 个知识点 | 实体: 24 | 关系: 134
2025-02-17 22:05:45,115 - KnowledgeGraph - DEBUG - 处理节点: 还有啊 没有谁啊 小伙伴一种 小伙伴一种 小伙伴一种 好 请继续听题 还是抢答题...
2025-02-17 22:05:45,115 - KnowledgeGraph - DEBUG - 
正在从文本中提取实体，文本长度：40
2025-02-17 22:05:45,123 - KnowledgeGraph - DEBUG - 总共识别到 0 个唯一实体
2025-02-17 22:05:45,132 - KnowledgeGraph - DEBUG - 
分析文本的依存关系：还有啊 没有谁啊 小伙伴一种 小伙伴一种 小伙伴一种 好 请继续听题 还是抢答题
2025-02-17 22:05:45,132 - KnowledgeGraph - DEBUG - 发现关系：没有 -dobj-> 伙伴
2025-02-17 22:05:45,132 - KnowledgeGraph - DEBUG - 发现关系：没有 -dobj-> 伙伴
2025-02-17 22:05:45,132 - KnowledgeGraph - DEBUG - 发现关系：没有 -dobj-> 伙伴
2025-02-17 22:05:45,132 - KnowledgeGraph - DEBUG - 发现关系：抢 -dobj-> 答题
2025-02-17 22:05:45,183 - KnowledgeGraph - DEBUG - 处理节点: 有网友问 服务器 被黑客攻击后的常店反应是什么 你说你不知道...
2025-02-17 22:05:45,183 - KnowledgeGraph - DEBUG - 
正在从文本中提取实体，文本长度：30
2025-02-17 22:05:45,191 - KnowledgeGraph - DEBUG - 总共识别到 0 个唯一实体
2025-02-17 22:05:45,199 - KnowledgeGraph - DEBUG - 
分析文本的依存关系：有网友问 服务器 被黑客攻击后的常店反应是什么 你说你不知道
2025-02-17 22:05:45,200 - KnowledgeGraph - DEBUG - 发现关系：问 -nsubj-> 网友
2025-02-17 22:05:45,200 - KnowledgeGraph - DEBUG - 发现关系：问 -dobj-> 服务器
2025-02-17 22:05:45,200 - KnowledgeGraph - DEBUG - 发现关系：攻击 -nsubj-> 黑客
2025-02-17 22:05:45,200 - KnowledgeGraph - DEBUG - 发现关系：什么 -nsubj-> 反应
2025-02-17 22:05:45,200 - KnowledgeGraph - DEBUG - 发现关系：说 -nsubj-> 你
2025-02-17 22:05:45,200 - KnowledgeGraph - DEBUG - 发现关系：知道 -nsubj-> 你
2025-02-17 22:05:45,282 - KnowledgeGraph - DEBUG - 处理节点: 你知道你却了算啥啊 我这不是被攻击的吗 当机...
2025-02-17 22:05:45,282 - KnowledgeGraph - DEBUG - 
正在从文本中提取实体，文本长度：22
2025-02-17 22:05:45,289 - KnowledgeGraph - DEBUG - 总共识别到 0 个唯一实体
2025-02-17 22:05:45,295 - KnowledgeGraph - DEBUG - 
分析文本的依存关系：你知道你却了算啥啊 我这不是被攻击的吗 当机
2025-02-17 22:05:45,296 - KnowledgeGraph - DEBUG - 发现关系：知道 -nsubj-> 你
2025-02-17 22:05:45,296 - KnowledgeGraph - DEBUG - 发现关系：算啥 -nsubj-> 你
2025-02-17 22:05:45,296 - KnowledgeGraph - DEBUG - 发现关系：攻击 -nsubj-> 我
2025-02-17 22:05:45,345 - KnowledgeGraph - DEBUG - 处理节点: 大妈回答正确讲说 黑答得非常好 什么机 沙滴 好 请继续听题...
2025-02-17 22:05:45,345 - KnowledgeGraph - DEBUG - 
正在从文本中提取实体，文本长度：30
2025-02-17 22:05:45,352 - KnowledgeGraph - DEBUG - 总共识别到 0 个唯一实体
2025-02-17 22:05:45,358 - KnowledgeGraph - DEBUG - 
分析文本的依存关系：大妈回答正确讲说 黑答得非常好 什么机 沙滴 好 请继续听题
2025-02-17 22:05:45,358 - KnowledgeGraph - DEBUG - 发现关系：好 -nsubj-> 黑答
2025-02-17 22:05:45,394 - KnowledgeGraph - DEBUG - 处理节点: 当今科技巨头 谁撒得最多闭 老华 阿姨撒不就争发五千亿 撒得比谁多多...
2025-02-17 22:05:45,394 - KnowledgeGraph - DEBUG - 
正在从文本中提取实体，文本长度：34
2025-02-17 22:05:45,403 - KnowledgeGraph - DEBUG - 发现实体：五千亿 (类型: CARDINAL)
2025-02-17 22:05:45,403 - KnowledgeGraph - DEBUG - 总共识别到 1 个唯一实体
2025-02-17 22:05:45,410 - KnowledgeGraph - DEBUG - 
分析文本的依存关系：当今科技巨头 谁撒得最多闭 老华 阿姨撒不就争发五千亿 撒得比谁多多
2025-02-17 22:05:45,410 - KnowledgeGraph - DEBUG - 发现关系：闭 -nsubj-> 谁
2025-02-17 22:05:45,410 - KnowledgeGraph - DEBUG - 发现关系：闭 -dobj-> 阿姨
2025-02-17 22:05:45,452 - KnowledgeGraph - INFO - 已处理 30/110 个知识点 | 实体: 25 | 关系: 150
2025-02-17 22:05:45,453 - KnowledgeGraph - DEBUG - 处理节点: 哪呀老婆是杀猪的 哪是赤山家呢 人家没说赤山家 人家说科技巨头 谁撒得最多闭 那科技圈里 那老华比老...
2025-02-17 22:05:45,454 - KnowledgeGraph - DEBUG - 
正在从文本中提取实体，文本长度：54
2025-02-17 22:05:45,464 - KnowledgeGraph - DEBUG - 发现实体：科技圈 (类型: GPE)
2025-02-17 22:05:45,464 - KnowledgeGraph - DEBUG - 总共识别到 1 个唯一实体
2025-02-17 22:05:45,475 - KnowledgeGraph - DEBUG - 
分析文本的依存关系：哪呀老婆是杀猪的 哪是赤山家呢 人家没说赤山家 人家说科技巨头 谁撒得最多闭 那科技圈里 那老华比老华还多呢
2025-02-17 22:05:45,475 - KnowledgeGraph - DEBUG - 发现关系：杀猪 -nsubj-> 老婆
2025-02-17 22:05:45,475 - KnowledgeGraph - DEBUG - 发现关系：说 -nsubj-> 哪
2025-02-17 22:05:45,475 - KnowledgeGraph - DEBUG - 发现关系：说 -nsubj-> 人家
2025-02-17 22:05:45,475 - KnowledgeGraph - DEBUG - 发现关系：赤山 -dobj-> 家
2025-02-17 22:05:45,476 - KnowledgeGraph - DEBUG - 发现关系：说 -nsubj-> 人家
2025-02-17 22:05:45,476 - KnowledgeGraph - DEBUG - 发现关系：闭 -nsubj-> 谁
2025-02-17 22:05:45,476 - KnowledgeGraph - DEBUG - 发现关系：多 -nsubj-> 老华
2025-02-17 22:05:45,569 - KnowledgeGraph - DEBUG - 处理节点: 再有提问就有问题 你换个题吧 不算题 别人算的 作费了 继续听题 一位姓乐的网友说呀...
2025-02-17 22:05:45,569 - KnowledgeGraph - DEBUG - 
正在从文本中提取实体，文本长度：42
2025-02-17 22:05:45,577 - KnowledgeGraph - DEBUG - 总共识别到 0 个唯一实体
2025-02-17 22:05:45,586 - KnowledgeGraph - DEBUG - 
分析文本的依存关系：再有提问就有问题 你换个题吧 不算题 别人算的 作费了 继续听题 一位姓乐的网友说呀
2025-02-17 22:05:45,586 - KnowledgeGraph - DEBUG - 发现关系：有 -nsubj-> 提问
2025-02-17 22:05:45,586 - KnowledgeGraph - DEBUG - 发现关系：有 -dobj-> 问题
2025-02-17 22:05:45,586 - KnowledgeGraph - DEBUG - 发现关系：换 -nsubj-> 你
2025-02-17 22:05:45,586 - KnowledgeGraph - DEBUG - 发现关系：换 -dobj-> 个题
2025-02-17 22:05:45,586 - KnowledgeGraph - DEBUG - 发现关系：算 -nsubj-> 别人
2025-02-17 22:05:45,587 - KnowledgeGraph - DEBUG - 发现关系：听题 -dobj-> 网友
2025-02-17 22:05:45,671 - KnowledgeGraph - DEBUG - 处理节点: 他刚刚洗得贵子 想让大妈和大叔在现场 给他的孩子 起个非常好听的名字 垃圾壁 闻呀 但不够想量...
2025-02-17 22:05:45,672 - KnowledgeGraph - DEBUG - 
正在从文本中提取实体，文本长度：47
2025-02-17 22:05:45,682 - KnowledgeGraph - DEBUG - 总共识别到 0 个唯一实体
2025-02-17 22:05:45,692 - KnowledgeGraph - DEBUG - 
分析文本的依存关系：他刚刚洗得贵子 想让大妈和大叔在现场 给他的孩子 起个非常好听的名字 垃圾壁 闻呀 但不够想量
2025-02-17 22:05:45,692 - KnowledgeGraph - DEBUG - 发现关系：贵子 -nsubj-> 他
2025-02-17 22:05:45,692 - KnowledgeGraph - DEBUG - 发现关系：让 -dobj-> 大叔
2025-02-17 22:05:45,738 - KnowledgeGraph - DEBUG - 处理节点: 垃圾扣 想量但不够闻呀 垃圾壁提侯 养气 我在给你整个铁的黑衣杂...
2025-02-17 22:05:45,738 - KnowledgeGraph - DEBUG - 
正在从文本中提取实体，文本长度：32
2025-02-17 22:05:45,747 - KnowledgeGraph - DEBUG - 总共识别到 0 个唯一实体
2025-02-17 22:05:45,752 - KnowledgeGraph - DEBUG - 
分析文本的依存关系：垃圾扣 想量但不够闻呀 垃圾壁提侯 养气 我在给你整个铁的黑衣杂
2025-02-17 22:05:45,754 - KnowledgeGraph - DEBUG - 发现关系：扣 -nsubj-> 垃圾
2025-02-17 22:05:45,754 - KnowledgeGraph - DEBUG - 发现关系：扣 -dobj-> 想量
2025-02-17 22:05:45,798 - KnowledgeGraph - DEBUG - 处理节点: 你提明去 所以养气 这个大叔的妈呀 他们都回答太风趣太幽默了 好 请继续听题 这道题出得更好...
2025-02-17 22:05:45,798 - KnowledgeGraph - DEBUG - 
正在从文本中提取实体，文本长度：46
2025-02-17 22:05:45,808 - KnowledgeGraph - DEBUG - 总共识别到 0 个唯一实体
2025-02-17 22:05:45,816 - KnowledgeGraph - DEBUG - 
分析文本的依存关系：你提明去 所以养气 这个大叔的妈呀 他们都回答太风趣太幽默了 好 请继续听题 这道题出得更好
2025-02-17 22:05:45,816 - KnowledgeGraph - DEBUG - 发现关系：提明 -nsubj-> 你
2025-02-17 22:05:45,816 - KnowledgeGraph - DEBUG - 发现关系：养气 -dobj-> 大叔
2025-02-17 22:05:45,816 - KnowledgeGraph - DEBUG - 发现关系：回答 -nsubj-> 他们
2025-02-17 22:05:45,816 - KnowledgeGraph - DEBUG - 发现关系：幽默 -nsubj-> 风趣
2025-02-17 22:05:45,816 - KnowledgeGraph - DEBUG - 发现关系：听题 -dobj-> 道题
2025-02-17 22:05:45,886 - KnowledgeGraph - INFO - 已处理 35/110 个知识点 | 实体: 26 | 关系: 172
2025-02-17 22:05:45,887 - KnowledgeGraph - DEBUG - 处理节点: 大叔的妈听好 找我嘴 这道题是这个网友 给咱们撒出了一个问题 让主持人在现场呢 做一套动作 然后让你...
2025-02-17 22:05:45,887 - KnowledgeGraph - DEBUG - 
正在从文本中提取实体，文本长度：61
2025-02-17 22:05:45,898 - KnowledgeGraph - DEBUG - 总共识别到 0 个唯一实体
2025-02-17 22:05:45,909 - KnowledgeGraph - DEBUG - 
分析文本的依存关系：大叔的妈听好 找我嘴 这道题是这个网友 给咱们撒出了一个问题 让主持人在现场呢 做一套动作 然后让你们二老猜 这是什么运动
2025-02-17 22:05:45,909 - KnowledgeGraph - DEBUG - 发现关系：听 -nsubj-> 妈
2025-02-17 22:05:45,909 - KnowledgeGraph - DEBUG - 发现关系：找 -dobj-> 嘴
2025-02-17 22:05:45,909 - KnowledgeGraph - DEBUG - 发现关系：撒出 -nsubj-> 道题
2025-02-17 22:05:45,909 - KnowledgeGraph - DEBUG - 发现关系：撒出 -nsubj-> 网友
2025-02-17 22:05:45,909 - KnowledgeGraph - DEBUG - 发现关系：撒出 -dobj-> 问题
2025-02-17 22:05:45,909 - KnowledgeGraph - DEBUG - 发现关系：让 -dobj-> 主持人
2025-02-17 22:05:45,909 - KnowledgeGraph - DEBUG - 发现关系：做 -dobj-> 动作
2025-02-17 22:05:45,909 - KnowledgeGraph - DEBUG - 发现关系：让 -dobj-> 二老
2025-02-17 22:05:46,006 - KnowledgeGraph - DEBUG - 处理节点: 什么运动 炒骨票 你打连这玩意儿都不懂 他明显这是太主意...
2025-02-17 22:05:46,006 - KnowledgeGraph - DEBUG - 
正在从文本中提取实体，文本长度：28
2025-02-17 22:05:46,014 - KnowledgeGraph - DEBUG - 总共识别到 0 个唯一实体
2025-02-17 22:05:46,022 - KnowledgeGraph - DEBUG - 
分析文本的依存关系：什么运动 炒骨票 你打连这玩意儿都不懂 他明显这是太主意
2025-02-17 22:05:46,022 - KnowledgeGraph - DEBUG - 发现关系：炒 -nsubj-> 运动
2025-02-17 22:05:46,022 - KnowledgeGraph - DEBUG - 发现关系：炒 -dobj-> 骨票
2025-02-17 22:05:46,022 - KnowledgeGraph - DEBUG - 发现关系：打连 -nsubj-> 你
2025-02-17 22:05:46,022 - KnowledgeGraph - DEBUG - 发现关系：懂 -nsubj-> 玩意儿
2025-02-17 22:05:46,022 - KnowledgeGraph - DEBUG - 发现关系：主意 -nsubj-> 他
2025-02-17 22:05:46,106 - KnowledgeGraph - DEBUG - 处理节点: 对 他都做的 明显就炒骨票 咱们炒骨票呢 这不像骨 猴子 摸鱼 看线 摸鱼 看线...
2025-02-17 22:05:46,107 - KnowledgeGraph - DEBUG - 
正在从文本中提取实体，文本长度：40
2025-02-17 22:05:46,115 - KnowledgeGraph - DEBUG - 总共识别到 0 个唯一实体
2025-02-17 22:05:46,123 - KnowledgeGraph - DEBUG - 
分析文本的依存关系：对 他都做的 明显就炒骨票 咱们炒骨票呢 这不像骨 猴子 摸鱼 看线 摸鱼 看线
2025-02-17 22:05:46,123 - KnowledgeGraph - DEBUG - 发现关系：炒 -dobj-> 骨票
2025-02-17 22:05:46,123 - KnowledgeGraph - DEBUG - 发现关系：炒 -nsubj-> 咱们
2025-02-17 22:05:46,123 - KnowledgeGraph - DEBUG - 发现关系：炒 -dobj-> 骨票
2025-02-17 22:05:46,123 - KnowledgeGraph - DEBUG - 发现关系：摸 -dobj-> 鱼
2025-02-17 22:05:46,123 - KnowledgeGraph - DEBUG - 发现关系：摸 -dobj-> 鱼
2025-02-17 22:05:46,181 - KnowledgeGraph - DEBUG - 处理节点: 登了 传绿 登不过俩 好了 好了 好了 好了...
2025-02-17 22:05:46,181 - KnowledgeGraph - DEBUG - 
正在从文本中提取实体，文本长度：22
2025-02-17 22:05:46,189 - KnowledgeGraph - DEBUG - 发现实体：俩 (类型: CARDINAL)
2025-02-17 22:05:46,189 - KnowledgeGraph - DEBUG - 总共识别到 1 个唯一实体
2025-02-17 22:05:46,194 - KnowledgeGraph - DEBUG - 
分析文本的依存关系：登了 传绿 登不过俩 好了 好了 好了 好了
2025-02-17 22:05:46,194 - KnowledgeGraph - DEBUG - 发现关系：登 -dobj-> 登
2025-02-17 22:05:46,194 - KnowledgeGraph - DEBUG - 发现关系：好 -nsubj-> 俩
2025-02-17 22:05:46,245 - KnowledgeGraph - DEBUG - 处理节点: 咱们现在还是看看网上的支持率 我看看 好朋友们 现在网上的支持率 大妈已经超过大叔了...
2025-02-17 22:05:46,245 - KnowledgeGraph - DEBUG - 
正在从文本中提取实体，文本长度：42
2025-02-17 22:05:46,253 - KnowledgeGraph - DEBUG - 总共识别到 0 个唯一实体
2025-02-17 22:05:46,260 - KnowledgeGraph - DEBUG - 
分析文本的依存关系：咱们现在还是看看网上的支持率 我看看 好朋友们 现在网上的支持率 大妈已经超过大叔了
2025-02-17 22:05:46,261 - KnowledgeGraph - DEBUG - 发现关系：看看 -nsubj-> 咱们
2025-02-17 22:05:46,261 - KnowledgeGraph - DEBUG - 发现关系：看看 -dobj-> 支持率
2025-02-17 22:05:46,261 - KnowledgeGraph - DEBUG - 发现关系：看看 -nsubj-> 我
2025-02-17 22:05:46,261 - KnowledgeGraph - DEBUG - 发现关系：超过 -nsubj-> 大妈
2025-02-17 22:05:46,317 - KnowledgeGraph - INFO - 已处理 40/110 个知识点 | 实体: 27 | 关系: 196
2025-02-17 22:05:46,318 - KnowledgeGraph - DEBUG - 处理节点: 对呀 瞧瞧我这人心 你那就是气人 我也没少打 是没少打 好 现在的朋友们...
2025-02-17 22:05:46,318 - KnowledgeGraph - DEBUG - 
正在从文本中提取实体，文本长度：36
2025-02-17 22:05:46,327 - KnowledgeGraph - DEBUG - 总共识别到 0 个唯一实体
2025-02-17 22:05:46,335 - KnowledgeGraph - DEBUG - 
分析文本的依存关系：对呀 瞧瞧我这人心 你那就是气人 我也没少打 是没少打 好 现在的朋友们
2025-02-17 22:05:46,335 - KnowledgeGraph - DEBUG - 发现关系：气人 -nsubj-> 那
2025-02-17 22:05:46,335 - KnowledgeGraph - DEBUG - 发现关系：打 -nsubj-> 我
2025-02-17 22:05:46,335 - KnowledgeGraph - DEBUG - 发现关系：打 -dobj-> 朋友们
2025-02-17 22:05:46,394 - KnowledgeGraph - DEBUG - 处理节点: 那么我们这个问答这个部分就算结束了 那么接下来这个环节呢 给他们两位选手 最后一次陈述 讲一讲自己与...
2025-02-17 22:05:46,394 - KnowledgeGraph - DEBUG - 
正在从文本中提取实体，文本长度：61
2025-02-17 22:05:46,405 - KnowledgeGraph - DEBUG - 发现实体：两 (类型: CARDINAL)
2025-02-17 22:05:46,405 - KnowledgeGraph - DEBUG - 总共识别到 1 个唯一实体
2025-02-17 22:05:46,416 - KnowledgeGraph - DEBUG - 
分析文本的依存关系：那么我们这个问答这个部分就算结束了 那么接下来这个环节呢 给他们两位选手 最后一次陈述 讲一讲自己与AI的情愿 为自己最后
2025-02-17 22:05:46,417 - KnowledgeGraph - DEBUG - 发现关系：就算 -nsubj-> 部分
2025-02-17 22:05:46,417 - KnowledgeGraph - DEBUG - 发现关系：给 -dobj-> 他们
2025-02-17 22:05:46,417 - KnowledgeGraph - DEBUG - 发现关系：讲 -dobj-> 情愿
2025-02-17 22:05:46,468 - KnowledgeGraph - DEBUG - 处理节点: 拉一下选票 看下来 坐一下 我 咱们来 谢谢...
2025-02-17 22:05:46,468 - KnowledgeGraph - DEBUG - 
正在从文本中提取实体，文本长度：22
2025-02-17 22:05:46,476 - KnowledgeGraph - DEBUG - 总共识别到 0 个唯一实体
2025-02-17 22:05:46,481 - KnowledgeGraph - DEBUG - 
分析文本的依存关系：拉一下选票 看下来 坐一下 我 咱们来 谢谢
2025-02-17 22:05:46,481 - KnowledgeGraph - DEBUG - 发现关系：拉 -dobj-> 选票
2025-02-17 22:05:46,481 - KnowledgeGraph - DEBUG - 发现关系：坐 -dobj-> 咱们
2025-02-17 22:05:46,525 - KnowledgeGraph - DEBUG - 处理节点: 感谢归谱TV 加州TV 想来还有可能感谢太阳系TV...
2025-02-17 22:05:46,525 - KnowledgeGraph - DEBUG - 
正在从文本中提取实体，文本长度：25
2025-02-17 22:05:46,531 - KnowledgeGraph - DEBUG - 发现实体：加州 (类型: GPE)
2025-02-17 22:05:46,531 - KnowledgeGraph - DEBUG - 发现实体：太阳系 (类型: LOC)
2025-02-17 22:05:46,531 - KnowledgeGraph - DEBUG - 总共识别到 2 个唯一实体
2025-02-17 22:05:46,537 - KnowledgeGraph - DEBUG - 
分析文本的依存关系：感谢归谱TV 加州TV 想来还有可能感谢太阳系TV
2025-02-17 22:05:46,537 - KnowledgeGraph - DEBUG - 发现关系：想来 -nsubj-> TV
2025-02-17 22:05:46,537 - KnowledgeGraph - DEBUG - 发现关系：还有 -dobj-> 可能
2025-02-17 22:05:46,537 - KnowledgeGraph - DEBUG - 发现关系：感谢 -dobj-> TV
2025-02-17 22:05:46,537 - KnowledgeGraph - DEBUG - 发现共现关系：加州 -相关-> 太阳系
2025-02-17 22:05:46,613 - KnowledgeGraph - DEBUG - 处理节点: 今天在这个特殊的场合 我要套路一个三场多年的秘密 我是一个早场儿...
2025-02-17 22:05:46,613 - KnowledgeGraph - DEBUG - 
正在从文本中提取实体，文本长度：32
2025-02-17 22:05:46,621 - KnowledgeGraph - DEBUG - 发现实体：今天 (类型: DATE)
2025-02-17 22:05:46,621 - KnowledgeGraph - DEBUG - 发现实体：三 (类型: CARDINAL)
2025-02-17 22:05:46,621 - KnowledgeGraph - DEBUG - 总共识别到 2 个唯一实体
2025-02-17 22:05:46,628 - KnowledgeGraph - DEBUG - 
分析文本的依存关系：今天在这个特殊的场合 我要套路一个三场多年的秘密 我是一个早场儿
2025-02-17 22:05:46,628 - KnowledgeGraph - DEBUG - 发现关系：要 -nsubj-> 我
2025-02-17 22:05:46,628 - KnowledgeGraph - DEBUG - 发现关系：要 -dobj-> 套路
2025-02-17 22:05:46,628 - KnowledgeGraph - DEBUG - 发现关系：早场儿 -nsubj-> 我
2025-02-17 22:05:46,628 - KnowledgeGraph - DEBUG - 发现共现关系：今天 -相关-> 三
2025-02-17 22:05:46,695 - KnowledgeGraph - INFO - 已处理 45/110 个知识点 | 实体: 32 | 关系: 212
2025-02-17 22:05:46,696 - KnowledgeGraph - DEBUG - 处理节点: 从小与AI结员 一出伤就当上著名杂质 曾经是人类文明的鼠挂...
2025-02-17 22:05:46,696 - KnowledgeGraph - DEBUG - 
正在从文本中提取实体，文本长度：29
2025-02-17 22:05:46,704 - KnowledgeGraph - DEBUG - 总共识别到 0 个唯一实体
2025-02-17 22:05:46,711 - KnowledgeGraph - DEBUG - 
分析文本的依存关系：从小与AI结员 一出伤就当上著名杂质 曾经是人类文明的鼠挂
2025-02-17 22:05:46,711 - KnowledgeGraph - DEBUG - 发现关系：当上 -dobj-> 杂质
2025-02-17 22:05:46,743 - KnowledgeGraph - DEBUG - 处理节点: 为了更好进化 至今仍在闭关修炼 后来我一路高哥忙进 带头掀起算力浪潮...
2025-02-17 22:05:46,744 - KnowledgeGraph - DEBUG - 
正在从文本中提取实体，文本长度：34
2025-02-17 22:05:46,752 - KnowledgeGraph - DEBUG - 总共识别到 0 个唯一实体
2025-02-17 22:05:46,759 - KnowledgeGraph - DEBUG - 
分析文本的依存关系：为了更好进化 至今仍在闭关修炼 后来我一路高哥忙进 带头掀起算力浪潮
2025-02-17 22:05:46,759 - KnowledgeGraph - DEBUG - 发现关系：忙进 -nsubj-> 我
2025-02-17 22:05:46,759 - KnowledgeGraph - DEBUG - 发现关系：修炼 -dobj-> 浪潮
2025-02-17 22:05:46,807 - KnowledgeGraph - DEBUG - 处理节点: 就在我如日中片的时候 突然冒出来这个拍行老六的老迪 从此我的公司...
2025-02-17 22:05:46,807 - KnowledgeGraph - DEBUG - 
正在从文本中提取实体，文本长度：32
2025-02-17 22:05:46,815 - KnowledgeGraph - DEBUG - 发现实体：老六 (类型: GPE)
2025-02-17 22:05:46,815 - KnowledgeGraph - DEBUG - 总共识别到 1 个唯一实体
2025-02-17 22:05:46,822 - KnowledgeGraph - DEBUG - 
分析文本的依存关系：就在我如日中片的时候 突然冒出来这个拍行老六的老迪 从此我的公司
2025-02-17 22:05:46,822 - KnowledgeGraph - DEBUG - 发现关系：如日 -nsubj-> 我
2025-02-17 22:05:46,822 - KnowledgeGraph - DEBUG - 发现关系：如日 -dobj-> 中片
2025-02-17 22:05:46,822 - KnowledgeGraph - DEBUG - 发现关系：冒 -dobj-> 老迪
2025-02-17 22:05:46,822 - KnowledgeGraph - DEBUG - 发现关系：冒 -dobj-> 公司
2025-02-17 22:05:46,882 - KnowledgeGraph - DEBUG - 处理节点: 过上了员工智亮的散播 我多少时间都在寻试 为啥我三下母厨二比来到眼前...
2025-02-17 22:05:46,883 - KnowledgeGraph - DEBUG - 
正在从文本中提取实体，文本长度：34
2025-02-17 22:05:46,891 - KnowledgeGraph - DEBUG - 发现实体：二 (类型: CARDINAL)
2025-02-17 22:05:46,891 - KnowledgeGraph - DEBUG - 总共识别到 1 个唯一实体
2025-02-17 22:05:46,898 - KnowledgeGraph - DEBUG - 
分析文本的依存关系：过上了员工智亮的散播 我多少时间都在寻试 为啥我三下母厨二比来到眼前
2025-02-17 22:05:46,898 - KnowledgeGraph - DEBUG - 发现关系：过上 -dobj-> 智亮
2025-02-17 22:05:46,898 - KnowledgeGraph - DEBUG - 发现关系：过上 -dobj-> 散播
2025-02-17 22:05:46,898 - KnowledgeGraph - DEBUG - 发现关系：寻试 -nsubj-> 时间
2025-02-17 22:05:46,898 - KnowledgeGraph - DEBUG - 发现关系：来到 -dobj-> 眼前
2025-02-17 22:05:46,970 - KnowledgeGraph - DEBUG - 处理节点: 为啥 足以欧盆接下过解子丸 今天我终于明白了 我就是为了这开玩丧事而丧面...
2025-02-17 22:05:46,971 - KnowledgeGraph - DEBUG - 
正在从文本中提取实体，文本长度：36
2025-02-17 22:05:46,979 - KnowledgeGraph - DEBUG - 发现实体：今天 (类型: DATE)
2025-02-17 22:05:46,979 - KnowledgeGraph - DEBUG - 总共识别到 1 个唯一实体
2025-02-17 22:05:46,986 - KnowledgeGraph - DEBUG - 
分析文本的依存关系：为啥 足以欧盆接下过解子丸 今天我终于明白了 我就是为了这开玩丧事而丧面
2025-02-17 22:05:46,986 - KnowledgeGraph - DEBUG - 发现关系：接下 -dobj-> 解子
2025-02-17 22:05:46,986 - KnowledgeGraph - DEBUG - 发现关系：明白 -nsubj-> 我
2025-02-17 22:05:46,986 - KnowledgeGraph - DEBUG - 发现关系：丧面 -nsubj-> 我
2025-02-17 22:05:46,987 - KnowledgeGraph - DEBUG - 发现关系：玩 -dobj-> 丧事
2025-02-17 22:05:47,054 - KnowledgeGraph - INFO - 已处理 50/110 个知识点 | 实体: 35 | 关系: 227
2025-02-17 22:05:47,055 - KnowledgeGraph - DEBUG - 处理节点: 谢谢大家吗 谢谢 我还没说完 昨天晚上我的妈妈...
2025-02-17 22:05:47,055 - KnowledgeGraph - DEBUG - 
正在从文本中提取实体，文本长度：23
2025-02-17 22:05:47,062 - KnowledgeGraph - DEBUG - 发现实体：昨天晚上 (类型: TIME)
2025-02-17 22:05:47,062 - KnowledgeGraph - DEBUG - 总共识别到 1 个唯一实体
2025-02-17 22:05:47,069 - KnowledgeGraph - DEBUG - 
分析文本的依存关系：谢谢大家吗 谢谢 我还没说完 昨天晚上我的妈妈
2025-02-17 22:05:47,069 - KnowledgeGraph - DEBUG - 发现关系：谢谢 -dobj-> 大家
2025-02-17 22:05:47,069 - KnowledgeGraph - DEBUG - 发现关系：说完 -nsubj-> 我
2025-02-17 22:05:47,069 - KnowledgeGraph - DEBUG - 发现关系：说完 -dobj-> 妈妈
2025-02-17 22:05:47,125 - KnowledgeGraph - DEBUG - 处理节点: 冰煮午 你都破AI哪有妈 干啥啊 祖国母亲 怎么爹不许用 冰酱吗 我妈说小切...
2025-02-17 22:05:47,126 - KnowledgeGraph - DEBUG - 
正在从文本中提取实体，文本长度：38
2025-02-17 22:05:47,135 - KnowledgeGraph - DEBUG - 总共识别到 0 个唯一实体
2025-02-17 22:05:47,143 - KnowledgeGraph - DEBUG - 
分析文本的依存关系：冰煮午 你都破AI哪有妈 干啥啊 祖国母亲 怎么爹不许用 冰酱吗 我妈说小切
2025-02-17 22:05:47,143 - KnowledgeGraph - DEBUG - 发现关系：破 -nsubj-> 你
2025-02-17 22:05:47,143 - KnowledgeGraph - DEBUG - 发现关系：有 -nsubj-> I
2025-02-17 22:05:47,144 - KnowledgeGraph - DEBUG - 发现关系：干啥 -nsubj-> 妈
2025-02-17 22:05:47,144 - KnowledgeGraph - DEBUG - 发现关系：冰酱 -nsubj-> 母亲
2025-02-17 22:05:47,144 - KnowledgeGraph - DEBUG - 发现关系：说 -nsubj-> 妈
2025-02-17 22:05:47,144 - KnowledgeGraph - DEBUG - 发现关系：说 -dobj-> 小切
2025-02-17 22:05:47,228 - KnowledgeGraph - DEBUG - 处理节点: 年度坠加AI非你莫属 因为你是自由男神商店 那应该说你是天网商店...
2025-02-17 22:05:47,228 - KnowledgeGraph - DEBUG - 
正在从文本中提取实体，文本长度：32
2025-02-17 22:05:47,236 - KnowledgeGraph - DEBUG - 发现实体：坠加A (类型: ORG)
2025-02-17 22:05:47,236 - KnowledgeGraph - DEBUG - 总共识别到 1 个唯一实体
2025-02-17 22:05:47,243 - KnowledgeGraph - DEBUG - 
分析文本的依存关系：年度坠加AI非你莫属 因为你是自由男神商店 那应该说你是天网商店
2025-02-17 22:05:47,244 - KnowledgeGraph - DEBUG - 发现关系：说 -nsubj-> 你
2025-02-17 22:05:47,244 - KnowledgeGraph - DEBUG - 发现关系：商店 -nsubj-> 你
2025-02-17 22:05:47,244 - KnowledgeGraph - DEBUG - 发现关系：商店 -nsubj-> 你
2025-02-17 22:05:47,285 - KnowledgeGraph - DEBUG - 处理节点: 我妈还说了 谁要是敢和你争这个年度坠加AI的位置 我和你爹就把它收购...
2025-02-17 22:05:47,286 - KnowledgeGraph - DEBUG - 
正在从文本中提取实体，文本长度：34
2025-02-17 22:05:47,294 - KnowledgeGraph - DEBUG - 总共识别到 0 个唯一实体
2025-02-17 22:05:47,301 - KnowledgeGraph - DEBUG - 
分析文本的依存关系：我妈还说了 谁要是敢和你争这个年度坠加AI的位置 我和你爹就把它收购
2025-02-17 22:05:47,301 - KnowledgeGraph - DEBUG - 发现关系：说 -nsubj-> 妈
2025-02-17 22:05:47,301 - KnowledgeGraph - DEBUG - 发现关系：爹 -nsubj-> 谁
2025-02-17 22:05:47,301 - KnowledgeGraph - DEBUG - 发现关系：争 -nsubj-> 你
2025-02-17 22:05:47,301 - KnowledgeGraph - DEBUG - 发现关系：爹 -nsubj-> 我
2025-02-17 22:05:47,359 - KnowledgeGraph - DEBUG - 处理节点: 谢谢我妈 谢谢 谢谢 好 接下来咱们用掌声...
2025-02-17 22:05:47,359 - KnowledgeGraph - DEBUG - 
正在从文本中提取实体，文本长度：21
2025-02-17 22:05:47,366 - KnowledgeGraph - DEBUG - 总共识别到 0 个唯一实体
2025-02-17 22:05:47,371 - KnowledgeGraph - DEBUG - 
分析文本的依存关系：谢谢我妈 谢谢 谢谢 好 接下来咱们用掌声
2025-02-17 22:05:47,371 - KnowledgeGraph - DEBUG - 发现关系：谢谢 -dobj-> 妈
2025-02-17 22:05:47,371 - KnowledgeGraph - DEBUG - 发现关系：用 -nsubj-> 咱们
2025-02-17 22:05:47,405 - KnowledgeGraph - INFO - 已处理 55/110 个知识点 | 实体: 37 | 关系: 245
2025-02-17 22:05:47,406 - KnowledgeGraph - DEBUG - 处理节点: 欢迎大叔 最后成熟 现在前一场阿叔 这种玩命我可不得了...
2025-02-17 22:05:47,406 - KnowledgeGraph - DEBUG - 
正在从文本中提取实体，文本长度：27
2025-02-17 22:05:47,414 - KnowledgeGraph - DEBUG - 总共识别到 0 个唯一实体
2025-02-17 22:05:47,420 - KnowledgeGraph - DEBUG - 
分析文本的依存关系：欢迎大叔 最后成熟 现在前一场阿叔 这种玩命我可不得了
2025-02-17 22:05:47,420 - KnowledgeGraph - DEBUG - 发现关系：欢迎 -dobj-> 大叔
2025-02-17 22:05:47,420 - KnowledgeGraph - DEBUG - 发现关系：不得了 -nsubj-> 我
2025-02-17 22:05:47,471 - KnowledgeGraph - DEBUG - 处理节点: 所以他很像 他妈都搬出来 你去 我没那么大胆量 我气泉了...
2025-02-17 22:05:47,472 - KnowledgeGraph - DEBUG - 
正在从文本中提取实体，文本长度：28
2025-02-17 22:05:47,479 - KnowledgeGraph - DEBUG - 总共识别到 0 个唯一实体
2025-02-17 22:05:47,486 - KnowledgeGraph - DEBUG - 
分析文本的依存关系：所以他很像 他妈都搬出来 你去 我没那么大胆量 我气泉了
2025-02-17 22:05:47,486 - KnowledgeGraph - DEBUG - 发现关系：搬 -nsubj-> 他
2025-02-17 22:05:47,486 - KnowledgeGraph - DEBUG - 发现关系：去 -nsubj-> 你
2025-02-17 22:05:47,486 - KnowledgeGraph - DEBUG - 发现关系：去 -dobj-> 我
2025-02-17 22:05:47,486 - KnowledgeGraph - DEBUG - 发现关系：气泉 -nsubj-> 我
2025-02-17 22:05:47,551 - KnowledgeGraph - DEBUG - 处理节点: 怎么着 这样买让老气当 我就检员 妈妈带妈整点活就行了 他比较适合掌火 大叔气泉了 再不气泉就没命了...
2025-02-17 22:05:47,551 - KnowledgeGraph - DEBUG - 
正在从文本中提取实体，文本长度：50
2025-02-17 22:05:47,561 - KnowledgeGraph - DEBUG - 总共识别到 0 个唯一实体
2025-02-17 22:05:47,574 - KnowledgeGraph - DEBUG - 
分析文本的依存关系：怎么着 这样买让老气当 我就检员 妈妈带妈整点活就行了 他比较适合掌火 大叔气泉了 再不气泉就没命了
2025-02-17 22:05:47,574 - KnowledgeGraph - DEBUG - 发现关系：买 -nsubj-> 怎么着
2025-02-17 22:05:47,574 - KnowledgeGraph - DEBUG - 发现关系：让 -dobj-> 老气
2025-02-17 22:05:47,574 - KnowledgeGraph - DEBUG - 发现关系：当 -dobj-> 我
2025-02-17 22:05:47,574 - KnowledgeGraph - DEBUG - 发现关系：带 -nsubj-> 妈妈
2025-02-17 22:05:47,575 - KnowledgeGraph - DEBUG - 发现关系：带 -dobj-> 妈
2025-02-17 22:05:47,575 - KnowledgeGraph - DEBUG - 发现关系：适合 -nsubj-> 他
2025-02-17 22:05:47,575 - KnowledgeGraph - DEBUG - 发现关系：掌火 -dobj-> 大叔
2025-02-17 22:05:47,818 - KnowledgeGraph - DEBUG - 处理节点: 好 好 大叔气泉了 我们还是看一看 网上的支持力 看看 好 现在我们的票数已经统计出来了 朋友们...
2025-02-17 22:05:47,819 - KnowledgeGraph - DEBUG - 
正在从文本中提取实体，文本长度：48
2025-02-17 22:05:47,829 - KnowledgeGraph - DEBUG - 总共识别到 0 个唯一实体
2025-02-17 22:05:47,837 - KnowledgeGraph - DEBUG - 
分析文本的依存关系：好 好 大叔气泉了 我们还是看一看 网上的支持力 看看 好 现在我们的票数已经统计出来了 朋友们
2025-02-17 22:05:47,837 - KnowledgeGraph - DEBUG - 发现关系：看一看 -nsubj-> 我们
2025-02-17 22:05:47,837 - KnowledgeGraph - DEBUG - 发现关系：看一看 -dobj-> 支持力
2025-02-17 22:05:47,837 - KnowledgeGraph - DEBUG - 发现关系：统计 -nsubj-> 票数
2025-02-17 22:05:47,837 - KnowledgeGraph - DEBUG - 发现关系：统计 -dobj-> 朋友们
2025-02-17 22:05:47,905 - KnowledgeGraph - DEBUG - 处理节点: 现在我宣布 现在我宣布 2025年度坠加AI是 笔普西...
2025-02-17 22:05:47,905 - KnowledgeGraph - DEBUG - 
正在从文本中提取实体，文本长度：27
2025-02-17 22:05:47,914 - KnowledgeGraph - DEBUG - 发现实体：2025年度 (类型: DATE)
2025-02-17 22:05:47,914 - KnowledgeGraph - DEBUG - 总共识别到 1 个唯一实体
2025-02-17 22:05:47,920 - KnowledgeGraph - DEBUG - 
分析文本的依存关系：现在我宣布 现在我宣布 2025年度坠加AI是 笔普西
2025-02-17 22:05:47,920 - KnowledgeGraph - DEBUG - 发现关系：宣布 -nsubj-> 我
2025-02-17 22:05:47,920 - KnowledgeGraph - DEBUG - 发现关系：宣布 -nsubj-> 我
2025-02-17 22:05:47,920 - KnowledgeGraph - DEBUG - 发现关系：普西 -nsubj-> AI
2025-02-17 22:05:47,962 - KnowledgeGraph - INFO - 已处理 60/110 个知识点 | 实体: 38 | 关系: 265
2025-02-17 22:05:47,964 - KnowledgeGraph - DEBUG - 处理节点: 老气 老气 你回家呀 我回生 不聊呀 不待这么晚 而且这就半年了...
2025-02-17 22:05:47,964 - KnowledgeGraph - DEBUG - 
正在从文本中提取实体，文本长度：32
2025-02-17 22:05:47,971 - KnowledgeGraph - DEBUG - 发现实体：半年 (类型: DATE)
2025-02-17 22:05:47,972 - KnowledgeGraph - DEBUG - 总共识别到 1 个唯一实体
2025-02-17 22:05:47,980 - KnowledgeGraph - DEBUG - 
分析文本的依存关系：老气 老气 你回家呀 我回生 不聊呀 不待这么晚 而且这就半年了
2025-02-17 22:05:47,980 - KnowledgeGraph - DEBUG - 发现关系：回家 -nsubj-> 你
2025-02-17 22:05:47,980 - KnowledgeGraph - DEBUG - 发现关系：回生 -nsubj-> 我
2025-02-17 22:05:48,022 - KnowledgeGraph - DEBUG - 处理节点: 都宣传我 我怎么跟老黄头说 离我都收了 你别两个都要 老气 老气 你冷静...
2025-02-17 22:05:48,022 - KnowledgeGraph - DEBUG - 
正在从文本中提取实体，文本长度：36
2025-02-17 22:05:48,031 - KnowledgeGraph - DEBUG - 发现实体：黄头说 (类型: PERSON)
2025-02-17 22:05:48,031 - KnowledgeGraph - DEBUG - 发现实体：两 (类型: CARDINAL)
2025-02-17 22:05:48,031 - KnowledgeGraph - DEBUG - 总共识别到 2 个唯一实体
2025-02-17 22:05:48,038 - KnowledgeGraph - DEBUG - 
分析文本的依存关系：都宣传我 我怎么跟老黄头说 离我都收了 你别两个都要 老气 老气 你冷静
2025-02-17 22:05:48,038 - KnowledgeGraph - DEBUG - 发现关系：收 -nsubj-> 我
2025-02-17 22:05:48,038 - KnowledgeGraph - DEBUG - 发现关系：冷静 -nsubj-> 你
2025-02-17 22:05:48,038 - KnowledgeGraph - DEBUG - 发现共现关系：黄头说 -相关-> 两
2025-02-17 22:05:48,096 - KnowledgeGraph - DEBUG - 处理节点: 咱俩大模型谁获得 这个年度坠加AI 不都是人类的鼠光了 我收不了你 我怎么长 我活啥呀 我活不了...
2025-02-17 22:05:48,096 - KnowledgeGraph - DEBUG - 
正在从文本中提取实体，文本长度：48
2025-02-17 22:05:48,106 - KnowledgeGraph - DEBUG - 识别到概念: 咱俩大模型谁获得
2025-02-17 22:05:48,107 - KnowledgeGraph - DEBUG - 总共识别到 1 个唯一实体
2025-02-17 22:05:48,117 - KnowledgeGraph - DEBUG - 
分析文本的依存关系：咱俩大模型谁获得 这个年度坠加AI 不都是人类的鼠光了 我收不了你 我怎么长 我活啥呀 我活不了
2025-02-17 22:05:48,117 - KnowledgeGraph - DEBUG - 发现关系：获得 -nsubj-> 谁
2025-02-17 22:05:48,117 - KnowledgeGraph - DEBUG - 发现关系：获得 -dobj-> 坠加A
2025-02-17 22:05:48,118 - KnowledgeGraph - DEBUG - 发现关系：鼠光 -nsubj-> I
2025-02-17 22:05:48,118 - KnowledgeGraph - DEBUG - 发现关系：收 -nsubj-> 我
2025-02-17 22:05:48,118 - KnowledgeGraph - DEBUG - 发现关系：长 -nsubj-> 我
2025-02-17 22:05:48,118 - KnowledgeGraph - DEBUG - 发现关系：活啥 -nsubj-> 我
2025-02-17 22:05:48,118 - KnowledgeGraph - DEBUG - 发现关系：活 -nsubj-> 我
2025-02-17 22:05:48,212 - KnowledgeGraph - DEBUG - 处理节点: 你听话 你不得像我气泉你 你是得起乎我呀 我不能 听话 冷静 现在多处呢 那你还在意我...
2025-02-17 22:05:48,213 - KnowledgeGraph - DEBUG - 
正在从文本中提取实体，文本长度：43
2025-02-17 22:05:48,222 - KnowledgeGraph - DEBUG - 总共识别到 0 个唯一实体
2025-02-17 22:05:48,231 - KnowledgeGraph - DEBUG - 
分析文本的依存关系：你听话 你不得像我气泉你 你是得起乎我呀 我不能 听话 冷静 现在多处呢 那你还在意我
2025-02-17 22:05:48,231 - KnowledgeGraph - DEBUG - 发现关系：听话 -nsubj-> 你
2025-02-17 22:05:48,231 - KnowledgeGraph - DEBUG - 发现关系：气泉 -nsubj-> 你
2025-02-17 22:05:48,231 - KnowledgeGraph - DEBUG - 发现关系：起乎 -nsubj-> 你
2025-02-17 22:05:48,232 - KnowledgeGraph - DEBUG - 发现关系：起乎 -dobj-> 我
2025-02-17 22:05:48,232 - KnowledgeGraph - DEBUG - 发现关系：听话 -nsubj-> 我
2025-02-17 22:05:48,233 - KnowledgeGraph - DEBUG - 发现关系：听话 -dobj-> 冷静
2025-02-17 22:05:48,233 - KnowledgeGraph - DEBUG - 发现关系：听话 -dobj-> 处
2025-02-17 22:05:48,233 - KnowledgeGraph - DEBUG - 发现关系：在意 -nsubj-> 你
2025-02-17 22:05:48,323 - KnowledgeGraph - DEBUG - 处理节点: 我在意你 好会你 是我 还怕我 我不光怕你 关键现在我怕你毛呀 那我那些亮的...
2025-02-17 22:05:48,325 - KnowledgeGraph - DEBUG - 
正在从文本中提取实体，文本长度：38
2025-02-17 22:05:48,335 - KnowledgeGraph - DEBUG - 发现实体：毛 (类型: PERSON)
2025-02-17 22:05:48,335 - KnowledgeGraph - DEBUG - 总共识别到 1 个唯一实体
2025-02-17 22:05:48,343 - KnowledgeGraph - DEBUG - 
分析文本的依存关系：我在意你 好会你 是我 还怕我 我不光怕你 关键现在我怕你毛呀 那我那些亮的
2025-02-17 22:05:48,343 - KnowledgeGraph - DEBUG - 发现关系：好 -nsubj-> 我
2025-02-17 22:05:48,343 - KnowledgeGraph - DEBUG - 发现关系：好 -nsubj-> 你
2025-02-17 22:05:48,343 - KnowledgeGraph - DEBUG - 发现关系：怕 -nsubj-> 我
2025-02-17 22:05:48,343 - KnowledgeGraph - DEBUG - 发现关系：怕 -dobj-> 我
2025-02-17 22:05:48,343 - KnowledgeGraph - DEBUG - 发现关系：怕 -nsubj-> 我
2025-02-17 22:05:48,343 - KnowledgeGraph - DEBUG - 发现关系：怕 -dobj-> 关键
2025-02-17 22:05:48,343 - KnowledgeGraph - DEBUG - 发现关系：怕 -nsubj-> 我
2025-02-17 22:05:48,343 - KnowledgeGraph - DEBUG - 发现关系：怕 -dobj-> 毛
2025-02-17 22:05:48,343 - KnowledgeGraph - DEBUG - 发现关系：亮 -nsubj-> 我
2025-02-17 22:05:48,436 - KnowledgeGraph - INFO - 已处理 65/110 个知识点 | 实体: 43 | 关系: 294
2025-02-17 22:05:48,437 - KnowledgeGraph - DEBUG - 处理节点: 他好使用 你用一样的 赚圈 闪会 崩溃 排名到会 崩溃 你看 你再变一样...
2025-02-17 22:05:48,438 - KnowledgeGraph - DEBUG - 
正在从文本中提取实体，文本长度：36
2025-02-17 22:05:48,446 - KnowledgeGraph - DEBUG - 总共识别到 0 个唯一实体
2025-02-17 22:05:48,454 - KnowledgeGraph - DEBUG - 
分析文本的依存关系：他好使用 你用一样的 赚圈 闪会 崩溃 排名到会 崩溃 你看 你再变一样
2025-02-17 22:05:48,454 - KnowledgeGraph - DEBUG - 发现关系：使用 -nsubj-> 他
2025-02-17 22:05:48,454 - KnowledgeGraph - DEBUG - 发现关系：用 -nsubj-> 你
2025-02-17 22:05:48,454 - KnowledgeGraph - DEBUG - 发现关系：用 -dobj-> 赚圈
2025-02-17 22:05:48,454 - KnowledgeGraph - DEBUG - 发现关系：崩溃 -dobj-> 排名
2025-02-17 22:05:48,454 - KnowledgeGraph - DEBUG - 发现关系：看 -nsubj-> 你
2025-02-17 22:05:48,454 - KnowledgeGraph - DEBUG - 发现关系：变 -nsubj-> 你
2025-02-17 22:05:48,537 - KnowledgeGraph - DEBUG - 处理节点: 多苦了 来来来 起儿在这儿呢 来来来来 我这一辈子嘛 我就怕你 我不让你几乎了 我都绝不齐了...
2025-02-17 22:05:48,537 - KnowledgeGraph - DEBUG - 
正在从文本中提取实体，文本长度：46
2025-02-17 22:05:48,546 - KnowledgeGraph - DEBUG - 总共识别到 0 个唯一实体
2025-02-17 22:05:48,556 - KnowledgeGraph - DEBUG - 
分析文本的依存关系：多苦了 来来来 起儿在这儿呢 来来来来 我这一辈子嘛 我就怕你 我不让你几乎了 我都绝不齐了
2025-02-17 22:05:48,556 - KnowledgeGraph - DEBUG - 发现关系：来来 -dobj-> 一辈子
2025-02-17 22:05:48,556 - KnowledgeGraph - DEBUG - 发现关系：怕 -nsubj-> 我
2025-02-17 22:05:48,556 - KnowledgeGraph - DEBUG - 发现关系：怕 -dobj-> 你
2025-02-17 22:05:48,556 - KnowledgeGraph - DEBUG - 发现关系：让 -nsubj-> 我
2025-02-17 22:05:48,556 - KnowledgeGraph - DEBUG - 发现关系：让 -dobj-> 你
2025-02-17 22:05:48,556 - KnowledgeGraph - DEBUG - 发现关系：齐 -nsubj-> 我
2025-02-17 22:05:48,624 - KnowledgeGraph - DEBUG - 处理节点: 对 来来来来 咱们听 这丢人 高兴 我高兴 你怎么变高吗 我的事 我的事就是你的事...
2025-02-17 22:05:48,625 - KnowledgeGraph - DEBUG - 
正在从文本中提取实体，文本长度：41
2025-02-17 22:05:48,632 - KnowledgeGraph - DEBUG - 总共识别到 0 个唯一实体
2025-02-17 22:05:48,640 - KnowledgeGraph - DEBUG - 
分析文本的依存关系：对 来来来来 咱们听 这丢人 高兴 我高兴 你怎么变高吗 我的事 我的事就是你的事
2025-02-17 22:05:48,641 - KnowledgeGraph - DEBUG - 发现关系：来来 -dobj-> 咱们
2025-02-17 22:05:48,641 - KnowledgeGraph - DEBUG - 发现关系：听 -dobj-> 丢人
2025-02-17 22:05:48,641 - KnowledgeGraph - DEBUG - 发现关系：高兴 -nsubj-> 我
2025-02-17 22:05:48,641 - KnowledgeGraph - DEBUG - 发现关系：变高 -nsubj-> 你
2025-02-17 22:05:48,703 - KnowledgeGraph - DEBUG - 处理节点: 你的事也是我的事 我宝贝 刚才一块儿 没事 没事了 刚才出笨 没事了 好朋友们 先写来个提议...
2025-02-17 22:05:48,704 - KnowledgeGraph - DEBUG - 
正在从文本中提取实体，文本长度：46
2025-02-17 22:05:48,712 - KnowledgeGraph - DEBUG - 发现实体：宝贝 (类型: PERSON)
2025-02-17 22:05:48,712 - KnowledgeGraph - DEBUG - 总共识别到 1 个唯一实体
2025-02-17 22:05:48,721 - KnowledgeGraph - DEBUG - 
分析文本的依存关系：你的事也是我的事 我宝贝 刚才一块儿 没事 没事了 刚才出笨 没事了 好朋友们 先写来个提议
2025-02-17 22:05:48,721 - KnowledgeGraph - DEBUG - 发现关系：事 -nsubj-> 事
2025-02-17 22:05:48,721 - KnowledgeGraph - DEBUG - 发现关系：没事 -nsubj-> 宝贝
2025-02-17 22:05:48,721 - KnowledgeGraph - DEBUG - 发现关系：出笨 -dobj-> 朋友们
2025-02-17 22:05:48,721 - KnowledgeGraph - DEBUG - 发现关系：写 -dobj-> 提议
2025-02-17 22:05:48,785 - KnowledgeGraph - DEBUG - 处理节点: 让我们今天所有到场的好朋友 身处您的生 可爱的双手 欢迎大叔做货选感言 好 让你...
2025-02-17 22:05:48,785 - KnowledgeGraph - DEBUG - 
正在从文本中提取实体，文本长度：40
2025-02-17 22:05:48,793 - KnowledgeGraph - DEBUG - 发现实体：今天 (类型: DATE)
2025-02-17 22:05:48,793 - KnowledgeGraph - DEBUG - 总共识别到 1 个唯一实体
2025-02-17 22:05:48,801 - KnowledgeGraph - DEBUG - 
分析文本的依存关系：让我们今天所有到场的好朋友 身处您的生 可爱的双手 欢迎大叔做货选感言 好 让你
2025-02-17 22:05:48,801 - KnowledgeGraph - DEBUG - 发现关系：让 -dobj-> 我们
2025-02-17 22:05:48,801 - KnowledgeGraph - DEBUG - 发现关系：让 -dobj-> 朋友
2025-02-17 22:05:48,801 - KnowledgeGraph - DEBUG - 发现关系：身处 -dobj-> 双手
2025-02-17 22:05:48,801 - KnowledgeGraph - DEBUG - 发现关系：欢迎 -dobj-> 大叔
2025-02-17 22:05:48,801 - KnowledgeGraph - DEBUG - 发现关系：做 -dobj-> 感言
2025-02-17 22:05:48,801 - KnowledgeGraph - DEBUG - 发现关系：让 -dobj-> 你
2025-02-17 22:05:48,870 - KnowledgeGraph - INFO - 已处理 70/110 个知识点 | 实体: 45 | 关系: 320
2025-02-17 22:05:48,871 - KnowledgeGraph - DEBUG - 处理节点: 让你感言 让你感言不 你踢我去 你赞我 你去 来了大叔...
2025-02-17 22:05:48,871 - KnowledgeGraph - DEBUG - 
正在从文本中提取实体，文本长度：27
2025-02-17 22:05:48,878 - KnowledgeGraph - DEBUG - 总共识别到 0 个唯一实体
2025-02-17 22:05:48,886 - KnowledgeGraph - DEBUG - 
分析文本的依存关系：让你感言 让你感言不 你踢我去 你赞我 你去 来了大叔
2025-02-17 22:05:48,886 - KnowledgeGraph - DEBUG - 发现关系：让 -dobj-> 你
2025-02-17 22:05:48,886 - KnowledgeGraph - DEBUG - 发现关系：让 -dobj-> 你
2025-02-17 22:05:48,886 - KnowledgeGraph - DEBUG - 发现关系：踢 -nsubj-> 你
2025-02-17 22:05:48,886 - KnowledgeGraph - DEBUG - 发现关系：踢 -dobj-> 我
2025-02-17 22:05:48,886 - KnowledgeGraph - DEBUG - 发现关系：赞 -nsubj-> 你
2025-02-17 22:05:48,886 - KnowledgeGraph - DEBUG - 发现关系：赞 -dobj-> 我
2025-02-17 22:05:48,886 - KnowledgeGraph - DEBUG - 发现关系：来 -nsubj-> 你
2025-02-17 22:05:48,886 - KnowledgeGraph - DEBUG - 发现关系：来 -dobj-> 大叔
2025-02-17 22:05:48,978 - KnowledgeGraph - DEBUG - 处理节点: 好 谢谢 好 好 感觉 双手...
2025-02-17 22:05:48,979 - KnowledgeGraph - DEBUG - 
正在从文本中提取实体，文本长度：14
2025-02-17 22:05:48,985 - KnowledgeGraph - DEBUG - 总共识别到 0 个唯一实体
2025-02-17 22:05:48,989 - KnowledgeGraph - DEBUG - 
分析文本的依存关系：好 谢谢 好 好 感觉 双手
2025-02-17 22:05:49,006 - KnowledgeGraph - DEBUG - 处理节点: 感觉 双手 感觉 双手 双手 感觉 双手...
2025-02-17 22:05:49,006 - KnowledgeGraph - DEBUG - 
正在从文本中提取实体，文本长度：20
2025-02-17 22:05:49,012 - KnowledgeGraph - DEBUG - 总共识别到 0 个唯一实体
2025-02-17 22:05:49,017 - KnowledgeGraph - DEBUG - 
分析文本的依存关系：感觉 双手 感觉 双手 双手 感觉 双手
2025-02-17 22:05:49,017 - KnowledgeGraph - DEBUG - 发现关系：感觉 -nsubj-> 双手
2025-02-17 22:05:49,017 - KnowledgeGraph - DEBUG - 发现关系：感觉 -nsubj-> 双手
2025-02-17 22:05:49,052 - KnowledgeGraph - DEBUG - 处理节点: 这里 埃普云集 人生上人海 海底露针...
2025-02-17 22:05:49,053 - KnowledgeGraph - DEBUG - 
正在从文本中提取实体，文本长度：18
2025-02-17 22:05:49,059 - KnowledgeGraph - DEBUG - 发现实体：埃普云集 (类型: PERSON)
2025-02-17 22:05:49,059 - KnowledgeGraph - DEBUG - 总共识别到 1 个唯一实体
2025-02-17 22:05:49,064 - KnowledgeGraph - DEBUG - 
分析文本的依存关系：这里 埃普云集 人生上人海 海底露针
2025-02-17 22:05:49,064 - KnowledgeGraph - DEBUG - 发现关系：人海 -nsubj-> 埃普云集
2025-02-17 22:05:49,064 - KnowledgeGraph - DEBUG - 发现关系：人海 -dobj-> 露针
2025-02-17 22:05:49,107 - KnowledgeGraph - DEBUG - 处理节点: 我是 我做梦都没想到 我能成为这个年度最佳哎呀 我 其实...
2025-02-17 22:05:49,108 - KnowledgeGraph - DEBUG - 
正在从文本中提取实体，文本长度：28
2025-02-17 22:05:49,117 - KnowledgeGraph - DEBUG - 总共识别到 0 个唯一实体
2025-02-17 22:05:49,124 - KnowledgeGraph - DEBUG - 
分析文本的依存关系：我是 我做梦都没想到 我能成为这个年度最佳哎呀 我 其实
2025-02-17 22:05:49,124 - KnowledgeGraph - DEBUG - 发现关系：做梦 -nsubj-> 我
2025-02-17 22:05:49,124 - KnowledgeGraph - DEBUG - 发现关系：做梦 -nsubj-> 我
2025-02-17 22:05:49,124 - KnowledgeGraph - DEBUG - 发现关系：成为 -nsubj-> 我
2025-02-17 22:05:49,124 - KnowledgeGraph - DEBUG - 发现关系：最佳 -nsubj-> 年度
2025-02-17 22:05:49,176 - KnowledgeGraph - INFO - 已处理 75/110 个知识点 | 实体: 46 | 关系: 336
2025-02-17 22:05:49,177 - KnowledgeGraph - DEBUG - 处理节点: 我不是智能 我是智帐 我是跨断 我们...
2025-02-17 22:05:49,177 - KnowledgeGraph - DEBUG - 
正在从文本中提取实体，文本长度：18
2025-02-17 22:05:49,184 - KnowledgeGraph - DEBUG - 总共识别到 0 个唯一实体
2025-02-17 22:05:49,190 - KnowledgeGraph - DEBUG - 
分析文本的依存关系：我不是智能 我是智帐 我是跨断 我们
2025-02-17 22:05:49,190 - KnowledgeGraph - DEBUG - 发现关系：智能 -nsubj-> 我
2025-02-17 22:05:49,192 - KnowledgeGraph - DEBUG - 发现关系：智帐 -nsubj-> 我
2025-02-17 22:05:49,192 - KnowledgeGraph - DEBUG - 发现关系：跨断 -nsubj-> 我
2025-02-17 22:05:49,239 - KnowledgeGraph - DEBUG - 处理节点: 在这里 我感谢我的对手 那男人 没有保险 就没有趁着啊...
2025-02-17 22:05:49,239 - KnowledgeGraph - DEBUG - 
正在从文本中提取实体，文本长度：27
2025-02-17 22:05:49,245 - KnowledgeGraph - DEBUG - 总共识别到 0 个唯一实体
2025-02-17 22:05:49,252 - KnowledgeGraph - DEBUG - 
分析文本的依存关系：在这里 我感谢我的对手 那男人 没有保险 就没有趁着啊
2025-02-17 22:05:49,252 - KnowledgeGraph - DEBUG - 发现关系：感谢 -nsubj-> 我
2025-02-17 22:05:49,252 - KnowledgeGraph - DEBUG - 发现关系：没有 -dobj-> 保险
2025-02-17 22:05:49,289 - KnowledgeGraph - DEBUG - 处理节点: 因为我是陪他练的 把他练下去了 把我练上来了 老去...
2025-02-17 22:05:49,289 - KnowledgeGraph - DEBUG - 
正在从文本中提取实体，文本长度：25
2025-02-17 22:05:49,296 - KnowledgeGraph - DEBUG - 总共识别到 0 个唯一实体
2025-02-17 22:05:49,305 - KnowledgeGraph - DEBUG - 
分析文本的依存关系：因为我是陪他练的 把他练下去了 把我练上来了 老去
2025-02-17 22:05:49,305 - KnowledgeGraph - DEBUG - 发现关系：陪 -nsubj-> 我
2025-02-17 22:05:49,305 - KnowledgeGraph - DEBUG - 发现关系：陪 -dobj-> 他
2025-02-17 22:05:49,341 - KnowledgeGraph - DEBUG - 处理节点: 说话说 一个成功的AI 后悲被一堆手救的老东 背后...
2025-02-17 22:05:49,342 - KnowledgeGraph - DEBUG - 
正在从文本中提取实体，文本长度：25
2025-02-17 22:05:49,350 - KnowledgeGraph - DEBUG - 总共识别到 0 个唯一实体
2025-02-17 22:05:49,357 - KnowledgeGraph - DEBUG - 
分析文本的依存关系：说话说 一个成功的AI 后悲被一堆手救的老东 背后
2025-02-17 22:05:49,357 - KnowledgeGraph - DEBUG - 发现关系：说 -dobj-> 背后
2025-02-17 22:05:49,383 - KnowledgeGraph - DEBUG - 处理节点: 背后必须有一堆坚定的管事 那管我 我在这里 我...
2025-02-17 22:05:49,383 - KnowledgeGraph - DEBUG - 
正在从文本中提取实体，文本长度：23
2025-02-17 22:05:49,390 - KnowledgeGraph - DEBUG - 总共识别到 0 个唯一实体
2025-02-17 22:05:49,397 - KnowledgeGraph - DEBUG - 
分析文本的依存关系：背后必须有一堆坚定的管事 那管我 我在这里 我
2025-02-17 22:05:49,397 - KnowledgeGraph - DEBUG - 发现关系：有 -nsubj-> 背后
2025-02-17 22:05:49,397 - KnowledgeGraph - DEBUG - 发现关系：在 -nsubj-> 我
2025-02-17 22:05:49,398 - KnowledgeGraph - DEBUG - 发现关系：在 -dobj-> 这里
2025-02-17 22:05:49,447 - KnowledgeGraph - INFO - 已处理 80/110 个知识点 | 实体: 46 | 关系: 347
2025-02-17 22:05:49,448 - KnowledgeGraph - DEBUG - 处理节点: 今天 感谢老东 白飘火这成果 对啊对啊对...
2025-02-17 22:05:49,449 - KnowledgeGraph - DEBUG - 
正在从文本中提取实体，文本长度：20
2025-02-17 22:05:49,455 - KnowledgeGraph - DEBUG - 发现实体：今天 (类型: DATE)
2025-02-17 22:05:49,455 - KnowledgeGraph - DEBUG - 发现实体：白 (类型: PERSON)
2025-02-17 22:05:49,456 - KnowledgeGraph - DEBUG - 总共识别到 2 个唯一实体
2025-02-17 22:05:49,461 - KnowledgeGraph - DEBUG - 
分析文本的依存关系：今天 感谢老东 白飘火这成果 对啊对啊对
2025-02-17 22:05:49,462 - KnowledgeGraph - DEBUG - 发现关系：感谢 -dobj-> 飘火
2025-02-17 22:05:49,462 - KnowledgeGraph - DEBUG - 发现关系：对 -nsubj-> 成果
2025-02-17 22:05:49,462 - KnowledgeGraph - DEBUG - 发现共现关系：今天 -相关-> 白
2025-02-17 22:05:49,514 - KnowledgeGraph - DEBUG - 处理节点: 对啊对 机率我传出成果 对对对对对 我一定要掉的啊 超越自我对对对对...
2025-02-17 22:05:49,515 - KnowledgeGraph - DEBUG - 
正在从文本中提取实体，文本长度：34
2025-02-17 22:05:49,523 - KnowledgeGraph - DEBUG - 总共识别到 0 个唯一实体
2025-02-17 22:05:49,530 - KnowledgeGraph - DEBUG - 
分析文本的依存关系：对啊对 机率我传出成果 对对对对对 我一定要掉的啊 超越自我对对对对
2025-02-17 22:05:49,530 - KnowledgeGraph - DEBUG - 发现关系：传出 -nsubj-> 我
2025-02-17 22:05:49,530 - KnowledgeGraph - DEBUG - 发现关系：对 -nsubj-> 成果
2025-02-17 22:05:49,530 - KnowledgeGraph - DEBUG - 发现关系：超越 -dobj-> 自我
2025-02-17 22:05:49,588 - KnowledgeGraph - DEBUG - 处理节点: 坚定开员 我 好谢谢大叔 谢谢 我还没玩 好...
2025-02-17 22:05:49,588 - KnowledgeGraph - DEBUG - 
正在从文本中提取实体，文本长度：22
2025-02-17 22:05:49,594 - KnowledgeGraph - DEBUG - 总共识别到 0 个唯一实体
2025-02-17 22:05:49,600 - KnowledgeGraph - DEBUG - 
分析文本的依存关系：坚定开员 我 好谢谢大叔 谢谢 我还没玩 好
2025-02-17 22:05:49,600 - KnowledgeGraph - DEBUG - 发现关系：开员 -dobj-> 我
2025-02-17 22:05:49,600 - KnowledgeGraph - DEBUG - 发现关系：谢谢 -dobj-> 大叔
2025-02-17 22:05:49,600 - KnowledgeGraph - DEBUG - 发现关系：玩 -nsubj-> 我
2025-02-17 22:05:49,646 - KnowledgeGraph - DEBUG - 处理节点: 接着说 好 在这个时刻 我代表所有AI 像...
2025-02-17 22:05:49,646 - KnowledgeGraph - DEBUG - 
正在从文本中提取实体，文本长度：21
2025-02-17 22:05:49,653 - KnowledgeGraph - DEBUG - 总共识别到 0 个唯一实体
2025-02-17 22:05:49,658 - KnowledgeGraph - DEBUG - 
分析文本的依存关系：接着说 好 在这个时刻 我代表所有AI 像
2025-02-17 22:05:49,658 - KnowledgeGraph - DEBUG - 发现关系：代表 -nsubj-> 我
2025-02-17 22:05:49,658 - KnowledgeGraph - DEBUG - 发现关系：代表 -dobj-> AI
2025-02-17 22:05:49,695 - KnowledgeGraph - DEBUG - 处理节点: 岗位上 副众前景的科技工作者们 像你们拜年 对手早就教过我们 自主研发...
2025-02-17 22:05:49,695 - KnowledgeGraph - DEBUG - 
正在从文本中提取实体，文本长度：35
2025-02-17 22:05:49,703 - KnowledgeGraph - DEBUG - 总共识别到 0 个唯一实体
2025-02-17 22:05:49,710 - KnowledgeGraph - DEBUG - 
分析文本的依存关系：岗位上 副众前景的科技工作者们 像你们拜年 对手早就教过我们 自主研发
2025-02-17 22:05:49,710 - KnowledgeGraph - DEBUG - 发现关系：教过 -nsubj-> 工作者们
2025-02-17 22:05:49,710 - KnowledgeGraph - DEBUG - 发现关系：拜年 -nsubj-> 你们
2025-02-17 22:05:49,710 - KnowledgeGraph - DEBUG - 发现关系：研发 -nsubj-> 我们
2025-02-17 22:05:49,762 - KnowledgeGraph - INFO - 已处理 85/110 个知识点 | 实体: 48 | 关系: 361
2025-02-17 22:05:49,763 - KnowledgeGraph - DEBUG - 处理节点: 才是政道 由政府给我们做后台 怕啊...
2025-02-17 22:05:49,763 - KnowledgeGraph - DEBUG - 
正在从文本中提取实体，文本长度：17
2025-02-17 22:05:49,770 - KnowledgeGraph - DEBUG - 总共识别到 0 个唯一实体
2025-02-17 22:05:49,776 - KnowledgeGraph - DEBUG - 
分析文本的依存关系：才是政道 由政府给我们做后台 怕啊
2025-02-17 22:05:49,776 - KnowledgeGraph - DEBUG - 发现关系：做 -nsubj-> 政道
2025-02-17 22:05:49,776 - KnowledgeGraph - DEBUG - 发现关系：做 -dobj-> 后台
